Using pre-set license
Built from '2020.3/staging' branch; Version is '2020.3.20f1 (41c4e627c95f) revision 4310246'; Using compiler version '192528614'; Build Type 'Release'
OS: 'Windows 10 Home; OS build 19043.1466; Version 2009; 64bit' Language: 'de' Physical Memory: 16269 MB
BatchMode: 1, IsHumanControllingUs: 0, StartBugReporterOnCrash: 0, Is64bit: 1, IsPro: 0

COMMAND LINE ARGUMENTS:
C:\Program Files\Unity\Hub\Editor\2020.3.20f1\Editor\Unity.exe
-adb2
-batchMode
-noUpm
-name
AssetImportWorker0
-projectPath
C:/Users/synac/Desktop/Creating Games v2/OMN/Omn
-logFile
Logs/AssetImportWorker0.log
-srvPort
1573
Successfully changed project path to: C:/Users/synac/Desktop/Creating Games v2/OMN/Omn
C:/Users/synac/Desktop/Creating Games v2/OMN/Omn
Using Asset Import Pipeline V2.
Refreshing native plugins compatible for Editor in 899.71 ms, found 5 plugins.
Preloading 0 native plugins for Editor in 0.00 ms.
Initialize engine version: 2020.3.20f1 (41c4e627c95f)
[Subsystems] Discovering subsystems at path C:/Program Files/Unity/Hub/Editor/2020.3.20f1/Editor/Data/Resources/UnitySubsystems
[Subsystems] Discovering subsystems at path C:/Users/synac/Desktop/Creating Games v2/OMN/Omn/Assets
GfxDevice: creating device client; threaded=0
Direct3D:
    Version:  Direct3D 11.0 [level 11.0]
    Renderer: NVIDIA GeForce 610M (ID=0x1058)
    Vendor:   
    VRAM:     2000 MB
    Driver:   23.21.13.8873
Initialize mono
Mono path[0] = 'C:/Program Files/Unity/Hub/Editor/2020.3.20f1/Editor/Data/Managed'
Mono path[1] = 'C:/Program Files/Unity/Hub/Editor/2020.3.20f1/Editor/Data/MonoBleedingEdge/lib/mono/unityjit'
Mono config path = 'C:/Program Files/Unity/Hub/Editor/2020.3.20f1/Editor/Data/MonoBleedingEdge/etc'
Using monoOptions --debugger-agent=transport=dt_socket,embedding=1,server=y,suspend=n,address=127.0.0.1:56140
Begin MonoManager ReloadAssembly
Registering precompiled unity dll's ...
Register platform support module: C:/Program Files/Unity/Hub/Editor/2020.3.20f1/Editor/Data/PlaybackEngines/WindowsStandaloneSupport/UnityEditor.WindowsStandalone.Extensions.dll
Registered in 0.006857 seconds.
Native extension for WindowsStandalone target not found
Refreshing native plugins compatible for Editor in 389.10 ms, found 5 plugins.
Preloading 0 native plugins for Editor in 0.00 ms.
Mono: successfully reloaded assembly
- Completed reload, in  6.231 seconds
Domain Reload Profiling:
	ReloadAssembly (6231ms)
		BeginReloadAssembly (139ms)
			ExecutionOrderSort (0ms)
			DisableScriptedObjects (0ms)
			BackupInstance (0ms)
			ReleaseScriptingObjects (0ms)
			CreateAndSetChildDomain (1ms)
		EndReloadAssembly (1591ms)
			LoadAssemblies (132ms)
			RebuildTransferFunctionScriptingTraits (0ms)
			SetupTypeCache (508ms)
			ReleaseScriptCaches (0ms)
			RebuildScriptCaches (83ms)
			SetupLoadedEditorAssemblies (811ms)
				LogAssemblyErrors (0ms)
				InitializePlatformSupportModulesInManaged (14ms)
				SetLoadedEditorAssemblies (1ms)
				RefreshPlugins (389ms)
				BeforeProcessingInitializeOnLoad (56ms)
				ProcessInitializeOnLoadAttributes (281ms)
				ProcessInitializeOnLoadMethodAttributes (69ms)
				AfterProcessingInitializeOnLoad (0ms)
				EditorAssembliesLoaded (1ms)
			ExecutionOrderSort2 (0ms)
			AwakeInstancesAfterBackupRestoration (0ms)
Platform modules already initialized, skipping
Registering precompiled user dll's ...
Registered in 0.014214 seconds.
Begin MonoManager ReloadAssembly
Native extension for WindowsStandalone target not found
Refreshing native plugins compatible for Editor in 478.46 ms, found 5 plugins.
Preloading 0 native plugins for Editor in 0.00 ms.
Mono: successfully reloaded assembly
- Completed reload, in  3.972 seconds
Domain Reload Profiling:
	ReloadAssembly (3974ms)
		BeginReloadAssembly (421ms)
			ExecutionOrderSort (0ms)
			DisableScriptedObjects (16ms)
			BackupInstance (0ms)
			ReleaseScriptingObjects (0ms)
			CreateAndSetChildDomain (44ms)
		EndReloadAssembly (3313ms)
			LoadAssemblies (268ms)
			RebuildTransferFunctionScriptingTraits (0ms)
			SetupTypeCache (924ms)
			ReleaseScriptCaches (1ms)
			RebuildScriptCaches (288ms)
			SetupLoadedEditorAssemblies (1458ms)
				LogAssemblyErrors (0ms)
				InitializePlatformSupportModulesInManaged (16ms)
				SetLoadedEditorAssemblies (0ms)
				RefreshPlugins (479ms)
				BeforeProcessingInitializeOnLoad (302ms)
				ProcessInitializeOnLoadAttributes (613ms)
				ProcessInitializeOnLoadMethodAttributes (24ms)
				AfterProcessingInitializeOnLoad (24ms)
				EditorAssembliesLoaded (0ms)
			ExecutionOrderSort2 (0ms)
			AwakeInstancesAfterBackupRestoration (14ms)
Platform modules already initialized, skipping
========================================================================
Worker process is ready to serve import requests
Launched and connected shader compiler UnityShaderCompiler.exe after 0.17 seconds
Refreshing native plugins compatible for Editor in 1.62 ms, found 5 plugins.
Preloading 0 native plugins for Editor in 0.00 ms.
Unloading 4063 Unused Serialized files (Serialized files now loaded: 0)
System memory in use before: 215.9 MB.
System memory in use after: 215.2 MB.

Unloading 29 unused Assets to reduce memory usage. Loaded Objects now: 4524.
Total: 10.302400 ms (FindLiveObjects: 1.403700 ms CreateObjectMapping: 1.266800 ms MarkObjects: 6.877200 ms  DeleteObjects: 0.752300 ms)

AssetImportParameters requested are different than current active one (requested -> active):
  custom:framework-win-MediaFoundation: 216162199b28c13a410421893ffa2e32 -> 
  custom:video-decoder-ogg-theora: a1e56fd34408186e4bbccfd4996cb3dc -> 
  custom:container-muxer-webm: aa71ff27fc2769a1b78a27578f13a17b -> 
  custom:container-demuxer-webm: 4f35f7cbe854078d1ac9338744f61a02 -> 
  custom:container-demuxer-ogg: 62fdf1f143b41e24485cea50d1cbac27 -> 
  custom:video-encoder-webm-vp8: eb34c28f22e8b96e1ab97ce403110664 -> 
  custom:video-decoder-webm-vp8: 9c59270c3fd7afecdb556c50c9e8de78 -> 
  custom:audio-decoder-ogg-vorbis: bf7c407c2cedff20999df2af8eb42d56 -> 
  custom:audio-encoder-webm-vorbis: bf7c407c2cedff20999df2af8eb42d56 -> 
========================================================================
Received Import Request.
  path: Assets/Scenes/OtherLever.unity
  artifactKey: Guid(c74bbdb3386a2794f9f197c785953633) Importer(815301076,1909f56bfc062723c751e8b465ee728b)
Start importing Assets/Scenes/OtherLever.unity using Guid(c74bbdb3386a2794f9f197c785953633) Importer(815301076,1909f56bfc062723c751e8b465ee728b)  -> (artifact id: 'd77ffecd3044eb17e40cfc4504840b2c') in 0.063248 seconds 
  Import took 0.080076 seconds .

========================================================================
Received Prepare
Registering precompiled user dll's ...
Registered in 0.016848 seconds.
Begin MonoManager ReloadAssembly
Native extension for WindowsStandalone target not found
Refreshing native plugins compatible for Editor in 2.13 ms, found 5 plugins.
Preloading 0 native plugins for Editor in 0.00 ms.
Mono: successfully reloaded assembly
- Completed reload, in  2.917 seconds
Domain Reload Profiling:
	ReloadAssembly (2917ms)
		BeginReloadAssembly (253ms)
			ExecutionOrderSort (0ms)
			DisableScriptedObjects (8ms)
			BackupInstance (0ms)
			ReleaseScriptingObjects (0ms)
			CreateAndSetChildDomain (65ms)
		EndReloadAssembly (2532ms)
			LoadAssemblies (224ms)
			RebuildTransferFunctionScriptingTraits (0ms)
			SetupTypeCache (1124ms)
			ReleaseScriptCaches (2ms)
			RebuildScriptCaches (154ms)
			SetupLoadedEditorAssemblies (777ms)
				LogAssemblyErrors (0ms)
				InitializePlatformSupportModulesInManaged (9ms)
				SetLoadedEditorAssemblies (1ms)
				RefreshPlugins (2ms)
				BeforeProcessingInitializeOnLoad (281ms)
				ProcessInitializeOnLoadAttributes (449ms)
				ProcessInitializeOnLoadMethodAttributes (18ms)
				AfterProcessingInitializeOnLoad (17ms)
				EditorAssembliesLoaded (0ms)
			ExecutionOrderSort2 (0ms)
			AwakeInstancesAfterBackupRestoration (17ms)
Platform modules already initialized, skipping
Refreshing native plugins compatible for Editor in 1.98 ms, found 5 plugins.
Preloading 0 native plugins for Editor in 0.00 ms.
Unloading 3889 Unused Serialized files (Serialized files now loaded: 0)
System memory in use before: 198.9 MB.
System memory in use after: 198.2 MB.

Unloading 24 unused Assets to reduce memory usage. Loaded Objects now: 4526.
Total: 7.745200 ms (FindLiveObjects: 0.527500 ms CreateObjectMapping: 0.355100 ms MarkObjects: 6.087500 ms  DeleteObjects: 0.772600 ms)

AssetImportParameters requested are different than current active one (requested -> active):
  custom:framework-win-MediaFoundation: 216162199b28c13a410421893ffa2e32 -> 
  custom:video-decoder-ogg-theora: a1e56fd34408186e4bbccfd4996cb3dc -> 
  custom:container-muxer-webm: aa71ff27fc2769a1b78a27578f13a17b -> 
  custom:container-demuxer-webm: 4f35f7cbe854078d1ac9338744f61a02 -> 
  custom:container-demuxer-ogg: 62fdf1f143b41e24485cea50d1cbac27 -> 
  custom:video-encoder-webm-vp8: eb34c28f22e8b96e1ab97ce403110664 -> 
  custom:video-decoder-webm-vp8: 9c59270c3fd7afecdb556c50c9e8de78 -> 
  custom:audio-decoder-ogg-vorbis: bf7c407c2cedff20999df2af8eb42d56 -> 
  custom:audio-encoder-webm-vorbis: bf7c407c2cedff20999df2af8eb42d56 -> 
========================================================================
Received Prepare
Registering precompiled user dll's ...
Registered in 0.016157 seconds.
Begin MonoManager ReloadAssembly
Native extension for WindowsStandalone target not found
Refreshing native plugins compatible for Editor in 1.82 ms, found 5 plugins.
Preloading 0 native plugins for Editor in 0.00 ms.
Mono: successfully reloaded assembly
- Completed reload, in  2.370 seconds
Domain Reload Profiling:
	ReloadAssembly (2370ms)
		BeginReloadAssembly (264ms)
			ExecutionOrderSort (0ms)
			DisableScriptedObjects (10ms)
			BackupInstance (0ms)
			ReleaseScriptingObjects (0ms)
			CreateAndSetChildDomain (60ms)
		EndReloadAssembly (1974ms)
			LoadAssemblies (216ms)
			RebuildTransferFunctionScriptingTraits (0ms)
			SetupTypeCache (723ms)
			ReleaseScriptCaches (2ms)
			RebuildScriptCaches (159ms)
			SetupLoadedEditorAssemblies (697ms)
				LogAssemblyErrors (0ms)
				InitializePlatformSupportModulesInManaged (10ms)
				SetLoadedEditorAssemblies (1ms)
				RefreshPlugins (2ms)
				BeforeProcessingInitializeOnLoad (250ms)
				ProcessInitializeOnLoadAttributes (397ms)
				ProcessInitializeOnLoadMethodAttributes (18ms)
				AfterProcessingInitializeOnLoad (18ms)
				EditorAssembliesLoaded (0ms)
			ExecutionOrderSort2 (0ms)
			AwakeInstancesAfterBackupRestoration (11ms)
Platform modules already initialized, skipping
Refreshing native plugins compatible for Editor in 1.63 ms, found 5 plugins.
Preloading 0 native plugins for Editor in 0.00 ms.
Unloading 3889 Unused Serialized files (Serialized files now loaded: 0)
System memory in use before: 198.9 MB.
System memory in use after: 198.2 MB.

Unloading 24 unused Assets to reduce memory usage. Loaded Objects now: 4528.
Total: 22.135100 ms (FindLiveObjects: 0.836000 ms CreateObjectMapping: 0.379000 ms MarkObjects: 18.989800 ms  DeleteObjects: 1.922700 ms)

AssetImportParameters requested are different than current active one (requested -> active):
  custom:framework-win-MediaFoundation: 216162199b28c13a410421893ffa2e32 -> 
  custom:video-decoder-ogg-theora: a1e56fd34408186e4bbccfd4996cb3dc -> 
  custom:container-muxer-webm: aa71ff27fc2769a1b78a27578f13a17b -> 
  custom:container-demuxer-webm: 4f35f7cbe854078d1ac9338744f61a02 -> 
  custom:container-demuxer-ogg: 62fdf1f143b41e24485cea50d1cbac27 -> 
  custom:video-encoder-webm-vp8: eb34c28f22e8b96e1ab97ce403110664 -> 
  custom:video-decoder-webm-vp8: 9c59270c3fd7afecdb556c50c9e8de78 -> 
  custom:audio-decoder-ogg-vorbis: bf7c407c2cedff20999df2af8eb42d56 -> 
  custom:audio-encoder-webm-vorbis: bf7c407c2cedff20999df2af8eb42d56 -> 
========================================================================
Received Import Request.
  Time since last request: 413.959607 seconds.
  path: Assets/Abandoned_Asylum/Show/LightingData.asset
  artifactKey: Guid(273dff6b7e6831c4aa9e5a8884e509c7) Importer(815301076,1909f56bfc062723c751e8b465ee728b)
Start importing Assets/Abandoned_Asylum/Show/LightingData.asset using Guid(273dff6b7e6831c4aa9e5a8884e509c7) Importer(815301076,1909f56bfc062723c751e8b465ee728b)  -> (artifact id: '005b678f237f31dfc18632118506140c') in 0.189720 seconds 
  Import took 0.204277 seconds .

========================================================================
Received Import Request.
  Time since last request: 0.000334 seconds.
  path: Assets/Sun_Temple/Scenes/PrefabBuildingOverview/LightingData.asset
  artifactKey: Guid(f62d77bf7423ad44e982d33ff328c481) Importer(815301076,1909f56bfc062723c751e8b465ee728b)
Start importing Assets/Sun_Temple/Scenes/PrefabBuildingOverview/LightingData.asset using Guid(f62d77bf7423ad44e982d33ff328c481) Importer(815301076,1909f56bfc062723c751e8b465ee728b)  -> (artifact id: 'bd21021330a40a69347af1b3c409d9c1') in 0.015309 seconds 
  Import took 0.026581 seconds .

========================================================================
Received Import Request.
  Time since last request: 0.000315 seconds.
  path: Assets/Sun_Temple/Scenes/DemoScene/LightingData.asset
  artifactKey: Guid(35d9e576972f6e142becdf3e4d3bbda2) Importer(815301076,1909f56bfc062723c751e8b465ee728b)
Start importing Assets/Sun_Temple/Scenes/DemoScene/LightingData.asset using Guid(35d9e576972f6e142becdf3e4d3bbda2) Importer(815301076,1909f56bfc062723c751e8b465ee728b)  -> (artifact id: '46004c75021fcb9fd9bd8c55526f2e6a') in 0.020845 seconds 
  Import took 0.034934 seconds .

========================================================================
Received Import Request.
  Time since last request: 0.000363 seconds.
  path: Assets/QA_Books/Demo scene/Demo/LightingData.asset
  artifactKey: Guid(4425f2383ff3c4f43a306bfbf9b32d96) Importer(815301076,1909f56bfc062723c751e8b465ee728b)
Start importing Assets/QA_Books/Demo scene/Demo/LightingData.asset using Guid(4425f2383ff3c4f43a306bfbf9b32d96) Importer(815301076,1909f56bfc062723c751e8b465ee728b) Lighting data asset ‘LightingData’ is incompatible with the current Unity version. Please use Generate Lighting to rebuild the lighting data.  Realtime Global Illumination cannot be used until the lighting data is rebuilt.
 -> (artifact id: '385f012b45d88543e7705d389ca4e659') in 0.024360 seconds 
  Import took 0.043497 seconds .

========================================================================
Received Import Request.
  Time since last request: 0.000369 seconds.
  path: Assets/AssetStore Packs/GameReadyAssets/FurniturePack1/Scene/FurniturePack1/LightingData.asset
  artifactKey: Guid(f090f3eb8cee57b45950f8c22c05d122) Importer(815301076,1909f56bfc062723c751e8b465ee728b)
Start importing Assets/AssetStore Packs/GameReadyAssets/FurniturePack1/Scene/FurniturePack1/LightingData.asset using Guid(f090f3eb8cee57b45950f8c22c05d122) Importer(815301076,1909f56bfc062723c751e8b465ee728b)  -> (artifact id: '59823cec640c272f905d86334598b59e') in 0.016547 seconds 
  Import took 0.030985 seconds .

========================================================================
Received Import Request.
  Time since last request: 0.000286 seconds.
  path: Assets/Abandoned_Asylum/Show_Assets/LightingData.asset
  artifactKey: Guid(ce9a1f325053c024e97130ae5397ed45) Importer(815301076,1909f56bfc062723c751e8b465ee728b)
Start importing Assets/Abandoned_Asylum/Show_Assets/LightingData.asset using Guid(ce9a1f325053c024e97130ae5397ed45) Importer(815301076,1909f56bfc062723c751e8b465ee728b)  -> (artifact id: '6e980a34dff2ee61fc32f71ba90ad08a') in 0.082800 seconds 
  Import took 0.095221 seconds .

========================================================================
Received Import Request.
  Time since last request: 0.000410 seconds.
  path: Assets/Scenes/Level01/LightingData.asset
  artifactKey: Guid(f600c14646e278042a25de9a4391ea98) Importer(815301076,1909f56bfc062723c751e8b465ee728b)
Start importing Assets/Scenes/Level01/LightingData.asset using Guid(f600c14646e278042a25de9a4391ea98) Importer(815301076,1909f56bfc062723c751e8b465ee728b)  -> (artifact id: '5cc66c120c1631b4df7686c62160484e') in 0.015050 seconds 
  Import took 0.030481 seconds .

========================================================================
Received Import Request.
  Time since last request: 0.000301 seconds.
  path: Assets/Viverna_Assets/DemoScene/Materials/LightingData.asset
  artifactKey: Guid(3b40e5fbaa43e97498f4b28498ff924d) Importer(815301076,1909f56bfc062723c751e8b465ee728b)
Start importing Assets/Viverna_Assets/DemoScene/Materials/LightingData.asset using Guid(3b40e5fbaa43e97498f4b28498ff924d) Importer(815301076,1909f56bfc062723c751e8b465ee728b) Lighting data asset ‘LightingData’ is inconsistent because 3 files out of 14 are missing.  Please use Generate Lighting to rebuild the lighting data.
 -> (artifact id: 'ea8319f33ec4f5fc123fd9e3de6661b3') in 0.050291 seconds 
  Import took 0.064846 seconds .

========================================================================
Received Prepare
Registering precompiled user dll's ...
Registered in 0.014660 seconds.
Begin MonoManager ReloadAssembly
Native extension for WindowsStandalone target not found
Refreshing native plugins compatible for Editor in 1.60 ms, found 5 plugins.
Preloading 0 native plugins for Editor in 0.00 ms.
Mono: successfully reloaded assembly
- Completed reload, in  2.386 seconds
Domain Reload Profiling:
	ReloadAssembly (2387ms)
		BeginReloadAssembly (234ms)
			ExecutionOrderSort (0ms)
			DisableScriptedObjects (8ms)
			BackupInstance (0ms)
			ReleaseScriptingObjects (0ms)
			CreateAndSetChildDomain (75ms)
		EndReloadAssembly (2030ms)
			LoadAssemblies (206ms)
			RebuildTransferFunctionScriptingTraits (0ms)
			SetupTypeCache (658ms)
			ReleaseScriptCaches (2ms)
			RebuildScriptCaches (150ms)
			SetupLoadedEditorAssemblies (773ms)
				LogAssemblyErrors (0ms)
				InitializePlatformSupportModulesInManaged (11ms)
				SetLoadedEditorAssemblies (1ms)
				RefreshPlugins (2ms)
				BeforeProcessingInitializeOnLoad (246ms)
				ProcessInitializeOnLoadAttributes (470ms)
				ProcessInitializeOnLoadMethodAttributes (26ms)
				AfterProcessingInitializeOnLoad (18ms)
				EditorAssembliesLoaded (0ms)
			ExecutionOrderSort2 (0ms)
			AwakeInstancesAfterBackupRestoration (15ms)
Platform modules already initialized, skipping
Refreshing native plugins compatible for Editor in 1.61 ms, found 5 plugins.
Preloading 0 native plugins for Editor in 0.00 ms.
Unloading 3890 Unused Serialized files (Serialized files now loaded: 0)
System memory in use before: 199.5 MB.
System memory in use after: 198.8 MB.

Unloading 24 unused Assets to reduce memory usage. Loaded Objects now: 4531.
Total: 8.590400 ms (FindLiveObjects: 0.614200 ms CreateObjectMapping: 0.479000 ms MarkObjects: 6.703100 ms  DeleteObjects: 0.791600 ms)

AssetImportParameters requested are different than current active one (requested -> active):
  custom:framework-win-MediaFoundation: 216162199b28c13a410421893ffa2e32 -> 
  custom:video-decoder-ogg-theora: a1e56fd34408186e4bbccfd4996cb3dc -> 
  custom:container-muxer-webm: aa71ff27fc2769a1b78a27578f13a17b -> 
  custom:container-demuxer-webm: 4f35f7cbe854078d1ac9338744f61a02 -> 
  custom:container-demuxer-ogg: 62fdf1f143b41e24485cea50d1cbac27 -> 
  custom:video-encoder-webm-vp8: eb34c28f22e8b96e1ab97ce403110664 -> 
  custom:video-decoder-webm-vp8: 9c59270c3fd7afecdb556c50c9e8de78 -> 
  custom:audio-decoder-ogg-vorbis: bf7c407c2cedff20999df2af8eb42d56 -> 
  custom:audio-encoder-webm-vorbis: bf7c407c2cedff20999df2af8eb42d56 -> 
========================================================================
Received Import Request.
  Time since last request: 644.620691 seconds.
  path: Assets/WinScreen.cs
  artifactKey: Guid(964538174e014b04a92eb8e6fdde7209) Importer(815301076,1909f56bfc062723c751e8b465ee728b)
Start importing Assets/WinScreen.cs using Guid(964538174e014b04a92eb8e6fdde7209) Importer(815301076,1909f56bfc062723c751e8b465ee728b)  -> (artifact id: '932b4d269a3ea83ab98a7a2dc89803d9') in 0.029832 seconds 
  Import took 0.041427 seconds .

========================================================================
Received Prepare
Registering precompiled user dll's ...
Registered in 0.016526 seconds.
Begin MonoManager ReloadAssembly
Native extension for WindowsStandalone target not found
Refreshing native plugins compatible for Editor in 5.75 ms, found 5 plugins.
Preloading 0 native plugins for Editor in 0.00 ms.
Mono: successfully reloaded assembly
- Completed reload, in  2.818 seconds
Domain Reload Profiling:
	ReloadAssembly (2818ms)
		BeginReloadAssembly (299ms)
			ExecutionOrderSort (0ms)
			DisableScriptedObjects (9ms)
			BackupInstance (0ms)
			ReleaseScriptingObjects (0ms)
			CreateAndSetChildDomain (74ms)
		EndReloadAssembly (2382ms)
			LoadAssemblies (261ms)
			RebuildTransferFunctionScriptingTraits (0ms)
			SetupTypeCache (678ms)
			ReleaseScriptCaches (2ms)
			RebuildScriptCaches (141ms)
			SetupLoadedEditorAssemblies (1108ms)
				LogAssemblyErrors (0ms)
				InitializePlatformSupportModulesInManaged (17ms)
				SetLoadedEditorAssemblies (2ms)
				RefreshPlugins (6ms)
				BeforeProcessingInitializeOnLoad (577ms)
				ProcessInitializeOnLoadAttributes (467ms)
				ProcessInitializeOnLoadMethodAttributes (19ms)
				AfterProcessingInitializeOnLoad (19ms)
				EditorAssembliesLoaded (0ms)
			ExecutionOrderSort2 (0ms)
			AwakeInstancesAfterBackupRestoration (12ms)
Platform modules already initialized, skipping
Refreshing native plugins compatible for Editor in 3.64 ms, found 5 plugins.
Preloading 0 native plugins for Editor in 0.00 ms.
Unloading 3890 Unused Serialized files (Serialized files now loaded: 0)
System memory in use before: 199.5 MB.
System memory in use after: 198.9 MB.

Unloading 24 unused Assets to reduce memory usage. Loaded Objects now: 4533.
Total: 16.892800 ms (FindLiveObjects: 1.275100 ms CreateObjectMapping: 0.715900 ms MarkObjects: 11.843300 ms  DeleteObjects: 3.055100 ms)

AssetImportParameters requested are different than current active one (requested -> active):
  custom:framework-win-MediaFoundation: 216162199b28c13a410421893ffa2e32 -> 
  custom:video-decoder-ogg-theora: a1e56fd34408186e4bbccfd4996cb3dc -> 
  custom:container-muxer-webm: aa71ff27fc2769a1b78a27578f13a17b -> 
  custom:container-demuxer-webm: 4f35f7cbe854078d1ac9338744f61a02 -> 
  custom:container-demuxer-ogg: 62fdf1f143b41e24485cea50d1cbac27 -> 
  custom:video-encoder-webm-vp8: eb34c28f22e8b96e1ab97ce403110664 -> 
  custom:video-decoder-webm-vp8: 9c59270c3fd7afecdb556c50c9e8de78 -> 
  custom:audio-decoder-ogg-vorbis: bf7c407c2cedff20999df2af8eb42d56 -> 
  custom:audio-encoder-webm-vorbis: bf7c407c2cedff20999df2af8eb42d56 -> 
========================================================================
Received Import Request.
  Time since last request: 434.974077 seconds.
  path: Assets/WinScreen.cs
  artifactKey: Guid(964538174e014b04a92eb8e6fdde7209) Importer(815301076,1909f56bfc062723c751e8b465ee728b)
Start importing Assets/WinScreen.cs using Guid(964538174e014b04a92eb8e6fdde7209) Importer(815301076,1909f56bfc062723c751e8b465ee728b)  -> (artifact id: 'ac9f8ff2c4d479e2a670b3c6f9589e20') in 0.029484 seconds 
  Import took 0.048329 seconds .

========================================================================
Received Import Request.
  Time since last request: 177.799524 seconds.
  path: Assets/UiMainMenu/Thank You for Playing.png
  artifactKey: Guid(b14d8f80e3092f645b3af7e882faa9e9) Importer(815301076,1909f56bfc062723c751e8b465ee728b)
Start importing Assets/UiMainMenu/Thank You for Playing.png using Guid(b14d8f80e3092f645b3af7e882faa9e9) Importer(815301076,1909f56bfc062723c751e8b465ee728b)  -> (artifact id: 'f4a37acf39ff8ee6dafbdd3de69887ac') in 0.316017 seconds 
  Import took 0.336900 seconds .

========================================================================
Received Import Request.
  Time since last request: 29.680823 seconds.
  path: Assets/UiMainMenu/Thank You for Playing.png
  artifactKey: Guid(b14d8f80e3092f645b3af7e882faa9e9) Importer(815301076,1909f56bfc062723c751e8b465ee728b)
Start importing Assets/UiMainMenu/Thank You for Playing.png using Guid(b14d8f80e3092f645b3af7e882faa9e9) Importer(815301076,1909f56bfc062723c751e8b465ee728b)  -> (artifact id: '964919aa8062f8efc508ca6c880bf63a') in 0.148275 seconds 
  Import took 0.165882 seconds .

========================================================================
Received Prepare
Registering precompiled user dll's ...
Registered in 0.015724 seconds.
Begin MonoManager ReloadAssembly
Native extension for WindowsStandalone target not found
Refreshing native plugins compatible for Editor in 4.63 ms, found 5 plugins.
Preloading 0 native plugins for Editor in 0.00 ms.
Mono: successfully reloaded assembly
- Completed reload, in  3.580 seconds
Domain Reload Profiling:
	ReloadAssembly (3581ms)
		BeginReloadAssembly (369ms)
			ExecutionOrderSort (0ms)
			DisableScriptedObjects (16ms)
			BackupInstance (0ms)
			ReleaseScriptingObjects (0ms)
			CreateAndSetChildDomain (139ms)
		EndReloadAssembly (3032ms)
			LoadAssemblies (255ms)
			RebuildTransferFunctionScriptingTraits (0ms)
			SetupTypeCache (879ms)
			ReleaseScriptCaches (5ms)
			RebuildScriptCaches (217ms)
			SetupLoadedEditorAssemblies (1347ms)
				LogAssemblyErrors (0ms)
				InitializePlatformSupportModulesInManaged (12ms)
				SetLoadedEditorAssemblies (1ms)
				RefreshPlugins (5ms)
				BeforeProcessingInitializeOnLoad (690ms)
				ProcessInitializeOnLoadAttributes (548ms)
				ProcessInitializeOnLoadMethodAttributes (20ms)
				AfterProcessingInitializeOnLoad (70ms)
				EditorAssembliesLoaded (0ms)
			ExecutionOrderSort2 (0ms)
			AwakeInstancesAfterBackupRestoration (23ms)
Platform modules already initialized, skipping
Refreshing native plugins compatible for Editor in 2.13 ms, found 5 plugins.
Preloading 0 native plugins for Editor in 0.00 ms.
Unloading 3890 Unused Serialized files (Serialized files now loaded: 0)
System memory in use before: 202.8 MB.
System memory in use after: 202.1 MB.

Unloading 24 unused Assets to reduce memory usage. Loaded Objects now: 4541.
Total: 7.301600 ms (FindLiveObjects: 0.481000 ms CreateObjectMapping: 0.343900 ms MarkObjects: 5.350700 ms  DeleteObjects: 1.123300 ms)

AssetImportParameters requested are different than current active one (requested -> active):
  custom:framework-win-MediaFoundation: 216162199b28c13a410421893ffa2e32 -> 
  custom:video-decoder-ogg-theora: a1e56fd34408186e4bbccfd4996cb3dc -> 
  custom:container-muxer-webm: aa71ff27fc2769a1b78a27578f13a17b -> 
  custom:container-demuxer-webm: 4f35f7cbe854078d1ac9338744f61a02 -> 
  custom:container-demuxer-ogg: 62fdf1f143b41e24485cea50d1cbac27 -> 
  custom:video-encoder-webm-vp8: eb34c28f22e8b96e1ab97ce403110664 -> 
  custom:video-decoder-webm-vp8: 9c59270c3fd7afecdb556c50c9e8de78 -> 
  custom:audio-decoder-ogg-vorbis: bf7c407c2cedff20999df2af8eb42d56 -> 
  custom:audio-encoder-webm-vorbis: bf7c407c2cedff20999df2af8eb42d56 -> 
========================================================================
Received Prepare
Registering precompiled user dll's ...
Registered in 0.012196 seconds.
Begin MonoManager ReloadAssembly
Native extension for WindowsStandalone target not found
Refreshing native plugins compatible for Editor in 1.65 ms, found 5 plugins.
Preloading 0 native plugins for Editor in 0.00 ms.
Mono: successfully reloaded assembly
- Completed reload, in  2.360 seconds
Domain Reload Profiling:
	ReloadAssembly (2360ms)
		BeginReloadAssembly (236ms)
			ExecutionOrderSort (0ms)
			DisableScriptedObjects (11ms)
			BackupInstance (0ms)
			ReleaseScriptingObjects (0ms)
			CreateAndSetChildDomain (59ms)
		EndReloadAssembly (1989ms)
			LoadAssemblies (194ms)
			RebuildTransferFunctionScriptingTraits (0ms)
			SetupTypeCache (690ms)
			ReleaseScriptCaches (3ms)
			RebuildScriptCaches (156ms)
			SetupLoadedEditorAssemblies (688ms)
				LogAssemblyErrors (0ms)
				InitializePlatformSupportModulesInManaged (9ms)
				SetLoadedEditorAssemblies (1ms)
				RefreshPlugins (2ms)
				BeforeProcessingInitializeOnLoad (228ms)
				ProcessInitializeOnLoadAttributes (412ms)
				ProcessInitializeOnLoadMethodAttributes (18ms)
				AfterProcessingInitializeOnLoad (17ms)
				EditorAssembliesLoaded (0ms)
			ExecutionOrderSort2 (0ms)
			AwakeInstancesAfterBackupRestoration (13ms)
Platform modules already initialized, skipping
Refreshing native plugins compatible for Editor in 1.71 ms, found 5 plugins.
Preloading 0 native plugins for Editor in 0.00 ms.
Unloading 3890 Unused Serialized files (Serialized files now loaded: 0)
System memory in use before: 202.8 MB.
System memory in use after: 202.1 MB.

Unloading 24 unused Assets to reduce memory usage. Loaded Objects now: 4543.
Total: 10.359100 ms (FindLiveObjects: 1.766500 ms CreateObjectMapping: 0.509100 ms MarkObjects: 6.861900 ms  DeleteObjects: 1.218300 ms)

AssetImportParameters requested are different than current active one (requested -> active):
  custom:framework-win-MediaFoundation: 216162199b28c13a410421893ffa2e32 -> 
  custom:video-decoder-ogg-theora: a1e56fd34408186e4bbccfd4996cb3dc -> 
  custom:container-muxer-webm: aa71ff27fc2769a1b78a27578f13a17b -> 
  custom:container-demuxer-webm: 4f35f7cbe854078d1ac9338744f61a02 -> 
  custom:container-demuxer-ogg: 62fdf1f143b41e24485cea50d1cbac27 -> 
  custom:video-encoder-webm-vp8: eb34c28f22e8b96e1ab97ce403110664 -> 
  custom:video-decoder-webm-vp8: 9c59270c3fd7afecdb556c50c9e8de78 -> 
  custom:audio-decoder-ogg-vorbis: bf7c407c2cedff20999df2af8eb42d56 -> 
  custom:audio-encoder-webm-vorbis: bf7c407c2cedff20999df2af8eb42d56 -> 
========================================================================
Received Import Request.
  Time since last request: 3397.633701 seconds.
  path: Assets/UiMainMenu/Your Goal is it to Get out of the house, But you Cannot leave b.png
  artifactKey: Guid(870c03eee86bafd4d81a3336b381748d) Importer(815301076,1909f56bfc062723c751e8b465ee728b)
Start importing Assets/UiMainMenu/Your Goal is it to Get out of the house, But you Cannot leave b.png using Guid(870c03eee86bafd4d81a3336b381748d) Importer(815301076,1909f56bfc062723c751e8b465ee728b)  -> (artifact id: '7b8c24200707cc556a34edd664c63a26') in 0.144891 seconds 
  Import took 0.163800 seconds .

========================================================================
Received Import Request.
  Time since last request: 52.179312 seconds.
  path: Assets/UiMainMenu/wasd.png
  artifactKey: Guid(9187eb41d0368e344a26aaf016fcb96f) Importer(815301076,1909f56bfc062723c751e8b465ee728b)
Start importing Assets/UiMainMenu/wasd.png using Guid(9187eb41d0368e344a26aaf016fcb96f) Importer(815301076,1909f56bfc062723c751e8b465ee728b)  -> (artifact id: '4159b26460b2dbfb96f793b77db04868') in 0.064160 seconds 
  Import took 0.086755 seconds .

========================================================================
Received Import Request.
  Time since last request: 4.754156 seconds.
  path: Assets/UiMainMenu/UseTo Move.png
  artifactKey: Guid(565bae16ff8598944947198f7f3bcde5) Importer(815301076,1909f56bfc062723c751e8b465ee728b)
Start importing Assets/UiMainMenu/UseTo Move.png using Guid(565bae16ff8598944947198f7f3bcde5) Importer(815301076,1909f56bfc062723c751e8b465ee728b)  -> (artifact id: '72b567c0a78cf595787df7e1bad30521') in 0.082193 seconds 
  Import took 0.112216 seconds .

========================================================================
Received Import Request.
  Time since last request: 1.944587 seconds.
  path: Assets/UiMainMenu/wasd.png
  artifactKey: Guid(9187eb41d0368e344a26aaf016fcb96f) Importer(815301076,1909f56bfc062723c751e8b465ee728b)
Start importing Assets/UiMainMenu/wasd.png using Guid(9187eb41d0368e344a26aaf016fcb96f) Importer(815301076,1909f56bfc062723c751e8b465ee728b)  -> (artifact id: '22b7a531ecfd5e1f859c5f5c88e4a045') in 0.106513 seconds 
  Import took 0.127821 seconds .

========================================================================
Received Import Request.
  Time since last request: 33.719739 seconds.
  path: Assets/UiMainMenu/wasd.png
  artifactKey: Guid(9187eb41d0368e344a26aaf016fcb96f) Importer(815301076,1909f56bfc062723c751e8b465ee728b)
Start importing Assets/UiMainMenu/wasd.png using Guid(9187eb41d0368e344a26aaf016fcb96f) Importer(815301076,1909f56bfc062723c751e8b465ee728b)  -> (artifact id: '3effd3d68dfd47fd3fa94e6102433329') in 0.054961 seconds 
  Import took 0.070507 seconds .

========================================================================
Received Import Request.
  Time since last request: 9.038775 seconds.
  path: Assets/UiMainMenu/To Exit from an Activity or let go of Something press.png
  artifactKey: Guid(28efa2e36c7943b499338eecdcd4ccdd) Importer(815301076,1909f56bfc062723c751e8b465ee728b)
Start importing Assets/UiMainMenu/To Exit from an Activity or let go of Something press.png using Guid(28efa2e36c7943b499338eecdcd4ccdd) Importer(815301076,1909f56bfc062723c751e8b465ee728b)  -> (artifact id: '4c5841cabe907c1abb86e37c5c0206ff') in 0.075949 seconds 
  Import took 0.095603 seconds .

========================================================================
Received Import Request.
  Time since last request: 4.881290 seconds.
  path: Assets/UiMainMenu/To Crouch Use.png
  artifactKey: Guid(fb7596dfa19e4d7409adcb57fa2ebf96) Importer(815301076,1909f56bfc062723c751e8b465ee728b)
Start importing Assets/UiMainMenu/To Crouch Use.png using Guid(fb7596dfa19e4d7409adcb57fa2ebf96) Importer(815301076,1909f56bfc062723c751e8b465ee728b)  -> (artifact id: 'a39b62342c8fe426c89ceb34146031d9') in 0.050240 seconds 
  Import took 0.076549 seconds .

========================================================================
Received Import Request.
  Time since last request: 5.787067 seconds.
  path: Assets/UiMainMenu/Sprinting Can be Done With.png
  artifactKey: Guid(bd0f4e42e6c2024418f1742554072579) Importer(815301076,1909f56bfc062723c751e8b465ee728b)
Start importing Assets/UiMainMenu/Sprinting Can be Done With.png using Guid(bd0f4e42e6c2024418f1742554072579) Importer(815301076,1909f56bfc062723c751e8b465ee728b)  -> (artifact id: '0effd39c7a33934c19064b97787c84d1') in 0.038983 seconds 
  Import took 0.056758 seconds .

========================================================================
Received Import Request.
  Time since last request: 5.988582 seconds.
  path: Assets/UiMainMenu/rechtemaus.png
  artifactKey: Guid(d45077018de8fc843826f3d51bd76d56) Importer(815301076,1909f56bfc062723c751e8b465ee728b)
Start importing Assets/UiMainMenu/rechtemaus.png using Guid(d45077018de8fc843826f3d51bd76d56) Importer(815301076,1909f56bfc062723c751e8b465ee728b)  -> (artifact id: '13483e591272d7ed5fa033ac85c3cdef') in 0.031924 seconds 
  Import took 0.053858 seconds .

========================================================================
Received Import Request.
  Time since last request: 8.415866 seconds.
  path: Assets/UiMainMenu/lshift.png
  artifactKey: Guid(2936767bb3e671f42a60a26ef9e0c0ab) Importer(815301076,1909f56bfc062723c751e8b465ee728b)
Start importing Assets/UiMainMenu/lshift.png using Guid(2936767bb3e671f42a60a26ef9e0c0ab) Importer(815301076,1909f56bfc062723c751e8b465ee728b)  -> (artifact id: '56101b8a2cfca20134402a92999e81b6') in 0.047337 seconds 
  Import took 0.069918 seconds .

========================================================================
Received Import Request.
  Time since last request: 5.988872 seconds.
  path: Assets/UiMainMenu/linkemaus.png
  artifactKey: Guid(6234e8157652c5e4e82c9b986127bd37) Importer(815301076,1909f56bfc062723c751e8b465ee728b)
Start importing Assets/UiMainMenu/linkemaus.png using Guid(6234e8157652c5e4e82c9b986127bd37) Importer(815301076,1909f56bfc062723c751e8b465ee728b)  -> (artifact id: '415f721e88446b6e13c8f95074adfda8') in 0.034131 seconds 
  Import took 0.056091 seconds .

========================================================================
Received Import Request.
  Time since last request: 5.973075 seconds.
  path: Assets/UiMainMenu/lctrl.png
  artifactKey: Guid(b1814c363f53f6d469b67f8cc3a41b61) Importer(815301076,1909f56bfc062723c751e8b465ee728b)
Start importing Assets/UiMainMenu/lctrl.png using Guid(b1814c363f53f6d469b67f8cc3a41b61) Importer(815301076,1909f56bfc062723c751e8b465ee728b)  -> (artifact id: 'c396291fd322abba72ff64271c434cf2') in 0.051677 seconds 
  Import took 0.090326 seconds .

========================================================================
Received Import Request.
  Time since last request: 5.201323 seconds.
  path: Assets/UiMainMenu/Interact with objects Using.png
  artifactKey: Guid(80ad0308542b4314096e39175904d16e) Importer(815301076,1909f56bfc062723c751e8b465ee728b)
Start importing Assets/UiMainMenu/Interact with objects Using.png using Guid(80ad0308542b4314096e39175904d16e) Importer(815301076,1909f56bfc062723c751e8b465ee728b)  -> (artifact id: '9b5a7ddbca36c600a8b0242520370274') in 0.090789 seconds 
  Import took 0.107545 seconds .

========================================================================
Received Import Request.
  Time since last request: 18.456644 seconds.
  path: Assets/UiMainMenu/Interact with objects Using.png
  artifactKey: Guid(80ad0308542b4314096e39175904d16e) Importer(815301076,1909f56bfc062723c751e8b465ee728b)
Start importing Assets/UiMainMenu/Interact with objects Using.png using Guid(80ad0308542b4314096e39175904d16e) Importer(815301076,1909f56bfc062723c751e8b465ee728b)  -> (artifact id: 'f5c87213308d7d9286849fa34b295730') in 0.053687 seconds 
  Import took 0.081660 seconds .

========================================================================
Received Import Request.
  Time since last request: 0.000291 seconds.
  path: Assets/UiMainMenu/lctrl.png
  artifactKey: Guid(b1814c363f53f6d469b67f8cc3a41b61) Importer(815301076,1909f56bfc062723c751e8b465ee728b)
Start importing Assets/UiMainMenu/lctrl.png using Guid(b1814c363f53f6d469b67f8cc3a41b61) Importer(815301076,1909f56bfc062723c751e8b465ee728b)  -> (artifact id: '09a277ef24e0127b5870b405f34d7b74') in 0.075335 seconds 
  Import took 0.088417 seconds .

========================================================================
Received Import Request.
  Time since last request: 0.000424 seconds.
  path: Assets/UiMainMenu/linkemaus.png
  artifactKey: Guid(6234e8157652c5e4e82c9b986127bd37) Importer(815301076,1909f56bfc062723c751e8b465ee728b)
Start importing Assets/UiMainMenu/linkemaus.png using Guid(6234e8157652c5e4e82c9b986127bd37) Importer(815301076,1909f56bfc062723c751e8b465ee728b)  -> (artifact id: '3edb2e6138ffc1be4ab73f7fdf4672a4') in 0.084347 seconds 
  Import took 0.099475 seconds .

========================================================================
Received Import Request.
  Time since last request: 0.000664 seconds.
  path: Assets/UiMainMenu/lshift.png
  artifactKey: Guid(2936767bb3e671f42a60a26ef9e0c0ab) Importer(815301076,1909f56bfc062723c751e8b465ee728b)
Start importing Assets/UiMainMenu/lshift.png using Guid(2936767bb3e671f42a60a26ef9e0c0ab) Importer(815301076,1909f56bfc062723c751e8b465ee728b)  -> (artifact id: 'd3dd4faa69bee7bc38ab4df4498ba8ae') in 0.048726 seconds 
  Import took 0.066834 seconds .

========================================================================
Received Import Request.
  Time since last request: 2.567557 seconds.
  path: Assets/UiMainMenu/Your Goal is it to Get out of the house, But you Cannot leave b.png
  artifactKey: Guid(870c03eee86bafd4d81a3336b381748d) Importer(815301076,1909f56bfc062723c751e8b465ee728b)
Start importing Assets/UiMainMenu/Your Goal is it to Get out of the house, But you Cannot leave b.png using Guid(870c03eee86bafd4d81a3336b381748d) Importer(815301076,1909f56bfc062723c751e8b465ee728b)  -> (artifact id: '8ed2c3e68d80b6cfc3ea7bf081df5a5a') in 0.070917 seconds 
  Import took 0.087614 seconds .

========================================================================
Received Import Request.
  Time since last request: 58.907662 seconds.
  path: Assets/UiMainMenu/To Crouch Use.png
  artifactKey: Guid(fb7596dfa19e4d7409adcb57fa2ebf96) Importer(815301076,1909f56bfc062723c751e8b465ee728b)
Start importing Assets/UiMainMenu/To Crouch Use.png using Guid(fb7596dfa19e4d7409adcb57fa2ebf96) Importer(815301076,1909f56bfc062723c751e8b465ee728b)  -> (artifact id: '66302c472e63768d7aff602eda440dfb') in 0.029162 seconds 
  Import took 0.048187 seconds .

========================================================================
Received Import Request.
  Time since last request: 0.000367 seconds.
  path: Assets/UiMainMenu/UseTo Move.png
  artifactKey: Guid(565bae16ff8598944947198f7f3bcde5) Importer(815301076,1909f56bfc062723c751e8b465ee728b)
Start importing Assets/UiMainMenu/UseTo Move.png using Guid(565bae16ff8598944947198f7f3bcde5) Importer(815301076,1909f56bfc062723c751e8b465ee728b)  -> (artifact id: '3f657fad5fc97ede6e60cd95046b8f62') in 0.035892 seconds 
  Import took 0.051218 seconds .

========================================================================
Received Import Request.
  Time since last request: 9.126846 seconds.
  path: Assets/UiMainMenu/To Exit from an Activity or let go of Something press.png
  artifactKey: Guid(28efa2e36c7943b499338eecdcd4ccdd) Importer(815301076,1909f56bfc062723c751e8b465ee728b)
Start importing Assets/UiMainMenu/To Exit from an Activity or let go of Something press.png using Guid(28efa2e36c7943b499338eecdcd4ccdd) Importer(815301076,1909f56bfc062723c751e8b465ee728b)  -> (artifact id: '5a29abbe13d0b58c4b4f7bcbbcdf98e3') in 0.028475 seconds 
  Import took 0.041614 seconds .

========================================================================
Received Import Request.
  Time since last request: 14.842071 seconds.
  path: Assets/UiMainMenu/Sprinting Can be Done With.png
  artifactKey: Guid(bd0f4e42e6c2024418f1742554072579) Importer(815301076,1909f56bfc062723c751e8b465ee728b)
Start importing Assets/UiMainMenu/Sprinting Can be Done With.png using Guid(bd0f4e42e6c2024418f1742554072579) Importer(815301076,1909f56bfc062723c751e8b465ee728b)  -> (artifact id: '1f38bb2c4cd6347387bc826f05eb9f9e') in 0.031787 seconds 
  Import took 0.048109 seconds .

========================================================================
Received Import Request.
  Time since last request: 121.199786 seconds.
  path: Assets/UiMainMenu/rechtemaus.png
  artifactKey: Guid(d45077018de8fc843826f3d51bd76d56) Importer(815301076,1909f56bfc062723c751e8b465ee728b)
Start importing Assets/UiMainMenu/rechtemaus.png using Guid(d45077018de8fc843826f3d51bd76d56) Importer(815301076,1909f56bfc062723c751e8b465ee728b)  -> (artifact id: '4d375b3204f2ccb00e3b2879ef92b359') in 0.040419 seconds 
  Import took 0.057347 seconds .

========================================================================
Received Import Request.
  Time since last request: 644.559596 seconds.
  path: Assets/UiMainMenu/Spring With.png
  artifactKey: Guid(80617b90a872d5a4594fb2781a459c79) Importer(815301076,1909f56bfc062723c751e8b465ee728b)
Start importing Assets/UiMainMenu/Spring With.png using Guid(80617b90a872d5a4594fb2781a459c79) Importer(815301076,1909f56bfc062723c751e8b465ee728b)  -> (artifact id: '548d0f22009c107e78086fec026def37') in 0.040465 seconds 
  Import took 0.058221 seconds .

========================================================================
Received Import Request.
  Time since last request: 6.883051 seconds.
  path: Assets/UiMainMenu/Space.png
  artifactKey: Guid(16ad68ad432330b4f8e78b441db19d3c) Importer(815301076,1909f56bfc062723c751e8b465ee728b)
Start importing Assets/UiMainMenu/Space.png using Guid(16ad68ad432330b4f8e78b441db19d3c) Importer(815301076,1909f56bfc062723c751e8b465ee728b)  -> (artifact id: 'c1f727d38eeb4ade7b91721801889ece') in 0.066101 seconds 
  Import took 0.097624 seconds .

========================================================================
Received Import Request.
  Time since last request: 19.639680 seconds.
  path: Assets/UiMainMenu/Space.png
  artifactKey: Guid(16ad68ad432330b4f8e78b441db19d3c) Importer(815301076,1909f56bfc062723c751e8b465ee728b)
Start importing Assets/UiMainMenu/Space.png using Guid(16ad68ad432330b4f8e78b441db19d3c) Importer(815301076,1909f56bfc062723c751e8b465ee728b)  -> (artifact id: '797faa20397ddcbac877b48b12036925') in 0.071336 seconds 
  Import took 0.098063 seconds .

========================================================================
Received Import Request.
  Time since last request: 0.000316 seconds.
  path: Assets/UiMainMenu/Spring With.png
  artifactKey: Guid(80617b90a872d5a4594fb2781a459c79) Importer(815301076,1909f56bfc062723c751e8b465ee728b)
Start importing Assets/UiMainMenu/Spring With.png using Guid(80617b90a872d5a4594fb2781a459c79) Importer(815301076,1909f56bfc062723c751e8b465ee728b)  -> (artifact id: '6ab6603df9b4999074baee54e65be04b') in 0.042528 seconds 
  Import took 0.059534 seconds .

========================================================================
Received Prepare
Registering precompiled user dll's ...
Registered in 0.012949 seconds.
Begin MonoManager ReloadAssembly
Native extension for WindowsStandalone target not found
Refreshing native plugins compatible for Editor in 1.68 ms, found 5 plugins.
Preloading 0 native plugins for Editor in 0.00 ms.
Mono: successfully reloaded assembly
- Completed reload, in  2.317 seconds
Domain Reload Profiling:
	ReloadAssembly (2318ms)
		BeginReloadAssembly (232ms)
			ExecutionOrderSort (0ms)
			DisableScriptedObjects (8ms)
			BackupInstance (0ms)
			ReleaseScriptingObjects (0ms)
			CreateAndSetChildDomain (66ms)
		EndReloadAssembly (1865ms)
			LoadAssemblies (204ms)
			RebuildTransferFunctionScriptingTraits (0ms)
			SetupTypeCache (643ms)
			ReleaseScriptCaches (2ms)
			RebuildScriptCaches (136ms)
			SetupLoadedEditorAssemblies (687ms)
				LogAssemblyErrors (0ms)
				InitializePlatformSupportModulesInManaged (9ms)
				SetLoadedEditorAssemblies (1ms)
				RefreshPlugins (2ms)
				BeforeProcessingInitializeOnLoad (235ms)
				ProcessInitializeOnLoadAttributes (405ms)
				ProcessInitializeOnLoadMethodAttributes (18ms)
				AfterProcessingInitializeOnLoad (17ms)
				EditorAssembliesLoaded (0ms)
			ExecutionOrderSort2 (0ms)
			AwakeInstancesAfterBackupRestoration (10ms)
Platform modules already initialized, skipping
Refreshing native plugins compatible for Editor in 1.65 ms, found 5 plugins.
Preloading 0 native plugins for Editor in 0.00 ms.
Unloading 3891 Unused Serialized files (Serialized files now loaded: 0)
System memory in use before: 202.9 MB.
System memory in use after: 202.2 MB.

Unloading 24 unused Assets to reduce memory usage. Loaded Objects now: 4575.
Total: 18.774800 ms (FindLiveObjects: 0.920300 ms CreateObjectMapping: 0.574300 ms MarkObjects: 15.827600 ms  DeleteObjects: 1.449200 ms)

AssetImportParameters requested are different than current active one (requested -> active):
  custom:framework-win-MediaFoundation: 216162199b28c13a410421893ffa2e32 -> 
  custom:video-decoder-ogg-theora: a1e56fd34408186e4bbccfd4996cb3dc -> 
  custom:container-muxer-webm: aa71ff27fc2769a1b78a27578f13a17b -> 
  custom:container-demuxer-webm: 4f35f7cbe854078d1ac9338744f61a02 -> 
  custom:container-demuxer-ogg: 62fdf1f143b41e24485cea50d1cbac27 -> 
  custom:video-encoder-webm-vp8: eb34c28f22e8b96e1ab97ce403110664 -> 
  custom:video-decoder-webm-vp8: 9c59270c3fd7afecdb556c50c9e8de78 -> 
  custom:audio-decoder-ogg-vorbis: bf7c407c2cedff20999df2af8eb42d56 -> 
  custom:audio-encoder-webm-vorbis: bf7c407c2cedff20999df2af8eb42d56 -> 
========================================================================
Received Prepare
Registering precompiled user dll's ...
Registered in 0.014914 seconds.
Begin MonoManager ReloadAssembly
Native extension for WindowsStandalone target not found
Refreshing native plugins compatible for Editor in 1.80 ms, found 5 plugins.
Preloading 0 native plugins for Editor in 0.00 ms.
Mono: successfully reloaded assembly
- Completed reload, in  2.550 seconds
Domain Reload Profiling:
	ReloadAssembly (2551ms)
		BeginReloadAssembly (269ms)
			ExecutionOrderSort (0ms)
			DisableScriptedObjects (8ms)
			BackupInstance (0ms)
			ReleaseScriptingObjects (0ms)
			CreateAndSetChildDomain (79ms)
		EndReloadAssembly (2143ms)
			LoadAssemblies (230ms)
			RebuildTransferFunctionScriptingTraits (0ms)
			SetupTypeCache (752ms)
			ReleaseScriptCaches (3ms)
			RebuildScriptCaches (159ms)
			SetupLoadedEditorAssemblies (816ms)
				LogAssemblyErrors (0ms)
				InitializePlatformSupportModulesInManaged (10ms)
				SetLoadedEditorAssemblies (1ms)
				RefreshPlugins (2ms)
				BeforeProcessingInitializeOnLoad (252ms)
				ProcessInitializeOnLoadAttributes (516ms)
				ProcessInitializeOnLoadMethodAttributes (19ms)
				AfterProcessingInitializeOnLoad (17ms)
				EditorAssembliesLoaded (0ms)
			ExecutionOrderSort2 (0ms)
			AwakeInstancesAfterBackupRestoration (15ms)
Platform modules already initialized, skipping
Refreshing native plugins compatible for Editor in 3.23 ms, found 5 plugins.
Preloading 0 native plugins for Editor in 0.00 ms.
Unloading 3891 Unused Serialized files (Serialized files now loaded: 0)
System memory in use before: 202.9 MB.
System memory in use after: 202.2 MB.

Unloading 24 unused Assets to reduce memory usage. Loaded Objects now: 4577.
Total: 7.332700 ms (FindLiveObjects: 0.623800 ms CreateObjectMapping: 0.493800 ms MarkObjects: 5.322400 ms  DeleteObjects: 0.890200 ms)

AssetImportParameters requested are different than current active one (requested -> active):
  custom:framework-win-MediaFoundation: 216162199b28c13a410421893ffa2e32 -> 
  custom:video-decoder-ogg-theora: a1e56fd34408186e4bbccfd4996cb3dc -> 
  custom:container-muxer-webm: aa71ff27fc2769a1b78a27578f13a17b -> 
  custom:container-demuxer-webm: 4f35f7cbe854078d1ac9338744f61a02 -> 
  custom:container-demuxer-ogg: 62fdf1f143b41e24485cea50d1cbac27 -> 
  custom:video-encoder-webm-vp8: eb34c28f22e8b96e1ab97ce403110664 -> 
  custom:video-decoder-webm-vp8: 9c59270c3fd7afecdb556c50c9e8de78 -> 
  custom:audio-decoder-ogg-vorbis: bf7c407c2cedff20999df2af8eb42d56 -> 
  custom:audio-encoder-webm-vorbis: bf7c407c2cedff20999df2af8eb42d56 -> 
========================================================================
Received Prepare
Registering precompiled user dll's ...
Registered in 0.013404 seconds.
Begin MonoManager ReloadAssembly
Native extension for WindowsStandalone target not found
Refreshing native plugins compatible for Editor in 3.93 ms, found 5 plugins.
Preloading 0 native plugins for Editor in 0.00 ms.
Mono: successfully reloaded assembly
- Completed reload, in  3.348 seconds
Domain Reload Profiling:
	ReloadAssembly (3349ms)
		BeginReloadAssembly (258ms)
			ExecutionOrderSort (0ms)
			DisableScriptedObjects (9ms)
			BackupInstance (0ms)
			ReleaseScriptingObjects (0ms)
			CreateAndSetChildDomain (72ms)
		EndReloadAssembly (2952ms)
			LoadAssemblies (209ms)
			RebuildTransferFunctionScriptingTraits (0ms)
			SetupTypeCache (907ms)
			ReleaseScriptCaches (3ms)
			RebuildScriptCaches (198ms)
			SetupLoadedEditorAssemblies (1374ms)
				LogAssemblyErrors (0ms)
				InitializePlatformSupportModulesInManaged (15ms)
				SetLoadedEditorAssemblies (1ms)
				RefreshPlugins (4ms)
				BeforeProcessingInitializeOnLoad (827ms)
				ProcessInitializeOnLoadAttributes (490ms)
				ProcessInitializeOnLoadMethodAttributes (18ms)
				AfterProcessingInitializeOnLoad (19ms)
				EditorAssembliesLoaded (1ms)
			ExecutionOrderSort2 (0ms)
			AwakeInstancesAfterBackupRestoration (13ms)
Platform modules already initialized, skipping
Refreshing native plugins compatible for Editor in 3.76 ms, found 5 plugins.
Preloading 0 native plugins for Editor in 0.00 ms.
Unloading 3891 Unused Serialized files (Serialized files now loaded: 0)
System memory in use before: 202.9 MB.
System memory in use after: 202.2 MB.

Unloading 24 unused Assets to reduce memory usage. Loaded Objects now: 4579.
Total: 12.161500 ms (FindLiveObjects: 0.896300 ms CreateObjectMapping: 1.167800 ms MarkObjects: 7.634100 ms  DeleteObjects: 2.460500 ms)

AssetImportParameters requested are different than current active one (requested -> active):
  custom:framework-win-MediaFoundation: 216162199b28c13a410421893ffa2e32 -> 
  custom:video-decoder-ogg-theora: a1e56fd34408186e4bbccfd4996cb3dc -> 
  custom:container-muxer-webm: aa71ff27fc2769a1b78a27578f13a17b -> 
  custom:container-demuxer-webm: 4f35f7cbe854078d1ac9338744f61a02 -> 
  custom:container-demuxer-ogg: 62fdf1f143b41e24485cea50d1cbac27 -> 
  custom:video-encoder-webm-vp8: eb34c28f22e8b96e1ab97ce403110664 -> 
  custom:video-decoder-webm-vp8: 9c59270c3fd7afecdb556c50c9e8de78 -> 
  custom:audio-decoder-ogg-vorbis: bf7c407c2cedff20999df2af8eb42d56 -> 
  custom:audio-encoder-webm-vorbis: bf7c407c2cedff20999df2af8eb42d56 -> 
========================================================================
Received Prepare
Registering precompiled user dll's ...
Registered in 0.014562 seconds.
Begin MonoManager ReloadAssembly
Native extension for WindowsStandalone target not found
Refreshing native plugins compatible for Editor in 1.83 ms, found 5 plugins.
Preloading 0 native plugins for Editor in 0.00 ms.
Mono: successfully reloaded assembly
- Completed reload, in  2.682 seconds
Domain Reload Profiling:
	ReloadAssembly (2683ms)
		BeginReloadAssembly (310ms)
			ExecutionOrderSort (0ms)
			DisableScriptedObjects (10ms)
			BackupInstance (0ms)
			ReleaseScriptingObjects (0ms)
			CreateAndSetChildDomain (93ms)
		EndReloadAssembly (2198ms)
			LoadAssemblies (282ms)
			RebuildTransferFunctionScriptingTraits (0ms)
			SetupTypeCache (709ms)
			ReleaseScriptCaches (2ms)
			RebuildScriptCaches (157ms)
			SetupLoadedEditorAssemblies (880ms)
				LogAssemblyErrors (0ms)
				InitializePlatformSupportModulesInManaged (8ms)
				SetLoadedEditorAssemblies (2ms)
				RefreshPlugins (2ms)
				BeforeProcessingInitializeOnLoad (262ms)
				ProcessInitializeOnLoadAttributes (561ms)
				ProcessInitializeOnLoadMethodAttributes (24ms)
				AfterProcessingInitializeOnLoad (20ms)
				EditorAssembliesLoaded (1ms)
			ExecutionOrderSort2 (0ms)
			AwakeInstancesAfterBackupRestoration (20ms)
Platform modules already initialized, skipping
Refreshing native plugins compatible for Editor in 5.38 ms, found 5 plugins.
Preloading 0 native plugins for Editor in 0.00 ms.
Unloading 3891 Unused Serialized files (Serialized files now loaded: 0)
System memory in use before: 202.9 MB.
System memory in use after: 202.2 MB.

Unloading 24 unused Assets to reduce memory usage. Loaded Objects now: 4581.
Total: 12.396200 ms (FindLiveObjects: 1.033700 ms CreateObjectMapping: 0.553300 ms MarkObjects: 7.909900 ms  DeleteObjects: 2.895100 ms)

AssetImportParameters requested are different than current active one (requested -> active):
  custom:framework-win-MediaFoundation: 216162199b28c13a410421893ffa2e32 -> 
  custom:video-decoder-ogg-theora: a1e56fd34408186e4bbccfd4996cb3dc -> 
  custom:container-muxer-webm: aa71ff27fc2769a1b78a27578f13a17b -> 
  custom:container-demuxer-webm: 4f35f7cbe854078d1ac9338744f61a02 -> 
  custom:container-demuxer-ogg: 62fdf1f143b41e24485cea50d1cbac27 -> 
  custom:video-encoder-webm-vp8: eb34c28f22e8b96e1ab97ce403110664 -> 
  custom:video-decoder-webm-vp8: 9c59270c3fd7afecdb556c50c9e8de78 -> 
  custom:audio-decoder-ogg-vorbis: bf7c407c2cedff20999df2af8eb42d56 -> 
  custom:audio-encoder-webm-vorbis: bf7c407c2cedff20999df2af8eb42d56 -> 
========================================================================
Received Prepare
Registering precompiled user dll's ...
Registered in 0.012735 seconds.
Begin MonoManager ReloadAssembly
Native extension for WindowsStandalone target not found
Refreshing native plugins compatible for Editor in 2.86 ms, found 5 plugins.
Preloading 0 native plugins for Editor in 0.00 ms.
Mono: successfully reloaded assembly
- Completed reload, in  2.408 seconds
Domain Reload Profiling:
	ReloadAssembly (2408ms)
		BeginReloadAssembly (217ms)
			ExecutionOrderSort (0ms)
			DisableScriptedObjects (13ms)
			BackupInstance (0ms)
			ReleaseScriptingObjects (0ms)
			CreateAndSetChildDomain (63ms)
		EndReloadAssembly (2030ms)
			LoadAssemblies (197ms)
			RebuildTransferFunctionScriptingTraits (0ms)
			SetupTypeCache (735ms)
			ReleaseScriptCaches (2ms)
			RebuildScriptCaches (157ms)
			SetupLoadedEditorAssemblies (729ms)
				LogAssemblyErrors (0ms)
				InitializePlatformSupportModulesInManaged (12ms)
				SetLoadedEditorAssemblies (1ms)
				RefreshPlugins (3ms)
				BeforeProcessingInitializeOnLoad (247ms)
				ProcessInitializeOnLoadAttributes (425ms)
				ProcessInitializeOnLoadMethodAttributes (19ms)
				AfterProcessingInitializeOnLoad (21ms)
				EditorAssembliesLoaded (1ms)
			ExecutionOrderSort2 (0ms)
			AwakeInstancesAfterBackupRestoration (13ms)
Platform modules already initialized, skipping
Refreshing native plugins compatible for Editor in 1.70 ms, found 5 plugins.
Preloading 0 native plugins for Editor in 0.00 ms.
Unloading 3891 Unused Serialized files (Serialized files now loaded: 0)
System memory in use before: 202.9 MB.
System memory in use after: 202.2 MB.

Unloading 24 unused Assets to reduce memory usage. Loaded Objects now: 4583.
Total: 7.693500 ms (FindLiveObjects: 0.650300 ms CreateObjectMapping: 0.514300 ms MarkObjects: 5.429800 ms  DeleteObjects: 1.097000 ms)

AssetImportParameters requested are different than current active one (requested -> active):
  custom:framework-win-MediaFoundation: 216162199b28c13a410421893ffa2e32 -> 
  custom:video-decoder-ogg-theora: a1e56fd34408186e4bbccfd4996cb3dc -> 
  custom:container-muxer-webm: aa71ff27fc2769a1b78a27578f13a17b -> 
  custom:container-demuxer-webm: 4f35f7cbe854078d1ac9338744f61a02 -> 
  custom:container-demuxer-ogg: 62fdf1f143b41e24485cea50d1cbac27 -> 
  custom:video-encoder-webm-vp8: eb34c28f22e8b96e1ab97ce403110664 -> 
  custom:video-decoder-webm-vp8: 9c59270c3fd7afecdb556c50c9e8de78 -> 
  custom:audio-decoder-ogg-vorbis: bf7c407c2cedff20999df2af8eb42d56 -> 
  custom:audio-encoder-webm-vorbis: bf7c407c2cedff20999df2af8eb42d56 -> 
========================================================================
Received Prepare
Registering precompiled user dll's ...
Registered in 0.020244 seconds.
Begin MonoManager ReloadAssembly
Native extension for WindowsStandalone target not found
Refreshing native plugins compatible for Editor in 1.69 ms, found 5 plugins.
Preloading 0 native plugins for Editor in 0.00 ms.
Mono: successfully reloaded assembly
- Completed reload, in  3.285 seconds
Domain Reload Profiling:
	ReloadAssembly (3287ms)
		BeginReloadAssembly (231ms)
			ExecutionOrderSort (0ms)
			DisableScriptedObjects (8ms)
			BackupInstance (0ms)
			ReleaseScriptingObjects (0ms)
			CreateAndSetChildDomain (63ms)
		EndReloadAssembly (2932ms)
			LoadAssemblies (235ms)
			RebuildTransferFunctionScriptingTraits (0ms)
			SetupTypeCache (705ms)
			ReleaseScriptCaches (2ms)
			RebuildScriptCaches (223ms)
			SetupLoadedEditorAssemblies (1471ms)
				LogAssemblyErrors (0ms)
				InitializePlatformSupportModulesInManaged (10ms)
				SetLoadedEditorAssemblies (1ms)
				RefreshPlugins (2ms)
				BeforeProcessingInitializeOnLoad (284ms)
				ProcessInitializeOnLoadAttributes (1128ms)
				ProcessInitializeOnLoadMethodAttributes (23ms)
				AfterProcessingInitializeOnLoad (23ms)
				EditorAssembliesLoaded (0ms)
			ExecutionOrderSort2 (0ms)
			AwakeInstancesAfterBackupRestoration (11ms)
Platform modules already initialized, skipping
Refreshing native plugins compatible for Editor in 2.91 ms, found 5 plugins.
Preloading 0 native plugins for Editor in 0.00 ms.
Unloading 3891 Unused Serialized files (Serialized files now loaded: 0)
System memory in use before: 202.9 MB.
System memory in use after: 202.2 MB.

Unloading 24 unused Assets to reduce memory usage. Loaded Objects now: 4585.
Total: 7.758300 ms (FindLiveObjects: 0.458000 ms CreateObjectMapping: 0.320500 ms MarkObjects: 6.050100 ms  DeleteObjects: 0.926800 ms)

AssetImportParameters requested are different than current active one (requested -> active):
  custom:framework-win-MediaFoundation: 216162199b28c13a410421893ffa2e32 -> 
  custom:video-decoder-ogg-theora: a1e56fd34408186e4bbccfd4996cb3dc -> 
  custom:container-muxer-webm: aa71ff27fc2769a1b78a27578f13a17b -> 
  custom:container-demuxer-webm: 4f35f7cbe854078d1ac9338744f61a02 -> 
  custom:container-demuxer-ogg: 62fdf1f143b41e24485cea50d1cbac27 -> 
  custom:video-encoder-webm-vp8: eb34c28f22e8b96e1ab97ce403110664 -> 
  custom:video-decoder-webm-vp8: 9c59270c3fd7afecdb556c50c9e8de78 -> 
  custom:audio-decoder-ogg-vorbis: bf7c407c2cedff20999df2af8eb42d56 -> 
  custom:audio-encoder-webm-vorbis: bf7c407c2cedff20999df2af8eb42d56 -> 
========================================================================
Received Prepare
Registering precompiled user dll's ...
Registered in 0.012414 seconds.
Begin MonoManager ReloadAssembly
Native extension for WindowsStandalone target not found
Refreshing native plugins compatible for Editor in 2.66 ms, found 5 plugins.
Preloading 0 native plugins for Editor in 0.00 ms.
Mono: successfully reloaded assembly
- Completed reload, in  2.776 seconds
Domain Reload Profiling:
	ReloadAssembly (2776ms)
		BeginReloadAssembly (226ms)
			ExecutionOrderSort (0ms)
			DisableScriptedObjects (9ms)
			BackupInstance (0ms)
			ReleaseScriptingObjects (0ms)
			CreateAndSetChildDomain (67ms)
		EndReloadAssembly (2413ms)
			LoadAssemblies (217ms)
			RebuildTransferFunctionScriptingTraits (0ms)
			SetupTypeCache (818ms)
			ReleaseScriptCaches (3ms)
			RebuildScriptCaches (161ms)
			SetupLoadedEditorAssemblies (895ms)
				LogAssemblyErrors (0ms)
				InitializePlatformSupportModulesInManaged (11ms)
				SetLoadedEditorAssemblies (3ms)
				RefreshPlugins (3ms)
				BeforeProcessingInitializeOnLoad (286ms)
				ProcessInitializeOnLoadAttributes (517ms)
				ProcessInitializeOnLoadMethodAttributes (39ms)
				AfterProcessingInitializeOnLoad (36ms)
				EditorAssembliesLoaded (0ms)
			ExecutionOrderSort2 (0ms)
			AwakeInstancesAfterBackupRestoration (22ms)
Platform modules already initialized, skipping
Refreshing native plugins compatible for Editor in 2.19 ms, found 5 plugins.
Preloading 0 native plugins for Editor in 0.00 ms.
Unloading 3891 Unused Serialized files (Serialized files now loaded: 0)
System memory in use before: 202.9 MB.
System memory in use after: 202.2 MB.

Unloading 24 unused Assets to reduce memory usage. Loaded Objects now: 4587.
Total: 8.756500 ms (FindLiveObjects: 0.809300 ms CreateObjectMapping: 0.502100 ms MarkObjects: 6.203900 ms  DeleteObjects: 1.238400 ms)

AssetImportParameters requested are different than current active one (requested -> active):
  custom:framework-win-MediaFoundation: 216162199b28c13a410421893ffa2e32 -> 
  custom:video-decoder-ogg-theora: a1e56fd34408186e4bbccfd4996cb3dc -> 
  custom:container-muxer-webm: aa71ff27fc2769a1b78a27578f13a17b -> 
  custom:container-demuxer-webm: 4f35f7cbe854078d1ac9338744f61a02 -> 
  custom:container-demuxer-ogg: 62fdf1f143b41e24485cea50d1cbac27 -> 
  custom:video-encoder-webm-vp8: eb34c28f22e8b96e1ab97ce403110664 -> 
  custom:video-decoder-webm-vp8: 9c59270c3fd7afecdb556c50c9e8de78 -> 
  custom:audio-decoder-ogg-vorbis: bf7c407c2cedff20999df2af8eb42d56 -> 
  custom:audio-encoder-webm-vorbis: bf7c407c2cedff20999df2af8eb42d56 -> 
========================================================================
Received Prepare
Refreshing native plugins compatible for Editor in 14.67 ms, found 5 plugins.
Preloading 0 native plugins for Editor in 0.00 ms.
Unloading 20 Unused Serialized files (Serialized files now loaded: 0)
System memory in use before: 126.6 MB.
System memory in use after: 125.9 MB.

Unloading 22 unused Assets to reduce memory usage. Loaded Objects now: 4587.
Total: 10.696100 ms (FindLiveObjects: 1.091300 ms CreateObjectMapping: 0.539700 ms MarkObjects: 7.818900 ms  DeleteObjects: 1.243700 ms)

AssetImportParameters requested are different than current active one (requested -> active):
  custom:framework-win-MediaFoundation: 216162199b28c13a410421893ffa2e32 -> 
  custom:video-decoder-ogg-theora: a1e56fd34408186e4bbccfd4996cb3dc -> 
  custom:container-muxer-webm: aa71ff27fc2769a1b78a27578f13a17b -> 
  custom:container-demuxer-webm: 4f35f7cbe854078d1ac9338744f61a02 -> 
  custom:container-demuxer-ogg: 62fdf1f143b41e24485cea50d1cbac27 -> 
  custom:video-encoder-webm-vp8: eb34c28f22e8b96e1ab97ce403110664 -> 
  custom:video-decoder-webm-vp8: 9c59270c3fd7afecdb556c50c9e8de78 -> 
  custom:audio-decoder-ogg-vorbis: bf7c407c2cedff20999df2af8eb42d56 -> 
  custom:audio-encoder-webm-vorbis: bf7c407c2cedff20999df2af8eb42d56 -> 
========================================================================
Received Prepare
Refreshing native plugins compatible for Editor in 25.10 ms, found 5 plugins.
Preloading 0 native plugins for Editor in 0.00 ms.
Unloading 20 Unused Serialized files (Serialized files now loaded: 0)
System memory in use before: 126.6 MB.
System memory in use after: 126.0 MB.

Unloading 22 unused Assets to reduce memory usage. Loaded Objects now: 4587.
Total: 19.709800 ms (FindLiveObjects: 4.251200 ms CreateObjectMapping: 1.275700 ms MarkObjects: 12.359100 ms  DeleteObjects: 1.819700 ms)

AssetImportParameters requested are different than current active one (requested -> active):
  custom:framework-win-MediaFoundation: 216162199b28c13a410421893ffa2e32 -> 
  custom:video-decoder-ogg-theora: a1e56fd34408186e4bbccfd4996cb3dc -> 
  custom:container-muxer-webm: aa71ff27fc2769a1b78a27578f13a17b -> 
  custom:container-demuxer-webm: 4f35f7cbe854078d1ac9338744f61a02 -> 
  custom:container-demuxer-ogg: 62fdf1f143b41e24485cea50d1cbac27 -> 
  custom:video-encoder-webm-vp8: eb34c28f22e8b96e1ab97ce403110664 -> 
  custom:video-decoder-webm-vp8: 9c59270c3fd7afecdb556c50c9e8de78 -> 
  custom:audio-decoder-ogg-vorbis: bf7c407c2cedff20999df2af8eb42d56 -> 
  custom:audio-encoder-webm-vorbis: bf7c407c2cedff20999df2af8eb42d56 -> 
========================================================================
Received Prepare
Registering precompiled user dll's ...
Registered in 0.050710 seconds.
Begin MonoManager ReloadAssembly
Native extension for WindowsStandalone target not found
Refreshing native plugins compatible for Editor in 3.22 ms, found 5 plugins.
Preloading 0 native plugins for Editor in 0.00 ms.
Mono: successfully reloaded assembly
- Completed reload, in  4.435 seconds
Domain Reload Profiling:
	ReloadAssembly (4437ms)
		BeginReloadAssembly (482ms)
			ExecutionOrderSort (0ms)
			DisableScriptedObjects (18ms)
			BackupInstance (0ms)
			ReleaseScriptingObjects (1ms)
			CreateAndSetChildDomain (200ms)
		EndReloadAssembly (3652ms)
			LoadAssemblies (348ms)
			RebuildTransferFunctionScriptingTraits (0ms)
			SetupTypeCache (1395ms)
			ReleaseScriptCaches (4ms)
			RebuildScriptCaches (237ms)
			SetupLoadedEditorAssemblies (1224ms)
				LogAssemblyErrors (0ms)
				InitializePlatformSupportModulesInManaged (11ms)
				SetLoadedEditorAssemblies (1ms)
				RefreshPlugins (3ms)
				BeforeProcessingInitializeOnLoad (327ms)
				ProcessInitializeOnLoadAttributes (818ms)
				ProcessInitializeOnLoadMethodAttributes (28ms)
				AfterProcessingInitializeOnLoad (35ms)
				EditorAssembliesLoaded (0ms)
			ExecutionOrderSort2 (0ms)
			AwakeInstancesAfterBackupRestoration (25ms)
Platform modules already initialized, skipping
Refreshing native plugins compatible for Editor in 2.69 ms, found 5 plugins.
Preloading 0 native plugins for Editor in 0.00 ms.
Unloading 3891 Unused Serialized files (Serialized files now loaded: 0)
System memory in use before: 202.9 MB.
System memory in use after: 202.2 MB.

Unloading 24 unused Assets to reduce memory usage. Loaded Objects now: 4589.
Total: 8.535000 ms (FindLiveObjects: 0.457100 ms CreateObjectMapping: 0.271900 ms MarkObjects: 6.804900 ms  DeleteObjects: 0.998400 ms)

AssetImportParameters requested are different than current active one (requested -> active):
  custom:framework-win-MediaFoundation: 216162199b28c13a410421893ffa2e32 -> 
  custom:video-decoder-ogg-theora: a1e56fd34408186e4bbccfd4996cb3dc -> 
  custom:container-muxer-webm: aa71ff27fc2769a1b78a27578f13a17b -> 
  custom:container-demuxer-webm: 4f35f7cbe854078d1ac9338744f61a02 -> 
  custom:container-demuxer-ogg: 62fdf1f143b41e24485cea50d1cbac27 -> 
  custom:video-encoder-webm-vp8: eb34c28f22e8b96e1ab97ce403110664 -> 
  custom:video-decoder-webm-vp8: 9c59270c3fd7afecdb556c50c9e8de78 -> 
  custom:audio-decoder-ogg-vorbis: bf7c407c2cedff20999df2af8eb42d56 -> 
  custom:audio-encoder-webm-vorbis: bf7c407c2cedff20999df2af8eb42d56 -> 
========================================================================
Received Import Request.
  Time since last request: 3980.756325 seconds.
  path: Assets/Abandoned_Asylum/Models/Antlers_2.fbx
  artifactKey: Guid(a190d0adaa92bb841aaaa5e1ea4b65d1) Importer(815301076,1909f56bfc062723c751e8b465ee728b)
Start importing Assets/Abandoned_Asylum/Models/Antlers_2.fbx using Guid(a190d0adaa92bb841aaaa5e1ea4b65d1) Importer(815301076,1909f56bfc062723c751e8b465ee728b)  -> (artifact id: '7f79bdae7410284f48cc13402c5cb535') in 3.729973 seconds 
  Import took 3.754704 seconds .

========================================================================
Received Import Request.
  Time since last request: 16.564429 seconds.
  path: Assets/Abandoned_Asylum/Show
  artifactKey: Guid(752a401efe31bc2478a5b2bdb8cdc076) Importer(815301076,1909f56bfc062723c751e8b465ee728b)
Start importing Assets/Abandoned_Asylum/Show using Guid(752a401efe31bc2478a5b2bdb8cdc076) Importer(815301076,1909f56bfc062723c751e8b465ee728b)  -> (artifact id: '4e6af519915bd844ae5e12759730334f') in 0.031203 seconds 
  Import took 0.050171 seconds .

========================================================================
Received Import Request.
  Time since last request: 6.136560 seconds.
  path: Assets/Abandoned_Asylum/Show_Assets
  artifactKey: Guid(f13f4e7f5a7405b449595ad4ae8101e4) Importer(815301076,1909f56bfc062723c751e8b465ee728b)
Start importing Assets/Abandoned_Asylum/Show_Assets using Guid(f13f4e7f5a7405b449595ad4ae8101e4) Importer(815301076,1909f56bfc062723c751e8b465ee728b)  -> (artifact id: 'bc746edb371f08b921ba92944b0f3412') in 0.032360 seconds 
  Import took 0.065546 seconds .

========================================================================
Received Import Request.
  Time since last request: 42.245780 seconds.
  path: Assets/AssetStore Packs/OldSovietCabinet
  artifactKey: Guid(3d68e09993b52ee46a0fa97d75727db5) Importer(815301076,1909f56bfc062723c751e8b465ee728b)
Start importing Assets/AssetStore Packs/OldSovietCabinet using Guid(3d68e09993b52ee46a0fa97d75727db5) Importer(815301076,1909f56bfc062723c751e8b465ee728b)  -> (artifact id: '1a9dffc816c41ebdc24a36b611244b44') in 0.053527 seconds 
  Import took 0.085303 seconds .

========================================================================
Received Import Request.
  Time since last request: 4.561021 seconds.
  path: Assets/AssetStore Packs/Old Military Bed (HQ)
  artifactKey: Guid(788d7ef41e66d9b49bfea2d505dda135) Importer(815301076,1909f56bfc062723c751e8b465ee728b)
Start importing Assets/AssetStore Packs/Old Military Bed (HQ) using Guid(788d7ef41e66d9b49bfea2d505dda135) Importer(815301076,1909f56bfc062723c751e8b465ee728b)  -> (artifact id: '7bb838aa447928ff01003e681664bdb9') in 0.020572 seconds 
  Import took 0.037546 seconds .

========================================================================
Received Import Request.
  Time since last request: 23.992361 seconds.
  path: Assets/Keypad
  artifactKey: Guid(3b1beac8fae5c47d98b9980884ecc97c) Importer(815301076,1909f56bfc062723c751e8b465ee728b)
Start importing Assets/Keypad using Guid(3b1beac8fae5c47d98b9980884ecc97c) Importer(815301076,1909f56bfc062723c751e8b465ee728b)  -> (artifact id: 'c01702cef90e914d927ad64c9c291dda') in 0.022214 seconds 
  Import took 0.043332 seconds .

========================================================================
Received Prepare
Registering precompiled user dll's ...
Registered in 0.025833 seconds.
Begin MonoManager ReloadAssembly
Native extension for WindowsStandalone target not found
Refreshing native plugins compatible for Editor in 1.68 ms, found 5 plugins.
Preloading 0 native plugins for Editor in 0.00 ms.
Mono: successfully reloaded assembly
- Completed reload, in  2.797 seconds
Domain Reload Profiling:
	ReloadAssembly (2798ms)
		BeginReloadAssembly (296ms)
			ExecutionOrderSort (0ms)
			DisableScriptedObjects (10ms)
			BackupInstance (0ms)
			ReleaseScriptingObjects (0ms)
			CreateAndSetChildDomain (90ms)
		EndReloadAssembly (2357ms)
			LoadAssemblies (237ms)
			RebuildTransferFunctionScriptingTraits (0ms)
			SetupTypeCache (871ms)
			ReleaseScriptCaches (2ms)
			RebuildScriptCaches (159ms)
			SetupLoadedEditorAssemblies (841ms)
				LogAssemblyErrors (0ms)
				InitializePlatformSupportModulesInManaged (13ms)
				SetLoadedEditorAssemblies (1ms)
				RefreshPlugins (2ms)
				BeforeProcessingInitializeOnLoad (312ms)
				ProcessInitializeOnLoadAttributes (468ms)
				ProcessInitializeOnLoadMethodAttributes (22ms)
				AfterProcessingInitializeOnLoad (22ms)
				EditorAssembliesLoaded (0ms)
			ExecutionOrderSort2 (0ms)
			AwakeInstancesAfterBackupRestoration (14ms)
Platform modules already initialized, skipping
Refreshing native plugins compatible for Editor in 1.69 ms, found 5 plugins.
Preloading 0 native plugins for Editor in 0.00 ms.
Unloading 3890 Unused Serialized files (Serialized files now loaded: 0)
System memory in use before: 203.2 MB.
System memory in use after: 202.5 MB.

Unloading 25 unused Assets to reduce memory usage. Loaded Objects now: 4598.
Total: 6.957700 ms (FindLiveObjects: 0.456700 ms CreateObjectMapping: 0.329000 ms MarkObjects: 5.255900 ms  DeleteObjects: 0.914000 ms)

AssetImportParameters requested are different than current active one (requested -> active):
  custom:framework-win-MediaFoundation: 216162199b28c13a410421893ffa2e32 -> 
  custom:video-decoder-ogg-theora: a1e56fd34408186e4bbccfd4996cb3dc -> 
  custom:container-muxer-webm: aa71ff27fc2769a1b78a27578f13a17b -> 
  custom:container-demuxer-webm: 4f35f7cbe854078d1ac9338744f61a02 -> 
  custom:container-demuxer-ogg: 62fdf1f143b41e24485cea50d1cbac27 -> 
  custom:video-encoder-webm-vp8: eb34c28f22e8b96e1ab97ce403110664 -> 
  custom:video-decoder-webm-vp8: 9c59270c3fd7afecdb556c50c9e8de78 -> 
  custom:audio-decoder-ogg-vorbis: bf7c407c2cedff20999df2af8eb42d56 -> 
  custom:audio-encoder-webm-vorbis: bf7c407c2cedff20999df2af8eb42d56 -> 
========================================================================
Received Import Request.
  Time since last request: 25.270510 seconds.
  path: Assets/HorrorEnvironment_AbandonedManor/Standard Assets/Image Effects (Pro Only)/_Sources/Shaders
  artifactKey: Guid(78e6c6985583aed489912f4e125e3bbf) Importer(815301076,1909f56bfc062723c751e8b465ee728b)
Start importing Assets/HorrorEnvironment_AbandonedManor/Standard Assets/Image Effects (Pro Only)/_Sources/Shaders using Guid(78e6c6985583aed489912f4e125e3bbf) Importer(815301076,1909f56bfc062723c751e8b465ee728b)  -> (artifact id: '3daa624c964d1f31915f13870b8e4f27') in 0.037091 seconds 
  Import took 0.071643 seconds .

========================================================================
Received Import Request.
  Time since last request: 5.173275 seconds.
  path: Assets/HorrorEnvironment_AbandonedManor
  artifactKey: Guid(24331b0e1d7311642b8045abbfcd4da3) Importer(815301076,1909f56bfc062723c751e8b465ee728b)
Start importing Assets/HorrorEnvironment_AbandonedManor using Guid(24331b0e1d7311642b8045abbfcd4da3) Importer(815301076,1909f56bfc062723c751e8b465ee728b)  -> (artifact id: '493a186c3ae9953393ae89f3f4d11018') in 0.026278 seconds 
  Import took 0.041748 seconds .

========================================================================
Received Import Request.
  Time since last request: 6.963065 seconds.
  path: Assets/Record_player
  artifactKey: Guid(9fdf67544809d7a47962e6f0edc48fbb) Importer(815301076,1909f56bfc062723c751e8b465ee728b)
Start importing Assets/Record_player using Guid(9fdf67544809d7a47962e6f0edc48fbb) Importer(815301076,1909f56bfc062723c751e8b465ee728b)  -> (artifact id: '0495db775aa9c24fc83a95a1be1128fd') in 0.036203 seconds 
  Import took 0.088252 seconds .

========================================================================
Received Prepare
Registering precompiled user dll's ...
Registered in 0.015828 seconds.
Begin MonoManager ReloadAssembly
Native extension for WindowsStandalone target not found
Refreshing native plugins compatible for Editor in 2.47 ms, found 5 plugins.
Preloading 0 native plugins for Editor in 0.00 ms.
Mono: successfully reloaded assembly
- Completed reload, in  2.911 seconds
Domain Reload Profiling:
	ReloadAssembly (2912ms)
		BeginReloadAssembly (244ms)
			ExecutionOrderSort (0ms)
			DisableScriptedObjects (9ms)
			BackupInstance (0ms)
			ReleaseScriptingObjects (0ms)
			CreateAndSetChildDomain (61ms)
		EndReloadAssembly (2500ms)
			LoadAssemblies (244ms)
			RebuildTransferFunctionScriptingTraits (0ms)
			SetupTypeCache (873ms)
			ReleaseScriptCaches (5ms)
			RebuildScriptCaches (158ms)
			SetupLoadedEditorAssemblies (925ms)
				LogAssemblyErrors (0ms)
				InitializePlatformSupportModulesInManaged (10ms)
				SetLoadedEditorAssemblies (1ms)
				RefreshPlugins (3ms)
				BeforeProcessingInitializeOnLoad (282ms)
				ProcessInitializeOnLoadAttributes (582ms)
				ProcessInitializeOnLoadMethodAttributes (22ms)
				AfterProcessingInitializeOnLoad (23ms)
				EditorAssembliesLoaded (1ms)
			ExecutionOrderSort2 (0ms)
			AwakeInstancesAfterBackupRestoration (27ms)
Platform modules already initialized, skipping
Refreshing native plugins compatible for Editor in 2.27 ms, found 5 plugins.
Preloading 0 native plugins for Editor in 0.00 ms.
Unloading 3888 Unused Serialized files (Serialized files now loaded: 0)
System memory in use before: 203.0 MB.
System memory in use after: 202.4 MB.

Unloading 24 unused Assets to reduce memory usage. Loaded Objects now: 4599.
Total: 41.838800 ms (FindLiveObjects: 31.424800 ms CreateObjectMapping: 0.708100 ms MarkObjects: 8.752000 ms  DeleteObjects: 0.950200 ms)

AssetImportParameters requested are different than current active one (requested -> active):
  custom:framework-win-MediaFoundation: 216162199b28c13a410421893ffa2e32 -> 
  custom:video-decoder-ogg-theora: a1e56fd34408186e4bbccfd4996cb3dc -> 
  custom:container-muxer-webm: aa71ff27fc2769a1b78a27578f13a17b -> 
  custom:container-demuxer-webm: 4f35f7cbe854078d1ac9338744f61a02 -> 
  custom:container-demuxer-ogg: 62fdf1f143b41e24485cea50d1cbac27 -> 
  custom:video-encoder-webm-vp8: eb34c28f22e8b96e1ab97ce403110664 -> 
  custom:video-decoder-webm-vp8: 9c59270c3fd7afecdb556c50c9e8de78 -> 
  custom:audio-decoder-ogg-vorbis: bf7c407c2cedff20999df2af8eb42d56 -> 
  custom:audio-encoder-webm-vorbis: bf7c407c2cedff20999df2af8eb42d56 -> 
========================================================================
Received Import Request.
  Time since last request: 48.578919 seconds.
  path: Assets/Sun_Temple/Scenes
  artifactKey: Guid(c973ee7d1be8d1e44a839b65579201c1) Importer(815301076,1909f56bfc062723c751e8b465ee728b)
Start importing Assets/Sun_Temple/Scenes using Guid(c973ee7d1be8d1e44a839b65579201c1) Importer(815301076,1909f56bfc062723c751e8b465ee728b)  -> (artifact id: '7cdf3479de375307b60f2aaf5475de5e') in 0.025569 seconds 
  Import took 0.048764 seconds .

========================================================================
Received Import Request.
  Time since last request: 4.688857 seconds.
  path: Assets/Sun_Temple/Resources
  artifactKey: Guid(1979ca784c998c541b2085cbc3302779) Importer(815301076,1909f56bfc062723c751e8b465ee728b)
Start importing Assets/Sun_Temple/Resources using Guid(1979ca784c998c541b2085cbc3302779) Importer(815301076,1909f56bfc062723c751e8b465ee728b)  -> (artifact id: '001aead7d2c238dcc071cacc64868d42') in 0.019989 seconds 
  Import took 0.036630 seconds .

========================================================================
Received Import Request.
  Time since last request: 14.373517 seconds.
  path: Assets/Sun_Temple/Prefabs/Decals
  artifactKey: Guid(589032b8c987ab14ebf27fd820940504) Importer(815301076,1909f56bfc062723c751e8b465ee728b)
Start importing Assets/Sun_Temple/Prefabs/Decals using Guid(589032b8c987ab14ebf27fd820940504) Importer(815301076,1909f56bfc062723c751e8b465ee728b)  -> (artifact id: 'a0baa8bf6021ab3d368a5f2d7682e84e') in 0.019684 seconds 
  Import took 0.034106 seconds .

========================================================================
Received Import Request.
  Time since last request: 9.570052 seconds.
  path: Assets/Sun_Temple/Prefabs/Helpers/HLP_BuildingInterior.prefab
  artifactKey: Guid(7827645bb49253445a7d64072959e9dc) Importer(815301076,1909f56bfc062723c751e8b465ee728b)
Start importing Assets/Sun_Temple/Prefabs/Helpers/HLP_BuildingInterior.prefab using Guid(7827645bb49253445a7d64072959e9dc) Importer(815301076,1909f56bfc062723c751e8b465ee728b)  -> (artifact id: '4b31b32c8586c909b727909d274f6bec') in 0.144307 seconds 
  Import took 0.165023 seconds .

========================================================================
Received Import Request.
  Time since last request: 5.886826 seconds.
  path: Assets/Sun_Temple/Prefabs/Helpers/HLP_BuildingParent.prefab
  artifactKey: Guid(4286b2c0fb95d7b45ba201f1ae18ed5f) Importer(815301076,1909f56bfc062723c751e8b465ee728b)
Start importing Assets/Sun_Temple/Prefabs/Helpers/HLP_BuildingParent.prefab using Guid(4286b2c0fb95d7b45ba201f1ae18ed5f) Importer(815301076,1909f56bfc062723c751e8b465ee728b)  -> (artifact id: 'cbf1a812b378f2655929a818535fabe0') in 0.075192 seconds 
  Import took 0.102591 seconds .

========================================================================
Received Import Request.
  Time since last request: 0.599195 seconds.
  path: Assets/Sun_Temple/Prefabs/Helpers/HLP_MiscObjects.prefab
  artifactKey: Guid(894cf59766e74da4b98d9fca56d1954b) Importer(815301076,1909f56bfc062723c751e8b465ee728b)
Start importing Assets/Sun_Temple/Prefabs/Helpers/HLP_MiscObjects.prefab using Guid(894cf59766e74da4b98d9fca56d1954b) Importer(815301076,1909f56bfc062723c751e8b465ee728b)  -> (artifact id: '33f5830457d9469cf245f93a761dc44e') in 0.059003 seconds 
  Import took 0.082665 seconds .

========================================================================
Received Import Request.
  Time since last request: 0.993236 seconds.
  path: Assets/Sun_Temple/Prefabs/Helpers/HLP_Settings.prefab
  artifactKey: Guid(bdbea9488ff0b1548ad5d20f7075462d) Importer(815301076,1909f56bfc062723c751e8b465ee728b)
Start importing Assets/Sun_Temple/Prefabs/Helpers/HLP_Settings.prefab using Guid(bdbea9488ff0b1548ad5d20f7075462d) Importer(815301076,1909f56bfc062723c751e8b465ee728b)  -> (artifact id: '6c973b3afb993de806edf4f7c0ca412a') in 0.134343 seconds 
  Import took 0.165535 seconds .

========================================================================
Received Import Request.
  Time since last request: 1.285337 seconds.
  path: Assets/Sun_Temple/Prefabs/Helpers
  artifactKey: Guid(9a00e6faad6b7c345992897c6aa2268c) Importer(815301076,1909f56bfc062723c751e8b465ee728b)
Start importing Assets/Sun_Temple/Prefabs/Helpers using Guid(9a00e6faad6b7c345992897c6aa2268c) Importer(815301076,1909f56bfc062723c751e8b465ee728b)  -> (artifact id: '5ccba5144d0e9c7ca9b9f19076f6df64') in 0.024057 seconds 
  Import took 0.037320 seconds .

========================================================================
Received Import Request.
  Time since last request: 13.916210 seconds.
  path: Assets/Viverna_Assets
  artifactKey: Guid(316f35ec1c1e52f44b584771e1d4bf75) Importer(815301076,1909f56bfc062723c751e8b465ee728b)
Start importing Assets/Viverna_Assets using Guid(316f35ec1c1e52f44b584771e1d4bf75) Importer(815301076,1909f56bfc062723c751e8b465ee728b)  -> (artifact id: '3458039959be76ce507c15e25f60258c') in 0.021501 seconds 
  Import took 0.038046 seconds .

========================================================================
Received Prepare
Registering precompiled user dll's ...
Registered in 0.012657 seconds.
Begin MonoManager ReloadAssembly
Native extension for WindowsStandalone target not found
Refreshing native plugins compatible for Editor in 1.66 ms, found 5 plugins.
Preloading 0 native plugins for Editor in 0.00 ms.
Mono: successfully reloaded assembly
- Completed reload, in  3.151 seconds
Domain Reload Profiling:
	ReloadAssembly (3152ms)
		BeginReloadAssembly (382ms)
			ExecutionOrderSort (0ms)
			DisableScriptedObjects (10ms)
			BackupInstance (0ms)
			ReleaseScriptingObjects (0ms)
			CreateAndSetChildDomain (127ms)
		EndReloadAssembly (2577ms)
			LoadAssemblies (332ms)
			RebuildTransferFunctionScriptingTraits (0ms)
			SetupTypeCache (980ms)
			ReleaseScriptCaches (3ms)
			RebuildScriptCaches (180ms)
			SetupLoadedEditorAssemblies (890ms)
				LogAssemblyErrors (0ms)
				InitializePlatformSupportModulesInManaged (12ms)
				SetLoadedEditorAssemblies (1ms)
				RefreshPlugins (2ms)
				BeforeProcessingInitializeOnLoad (291ms)
				ProcessInitializeOnLoadAttributes (509ms)
				ProcessInitializeOnLoadMethodAttributes (56ms)
				AfterProcessingInitializeOnLoad (20ms)
				EditorAssembliesLoaded (0ms)
			ExecutionOrderSort2 (0ms)
			AwakeInstancesAfterBackupRestoration (14ms)
Platform modules already initialized, skipping
Refreshing native plugins compatible for Editor in 1.64 ms, found 5 plugins.
Preloading 0 native plugins for Editor in 0.00 ms.
Unloading 3888 Unused Serialized files (Serialized files now loaded: 0)
System memory in use before: 202.9 MB.
System memory in use after: 202.3 MB.

Unloading 23 unused Assets to reduce memory usage. Loaded Objects now: 4602.
Total: 8.799200 ms (FindLiveObjects: 0.637500 ms CreateObjectMapping: 0.481900 ms MarkObjects: 5.226700 ms  DeleteObjects: 2.450100 ms)

AssetImportParameters requested are different than current active one (requested -> active):
  custom:framework-win-MediaFoundation: 216162199b28c13a410421893ffa2e32 -> 
  custom:video-decoder-ogg-theora: a1e56fd34408186e4bbccfd4996cb3dc -> 
  custom:container-muxer-webm: aa71ff27fc2769a1b78a27578f13a17b -> 
  custom:container-demuxer-webm: 4f35f7cbe854078d1ac9338744f61a02 -> 
  custom:container-demuxer-ogg: 62fdf1f143b41e24485cea50d1cbac27 -> 
  custom:video-encoder-webm-vp8: eb34c28f22e8b96e1ab97ce403110664 -> 
  custom:video-decoder-webm-vp8: 9c59270c3fd7afecdb556c50c9e8de78 -> 
  custom:audio-decoder-ogg-vorbis: bf7c407c2cedff20999df2af8eb42d56 -> 
  custom:audio-encoder-webm-vorbis: bf7c407c2cedff20999df2af8eb42d56 -> 
========================================================================
Received Prepare
Refreshing native plugins compatible for Editor in 24.71 ms, found 5 plugins.
Preloading 0 native plugins for Editor in 0.00 ms.
Unloading 19 Unused Serialized files (Serialized files now loaded: 0)
System memory in use before: 126.7 MB.
System memory in use after: 126.0 MB.

Unloading 21 unused Assets to reduce memory usage. Loaded Objects now: 4602.
Total: 13.230100 ms (FindLiveObjects: 0.816600 ms CreateObjectMapping: 0.506600 ms MarkObjects: 9.191600 ms  DeleteObjects: 2.712500 ms)

AssetImportParameters requested are different than current active one (requested -> active):
  custom:framework-win-MediaFoundation: 216162199b28c13a410421893ffa2e32 -> 
  custom:video-decoder-ogg-theora: a1e56fd34408186e4bbccfd4996cb3dc -> 
  custom:container-muxer-webm: aa71ff27fc2769a1b78a27578f13a17b -> 
  custom:container-demuxer-webm: 4f35f7cbe854078d1ac9338744f61a02 -> 
  custom:container-demuxer-ogg: 62fdf1f143b41e24485cea50d1cbac27 -> 
  custom:video-encoder-webm-vp8: eb34c28f22e8b96e1ab97ce403110664 -> 
  custom:video-decoder-webm-vp8: 9c59270c3fd7afecdb556c50c9e8de78 -> 
  custom:audio-decoder-ogg-vorbis: bf7c407c2cedff20999df2af8eb42d56 -> 
  custom:audio-encoder-webm-vorbis: bf7c407c2cedff20999df2af8eb42d56 -> 
========================================================================
Received Prepare
Registering precompiled user dll's ...
Registered in 0.012367 seconds.
Begin MonoManager ReloadAssembly
Native extension for WindowsStandalone target not found
Refreshing native plugins compatible for Editor in 1.92 ms, found 5 plugins.
Preloading 0 native plugins for Editor in 0.00 ms.
Mono: successfully reloaded assembly
- Completed reload, in  2.384 seconds
Domain Reload Profiling:
	ReloadAssembly (2385ms)
		BeginReloadAssembly (210ms)
			ExecutionOrderSort (0ms)
			DisableScriptedObjects (9ms)
			BackupInstance (0ms)
			ReleaseScriptingObjects (0ms)
			CreateAndSetChildDomain (59ms)
		EndReloadAssembly (2039ms)
			LoadAssemblies (194ms)
			RebuildTransferFunctionScriptingTraits (0ms)
			SetupTypeCache (759ms)
			ReleaseScriptCaches (5ms)
			RebuildScriptCaches (159ms)
			SetupLoadedEditorAssemblies (723ms)
				LogAssemblyErrors (0ms)
				InitializePlatformSupportModulesInManaged (11ms)
				SetLoadedEditorAssemblies (1ms)
				RefreshPlugins (2ms)
				BeforeProcessingInitializeOnLoad (247ms)
				ProcessInitializeOnLoadAttributes (420ms)
				ProcessInitializeOnLoadMethodAttributes (24ms)
				AfterProcessingInitializeOnLoad (18ms)
				EditorAssembliesLoaded (0ms)
			ExecutionOrderSort2 (0ms)
			AwakeInstancesAfterBackupRestoration (13ms)
Platform modules already initialized, skipping
Refreshing native plugins compatible for Editor in 1.98 ms, found 5 plugins.
Preloading 0 native plugins for Editor in 0.00 ms.
Unloading 3888 Unused Serialized files (Serialized files now loaded: 0)
System memory in use before: 202.9 MB.
System memory in use after: 202.3 MB.

Unloading 23 unused Assets to reduce memory usage. Loaded Objects now: 4604.
Total: 11.207500 ms (FindLiveObjects: 0.968400 ms CreateObjectMapping: 0.492700 ms MarkObjects: 8.452100 ms  DeleteObjects: 1.290900 ms)

AssetImportParameters requested are different than current active one (requested -> active):
  custom:framework-win-MediaFoundation: 216162199b28c13a410421893ffa2e32 -> 
  custom:video-decoder-ogg-theora: a1e56fd34408186e4bbccfd4996cb3dc -> 
  custom:container-muxer-webm: aa71ff27fc2769a1b78a27578f13a17b -> 
  custom:container-demuxer-webm: 4f35f7cbe854078d1ac9338744f61a02 -> 
  custom:container-demuxer-ogg: 62fdf1f143b41e24485cea50d1cbac27 -> 
  custom:video-encoder-webm-vp8: eb34c28f22e8b96e1ab97ce403110664 -> 
  custom:video-decoder-webm-vp8: 9c59270c3fd7afecdb556c50c9e8de78 -> 
  custom:audio-decoder-ogg-vorbis: bf7c407c2cedff20999df2af8eb42d56 -> 
  custom:audio-encoder-webm-vorbis: bf7c407c2cedff20999df2af8eb42d56 -> 
========================================================================
Received Prepare
Refreshing native plugins compatible for Editor in 18.99 ms, found 5 plugins.
Preloading 0 native plugins for Editor in 0.00 ms.
Unloading 19 Unused Serialized files (Serialized files now loaded: 0)
System memory in use before: 126.7 MB.
System memory in use after: 126.1 MB.

Unloading 21 unused Assets to reduce memory usage. Loaded Objects now: 4604.
Total: 12.752400 ms (FindLiveObjects: 0.773200 ms CreateObjectMapping: 0.389300 ms MarkObjects: 10.449100 ms  DeleteObjects: 1.138200 ms)

AssetImportParameters requested are different than current active one (requested -> active):
  custom:framework-win-MediaFoundation: 216162199b28c13a410421893ffa2e32 -> 
  custom:video-decoder-ogg-theora: a1e56fd34408186e4bbccfd4996cb3dc -> 
  custom:container-muxer-webm: aa71ff27fc2769a1b78a27578f13a17b -> 
  custom:container-demuxer-webm: 4f35f7cbe854078d1ac9338744f61a02 -> 
  custom:container-demuxer-ogg: 62fdf1f143b41e24485cea50d1cbac27 -> 
  custom:video-encoder-webm-vp8: eb34c28f22e8b96e1ab97ce403110664 -> 
  custom:video-decoder-webm-vp8: 9c59270c3fd7afecdb556c50c9e8de78 -> 
  custom:audio-decoder-ogg-vorbis: bf7c407c2cedff20999df2af8eb42d56 -> 
  custom:audio-encoder-webm-vorbis: bf7c407c2cedff20999df2af8eb42d56 -> 
AssetImportWorkerClient::OnTransportError - code=2 error=End of file
