Using pre-set license
Built from '2020.3/staging' branch; Version is '2020.3.20f1 (41c4e627c95f) revision 4310246'; Using compiler version '192528614'; Build Type 'Release'
OS: 'Windows 10 Home; OS build 19043.1466; Version 2009; 64bit' Language: 'de' Physical Memory: 16269 MB
BatchMode: 1, IsHumanControllingUs: 0, StartBugReporterOnCrash: 0, Is64bit: 1, IsPro: 0

COMMAND LINE ARGUMENTS:
C:\Program Files\Unity\Hub\Editor\2020.3.20f1\Editor\Unity.exe
-adb2
-batchMode
-noUpm
-name
AssetImportWorker0
-projectPath
C:/Users/synac/Desktop/Creating Games v2/OMN/Omn
-logFile
Logs/AssetImportWorker0.log
-srvPort
26069
Successfully changed project path to: C:/Users/synac/Desktop/Creating Games v2/OMN/Omn
C:/Users/synac/Desktop/Creating Games v2/OMN/Omn
Using Asset Import Pipeline V2.
Refreshing native plugins compatible for Editor in 262.10 ms, found 5 plugins.
Preloading 0 native plugins for Editor in 0.00 ms.
Initialize engine version: 2020.3.20f1 (41c4e627c95f)
[Subsystems] Discovering subsystems at path C:/Program Files/Unity/Hub/Editor/2020.3.20f1/Editor/Data/Resources/UnitySubsystems
[Subsystems] Discovering subsystems at path C:/Users/synac/Desktop/Creating Games v2/OMN/Omn/Assets
GfxDevice: creating device client; threaded=0
Direct3D:
    Version:  Direct3D 11.0 [level 11.0]
    Renderer: NVIDIA GeForce 610M (ID=0x1058)
    Vendor:   
    VRAM:     2000 MB
    Driver:   23.21.13.8873
Initialize mono
Mono path[0] = 'C:/Program Files/Unity/Hub/Editor/2020.3.20f1/Editor/Data/Managed'
Mono path[1] = 'C:/Program Files/Unity/Hub/Editor/2020.3.20f1/Editor/Data/MonoBleedingEdge/lib/mono/unityjit'
Mono config path = 'C:/Program Files/Unity/Hub/Editor/2020.3.20f1/Editor/Data/MonoBleedingEdge/etc'
Using monoOptions --debugger-agent=transport=dt_socket,embedding=1,server=y,suspend=n,address=127.0.0.1:56920
Begin MonoManager ReloadAssembly
Registering precompiled unity dll's ...
Register platform support module: C:/Program Files/Unity/Hub/Editor/2020.3.20f1/Editor/Data/PlaybackEngines/WindowsStandaloneSupport/UnityEditor.WindowsStandalone.Extensions.dll
Registered in 0.004949 seconds.
Native extension for WindowsStandalone target not found
Refreshing native plugins compatible for Editor in 236.95 ms, found 5 plugins.
Preloading 0 native plugins for Editor in 0.00 ms.
Mono: successfully reloaded assembly
- Completed reload, in  9.963 seconds
Domain Reload Profiling:
	ReloadAssembly (9963ms)
		BeginReloadAssembly (113ms)
			ExecutionOrderSort (0ms)
			DisableScriptedObjects (0ms)
			BackupInstance (0ms)
			ReleaseScriptingObjects (0ms)
			CreateAndSetChildDomain (1ms)
		EndReloadAssembly (1012ms)
			LoadAssemblies (108ms)
			RebuildTransferFunctionScriptingTraits (0ms)
			SetupTypeCache (285ms)
			ReleaseScriptCaches (0ms)
			RebuildScriptCaches (66ms)
			SetupLoadedEditorAssemblies (488ms)
				LogAssemblyErrors (0ms)
				InitializePlatformSupportModulesInManaged (7ms)
				SetLoadedEditorAssemblies (3ms)
				RefreshPlugins (237ms)
				BeforeProcessingInitializeOnLoad (26ms)
				ProcessInitializeOnLoadAttributes (163ms)
				ProcessInitializeOnLoadMethodAttributes (52ms)
				AfterProcessingInitializeOnLoad (0ms)
				EditorAssembliesLoaded (0ms)
			ExecutionOrderSort2 (0ms)
			AwakeInstancesAfterBackupRestoration (0ms)
Platform modules already initialized, skipping
Registering precompiled user dll's ...
Registered in 0.011514 seconds.
Begin MonoManager ReloadAssembly
Native extension for WindowsStandalone target not found
Refreshing native plugins compatible for Editor in 222.84 ms, found 5 plugins.
Preloading 0 native plugins for Editor in 0.00 ms.
Mono: successfully reloaded assembly
- Completed reload, in  5.740 seconds
Domain Reload Profiling:
	ReloadAssembly (5741ms)
		BeginReloadAssembly (281ms)
			ExecutionOrderSort (0ms)
			DisableScriptedObjects (9ms)
			BackupInstance (0ms)
			ReleaseScriptingObjects (0ms)
			CreateAndSetChildDomain (28ms)
		EndReloadAssembly (5329ms)
			LoadAssemblies (196ms)
			RebuildTransferFunctionScriptingTraits (0ms)
			SetupTypeCache (3017ms)
			ReleaseScriptCaches (1ms)
			RebuildScriptCaches (198ms)
			SetupLoadedEditorAssemblies (1642ms)
				LogAssemblyErrors (0ms)
				InitializePlatformSupportModulesInManaged (7ms)
				SetLoadedEditorAssemblies (0ms)
				RefreshPlugins (223ms)
				BeforeProcessingInitializeOnLoad (224ms)
				ProcessInitializeOnLoadAttributes (1152ms)
				ProcessInitializeOnLoadMethodAttributes (17ms)
				AfterProcessingInitializeOnLoad (18ms)
				EditorAssembliesLoaded (0ms)
			ExecutionOrderSort2 (0ms)
			AwakeInstancesAfterBackupRestoration (12ms)
Platform modules already initialized, skipping
========================================================================
Worker process is ready to serve import requests
Launched and connected shader compiler UnityShaderCompiler.exe after 0.13 seconds
Refreshing native plugins compatible for Editor in 1.58 ms, found 5 plugins.
Preloading 0 native plugins for Editor in 0.00 ms.
Unloading 4041 Unused Serialized files (Serialized files now loaded: 0)
System memory in use before: 212.4 MB.
System memory in use after: 211.7 MB.

Unloading 28 unused Assets to reduce memory usage. Loaded Objects now: 4503.
Total: 7.231300 ms (FindLiveObjects: 0.426900 ms CreateObjectMapping: 0.224200 ms MarkObjects: 5.819200 ms  DeleteObjects: 0.758700 ms)

AssetImportParameters requested are different than current active one (requested -> active):
  custom:framework-win-MediaFoundation: 216162199b28c13a410421893ffa2e32 -> 
  custom:video-decoder-ogg-theora: a1e56fd34408186e4bbccfd4996cb3dc -> 
  custom:container-muxer-webm: aa71ff27fc2769a1b78a27578f13a17b -> 
  custom:container-demuxer-webm: 4f35f7cbe854078d1ac9338744f61a02 -> 
  custom:container-demuxer-ogg: 62fdf1f143b41e24485cea50d1cbac27 -> 
  custom:video-encoder-webm-vp8: eb34c28f22e8b96e1ab97ce403110664 -> 
  custom:video-decoder-webm-vp8: 9c59270c3fd7afecdb556c50c9e8de78 -> 
  custom:audio-decoder-ogg-vorbis: bf7c407c2cedff20999df2af8eb42d56 -> 
  custom:audio-encoder-webm-vorbis: bf7c407c2cedff20999df2af8eb42d56 -> 
========================================================================
Received Import Request.
  path: Assets/Abandoned_Asylum/Prefabs/SingleLight.prefab
  artifactKey: Guid(e8f4841062f3b454da2ee4180bd62bec) Importer(815301076,1909f56bfc062723c751e8b465ee728b)
Start importing Assets/Abandoned_Asylum/Prefabs/SingleLight.prefab using Guid(e8f4841062f3b454da2ee4180bd62bec) Importer(815301076,1909f56bfc062723c751e8b465ee728b)  -> (artifact id: '9b827bda52a2d054f43f44cc3a3d5bf7') in 0.339347 seconds 
  Import took 0.352774 seconds .

========================================================================
Received Import Request.
  Time since last request: 31.711397 seconds.
  path: Assets/Abandoned_Asylum/Prefabs
  artifactKey: Guid(bfe59a3291f0c164e8dabac677968290) Importer(815301076,1909f56bfc062723c751e8b465ee728b)
Start importing Assets/Abandoned_Asylum/Prefabs using Guid(bfe59a3291f0c164e8dabac677968290) Importer(815301076,1909f56bfc062723c751e8b465ee728b)  -> (artifact id: 'fb9abc4aea8de99fdf2d8f8e4a3a5c1d') in 0.019844 seconds 
  Import took 0.037078 seconds .

========================================================================
Received Import Request.
  Time since last request: 25.120458 seconds.
  path: Assets/Sun_Temple/Prefabs/Modules_Temple/Bld_Temple_Body.prefab
  artifactKey: Guid(d0cf8b31fbc90f049b0e48a749bcb457) Importer(815301076,1909f56bfc062723c751e8b465ee728b)
Start importing Assets/Sun_Temple/Prefabs/Modules_Temple/Bld_Temple_Body.prefab using Guid(d0cf8b31fbc90f049b0e48a749bcb457) Importer(815301076,1909f56bfc062723c751e8b465ee728b)  -> (artifact id: 'c30dd307a6ae3700f5efc6e97dfee7f3') in 0.361138 seconds 
  Import took 0.382766 seconds .

========================================================================
Received Import Request.
  Time since last request: 0.576954 seconds.
  path: Assets/Sun_Temple/Prefabs/Modules_Temple/Bld_Temple_Deco_RoofPiece_A.prefab
  artifactKey: Guid(f8c0f1f3041a34a438f7a895b0e60ff5) Importer(815301076,1909f56bfc062723c751e8b465ee728b)
Start importing Assets/Sun_Temple/Prefabs/Modules_Temple/Bld_Temple_Deco_RoofPiece_A.prefab using Guid(f8c0f1f3041a34a438f7a895b0e60ff5) Importer(815301076,1909f56bfc062723c751e8b465ee728b)  -> (artifact id: 'd5d3925229003aedba60896f8248fb6a') in 0.088736 seconds 
  Import took 0.108888 seconds .

========================================================================
Received Import Request.
  Time since last request: 1.146614 seconds.
  path: Assets/Sun_Temple/Prefabs/Modules_Temple/Bld_Temple_Deco_Sun_A.prefab
  artifactKey: Guid(86c5b6c8201d0b740b991f52bd43b6bd) Importer(815301076,1909f56bfc062723c751e8b465ee728b)
Start importing Assets/Sun_Temple/Prefabs/Modules_Temple/Bld_Temple_Deco_Sun_A.prefab using Guid(86c5b6c8201d0b740b991f52bd43b6bd) Importer(815301076,1909f56bfc062723c751e8b465ee728b)  -> (artifact id: 'dd51f7de5de64a286330f459285ed0bf') in 0.106911 seconds 
  Import took 0.132746 seconds .

========================================================================
Received Import Request.
  Time since last request: 0.132133 seconds.
  path: Assets/Sun_Temple/Prefabs/Modules_Temple/Bld_Temple_Deco_Sun_B.prefab
  artifactKey: Guid(0b614e0730c67124fa92c4bb32baab74) Importer(815301076,1909f56bfc062723c751e8b465ee728b)
Start importing Assets/Sun_Temple/Prefabs/Modules_Temple/Bld_Temple_Deco_Sun_B.prefab using Guid(0b614e0730c67124fa92c4bb32baab74) Importer(815301076,1909f56bfc062723c751e8b465ee728b)  -> (artifact id: '88d570a546e674222e1bde8636b78715') in 0.055028 seconds 
  Import took 0.073053 seconds .

========================================================================
Received Import Request.
  Time since last request: 0.320248 seconds.
  path: Assets/Sun_Temple/Prefabs/Modules_Temple/Bld_Temple_Dome_A.prefab
  artifactKey: Guid(e9608db181202734898ebd801ded24da) Importer(815301076,1909f56bfc062723c751e8b465ee728b)
Start importing Assets/Sun_Temple/Prefabs/Modules_Temple/Bld_Temple_Dome_A.prefab using Guid(e9608db181202734898ebd801ded24da) Importer(815301076,1909f56bfc062723c751e8b465ee728b)  -> (artifact id: 'fdcfcd95933126d62b4efcec5e686cb7') in 0.145625 seconds 
  Import took 0.162488 seconds .

========================================================================
Received Import Request.
  Time since last request: 0.379441 seconds.
  path: Assets/Sun_Temple/Prefabs/Modules_Temple/Bld_Temple_Dome_Neck_A.prefab
  artifactKey: Guid(3158f3986c2fa804c90acbbf5ffe0964) Importer(815301076,1909f56bfc062723c751e8b465ee728b)
Start importing Assets/Sun_Temple/Prefabs/Modules_Temple/Bld_Temple_Dome_Neck_A.prefab using Guid(3158f3986c2fa804c90acbbf5ffe0964) Importer(815301076,1909f56bfc062723c751e8b465ee728b)  -> (artifact id: '978ff33e46ded3ed38ba387c5fca8d08') in 0.174125 seconds 
  Import took 0.200849 seconds .

========================================================================
Received Import Request.
  Time since last request: 1.261487 seconds.
  path: Assets/Sun_Temple/Prefabs/Modules_Temple/Bld_Temple_Int_Circle_A.prefab
  artifactKey: Guid(0aebda2cd27c07546991eaeea9966472) Importer(815301076,1909f56bfc062723c751e8b465ee728b)
Start importing Assets/Sun_Temple/Prefabs/Modules_Temple/Bld_Temple_Int_Circle_A.prefab using Guid(0aebda2cd27c07546991eaeea9966472) Importer(815301076,1909f56bfc062723c751e8b465ee728b)  -> (artifact id: 'f40ee9abb326e68ad71fd4a5ec515c67') in 0.140569 seconds 
  Import took 0.216257 seconds .

========================================================================
Received Import Request.
  Time since last request: 6.900639 seconds.
  path: Assets/Sun_Temple/Prefabs/Modules_Temple
  artifactKey: Guid(e598079cc53b562469e97b7ab227a3ae) Importer(815301076,1909f56bfc062723c751e8b465ee728b)
Start importing Assets/Sun_Temple/Prefabs/Modules_Temple using Guid(e598079cc53b562469e97b7ab227a3ae) Importer(815301076,1909f56bfc062723c751e8b465ee728b)  -> (artifact id: '94383dc6bd9492725c0f5c744d52c223') in 0.016758 seconds 
  Import took 0.031411 seconds .

========================================================================
Received Import Request.
  Time since last request: 7.965513 seconds.
  path: Assets/Sun_Temple/Prefabs/Modules_Structs/Struct_Curb_D.prefab
  artifactKey: Guid(e1c010f7f13e8ff4881e8297d2cddaa8) Importer(815301076,1909f56bfc062723c751e8b465ee728b)
Start importing Assets/Sun_Temple/Prefabs/Modules_Structs/Struct_Curb_D.prefab using Guid(e1c010f7f13e8ff4881e8297d2cddaa8) Importer(815301076,1909f56bfc062723c751e8b465ee728b)  -> (artifact id: 'd0a0b366a5cd5aa5e8df9fc662a7424d') in 0.123594 seconds 
  Import took 0.137342 seconds .

========================================================================
Received Import Request.
  Time since last request: 3.644551 seconds.
  path: Assets/Sun_Temple/Prefabs/Modules_Structs/Struct_Stairs_B.prefab
  artifactKey: Guid(67792c850ef72f842a6388db4d93b9c5) Importer(815301076,1909f56bfc062723c751e8b465ee728b)
Start importing Assets/Sun_Temple/Prefabs/Modules_Structs/Struct_Stairs_B.prefab using Guid(67792c850ef72f842a6388db4d93b9c5) Importer(815301076,1909f56bfc062723c751e8b465ee728b)  -> (artifact id: 'c72c612625fc7e17a9827519b6b08399') in 0.098263 seconds 
  Import took 0.113134 seconds .

========================================================================
Received Import Request.
  Time since last request: 2.900470 seconds.
  path: Assets/Sun_Temple/Prefabs/Modules_Structs
  artifactKey: Guid(b23ab4ed9c8c35744ba67a2b21f32b55) Importer(815301076,1909f56bfc062723c751e8b465ee728b)
Start importing Assets/Sun_Temple/Prefabs/Modules_Structs using Guid(b23ab4ed9c8c35744ba67a2b21f32b55) Importer(815301076,1909f56bfc062723c751e8b465ee728b)  -> (artifact id: 'adca58497796db87255d912d0976c586') in 0.015946 seconds 
  Import took 0.032396 seconds .

========================================================================
Received Import Request.
  Time since last request: 51.870678 seconds.
  path: Assets/AssetStore Packs/Assets_BathroomProps
  artifactKey: Guid(b6a457a6a663846428379358a16447f7) Importer(815301076,1909f56bfc062723c751e8b465ee728b)
Start importing Assets/AssetStore Packs/Assets_BathroomProps using Guid(b6a457a6a663846428379358a16447f7) Importer(815301076,1909f56bfc062723c751e8b465ee728b)  -> (artifact id: '27345faccf60bcf117673e9a570d41e6') in 0.017392 seconds 
  Import took 0.033707 seconds .

========================================================================
Received Import Request.
  Time since last request: 9.546411 seconds.
  path: Assets/AssetStore Packs/Chair/Model/Sofa.3DS
  artifactKey: Guid(1f1f5acb11797504e845d109ce2f6fe1) Importer(815301076,1909f56bfc062723c751e8b465ee728b)
Start importing Assets/AssetStore Packs/Chair/Model/Sofa.3DS using Guid(1f1f5acb11797504e845d109ce2f6fe1) Importer(815301076,1909f56bfc062723c751e8b465ee728b)  -> (artifact id: '2d23a6a94928892a90302568cbbb81cc') in 0.194382 seconds 
  Import took 0.205723 seconds .

========================================================================
Received Import Request.
  Time since last request: 30.263032 seconds.
  path: Assets/AssetStore Packs/Flooded_Grounds/Content/Animations
  artifactKey: Guid(88d2ed1657dfc3041942d4a7e4abe7c8) Importer(815301076,1909f56bfc062723c751e8b465ee728b)
Start importing Assets/AssetStore Packs/Flooded_Grounds/Content/Animations using Guid(88d2ed1657dfc3041942d4a7e4abe7c8) Importer(815301076,1909f56bfc062723c751e8b465ee728b)  -> (artifact id: 'ab1b952618f65da5943d23bb6507bb11') in 0.014049 seconds 
  Import took 0.027974 seconds .

========================================================================
Received Import Request.
  Time since last request: 7.610311 seconds.
  path: Assets/AssetStore Packs/Flooded_Grounds/Content/Meshes/mAtmospherics
  artifactKey: Guid(805487a4f422dd54f85bfd0809259a64) Importer(815301076,1909f56bfc062723c751e8b465ee728b)
Start importing Assets/AssetStore Packs/Flooded_Grounds/Content/Meshes/mAtmospherics using Guid(805487a4f422dd54f85bfd0809259a64) Importer(815301076,1909f56bfc062723c751e8b465ee728b)  -> (artifact id: '5d20fe893b24fa669a9175c8a6dc6f31') in 0.018484 seconds 
  Import took 0.031209 seconds .

========================================================================
Received Import Request.
  Time since last request: 5.309650 seconds.
  path: Assets/AssetStore Packs/Flooded_Grounds/Content/Meshes/mBackgrounds
  artifactKey: Guid(38e0dead2d8f22f498d240e92119a181) Importer(815301076,1909f56bfc062723c751e8b465ee728b)
Start importing Assets/AssetStore Packs/Flooded_Grounds/Content/Meshes/mBackgrounds using Guid(38e0dead2d8f22f498d240e92119a181) Importer(815301076,1909f56bfc062723c751e8b465ee728b)  -> (artifact id: '4f4a517854d8a3ce746636884ae2778b') in 0.016266 seconds 
  Import took 0.029657 seconds .

========================================================================
Received Import Request.
  Time since last request: 30.210378 seconds.
  path: Assets/AssetStore Packs/Flooded_Grounds/Content/Meshes/mBuildings/mBrickHouse
  artifactKey: Guid(cde2a85576273a749b7469b0e912e009) Importer(815301076,1909f56bfc062723c751e8b465ee728b)
Start importing Assets/AssetStore Packs/Flooded_Grounds/Content/Meshes/mBuildings/mBrickHouse using Guid(cde2a85576273a749b7469b0e912e009) Importer(815301076,1909f56bfc062723c751e8b465ee728b)  -> (artifact id: '72038a0c792ad9cc88a5ba3a397a83fd') in 0.026294 seconds 
  Import took 0.043287 seconds .

========================================================================
Received Import Request.
  Time since last request: 21.856358 seconds.
  path: Assets/AssetStore Packs/Flooded_Grounds/Content/Sounds/Taps.mp3
  artifactKey: Guid(aac2b03c203a5f3438b959e033e7bbdf) Importer(815301076,1909f56bfc062723c751e8b465ee728b)
Start importing Assets/AssetStore Packs/Flooded_Grounds/Content/Sounds/Taps.mp3 using Guid(aac2b03c203a5f3438b959e033e7bbdf) Importer(815301076,1909f56bfc062723c751e8b465ee728b)  -> (artifact id: '6339ce23fb87e9594f667180783257d2') in 0.129259 seconds 
  Import took 0.142519 seconds .

========================================================================
Received Import Request.
  Time since last request: 5.352426 seconds.
  path: Assets/AssetStore Packs/Flooded_Grounds/Content/Sounds/Water.mp3
  artifactKey: Guid(18bddfe234e3d47479a19d75d0b0203c) Importer(815301076,1909f56bfc062723c751e8b465ee728b)
Start importing Assets/AssetStore Packs/Flooded_Grounds/Content/Sounds/Water.mp3 using Guid(18bddfe234e3d47479a19d75d0b0203c) Importer(815301076,1909f56bfc062723c751e8b465ee728b)  -> (artifact id: '09433a3386a71fb65472551d8b6c89f2') in 0.038090 seconds 
  Import took 0.050497 seconds .

========================================================================
Received Import Request.
  Time since last request: 5.867072 seconds.
  path: Assets/AssetStore Packs/Flooded_Grounds/Content/Sounds/Wind.mp3
  artifactKey: Guid(2dc9a029d0f6a4d4f95eca9f86b410f2) Importer(815301076,1909f56bfc062723c751e8b465ee728b)
Start importing Assets/AssetStore Packs/Flooded_Grounds/Content/Sounds/Wind.mp3 using Guid(2dc9a029d0f6a4d4f95eca9f86b410f2) Importer(815301076,1909f56bfc062723c751e8b465ee728b)  -> (artifact id: '0f4a95b7c91faf1bb4029bdcca66ba01') in 0.037098 seconds 
  Import took 0.050476 seconds .

========================================================================
Received Import Request.
  Time since last request: 3.837684 seconds.
  path: Assets/AssetStore Packs/Flooded_Grounds/Content/Sounds/DeepRattle.mp3
  artifactKey: Guid(da24e095fcd8c4a40816d0c04528c263) Importer(815301076,1909f56bfc062723c751e8b465ee728b)
Start importing Assets/AssetStore Packs/Flooded_Grounds/Content/Sounds/DeepRattle.mp3 using Guid(da24e095fcd8c4a40816d0c04528c263) Importer(815301076,1909f56bfc062723c751e8b465ee728b)  -> (artifact id: '911a6e600537a32adf353daafecc3a8d') in 0.037216 seconds 
  Import took 0.051250 seconds .

========================================================================
Received Import Request.
  Time since last request: 4.125393 seconds.
  path: Assets/AssetStore Packs/Flooded_Grounds/Content/Sounds
  artifactKey: Guid(6d9f2bd6e3dd4634c9bebf3032a946a9) Importer(815301076,1909f56bfc062723c751e8b465ee728b)
Start importing Assets/AssetStore Packs/Flooded_Grounds/Content/Sounds using Guid(6d9f2bd6e3dd4634c9bebf3032a946a9) Importer(815301076,1909f56bfc062723c751e8b465ee728b)  -> (artifact id: '747bd20223184fb631cef59a20757164') in 0.017405 seconds 
  Import took 0.036807 seconds .

========================================================================
Received Import Request.
  Time since last request: 8.627222 seconds.
  path: Assets/AssetStore Packs/Flooded_Grounds/Prefabs/Buildings/Barns
  artifactKey: Guid(e481a572abbb50643bb10996e2f18d85) Importer(815301076,1909f56bfc062723c751e8b465ee728b)
Start importing Assets/AssetStore Packs/Flooded_Grounds/Prefabs/Buildings/Barns using Guid(e481a572abbb50643bb10996e2f18d85) Importer(815301076,1909f56bfc062723c751e8b465ee728b)  -> (artifact id: '308339225564a29223e5960f5deaa10f') in 0.016055 seconds 
  Import took 0.034406 seconds .

========================================================================
Received Import Request.
  Time since last request: 20.930201 seconds.
  path: Assets/AssetStore Packs/Flooded_Grounds/Prefabs/Buildings/Churches/Church1_Deco_Column_A.prefab
  artifactKey: Guid(f8515ca20eba062499108c590879972d) Importer(815301076,1909f56bfc062723c751e8b465ee728b)
Start importing Assets/AssetStore Packs/Flooded_Grounds/Prefabs/Buildings/Churches/Church1_Deco_Column_A.prefab using Guid(f8515ca20eba062499108c590879972d) Importer(815301076,1909f56bfc062723c751e8b465ee728b)  -> (artifact id: 'c57aa2f1c9961a5057198201b865b139') in 0.266746 seconds 
  Import took 0.289521 seconds .

========================================================================
Received Import Request.
  Time since last request: 0.363818 seconds.
  path: Assets/AssetStore Packs/Flooded_Grounds/Prefabs/Buildings/Churches/Church1_Base_Stairs_A.prefab
  artifactKey: Guid(2808d115c4ff0204e9ba7859b1ba3ec9) Importer(815301076,1909f56bfc062723c751e8b465ee728b)
Start importing Assets/AssetStore Packs/Flooded_Grounds/Prefabs/Buildings/Churches/Church1_Base_Stairs_A.prefab using Guid(2808d115c4ff0204e9ba7859b1ba3ec9) Importer(815301076,1909f56bfc062723c751e8b465ee728b)  -> (artifact id: '889d49da4672f760834dcd85441827d8') in 0.124795 seconds 
  Import took 0.140196 seconds .

========================================================================
Received Import Request.
  Time since last request: 1.975382 seconds.
  path: Assets/AssetStore Packs/Flooded_Grounds/Prefabs/Buildings/Churches/Church1_Mid_A.prefab
  artifactKey: Guid(5700c2dc6724c3a4fb462b0001e31742) Importer(815301076,1909f56bfc062723c751e8b465ee728b)
Start importing Assets/AssetStore Packs/Flooded_Grounds/Prefabs/Buildings/Churches/Church1_Mid_A.prefab using Guid(5700c2dc6724c3a4fb462b0001e31742) Importer(815301076,1909f56bfc062723c751e8b465ee728b)  -> (artifact id: '4795cc47304dafb166368aa9ca7cca31') in 0.092544 seconds 
  Import took 0.110760 seconds .

========================================================================
Received Import Request.
  Time since last request: 0.349081 seconds.
  path: Assets/AssetStore Packs/Flooded_Grounds/Prefabs/Buildings/Churches/Church1_End_A.prefab
  artifactKey: Guid(536c47ed6c4df7448adae963b41045e3) Importer(815301076,1909f56bfc062723c751e8b465ee728b)
Start importing Assets/AssetStore Packs/Flooded_Grounds/Prefabs/Buildings/Churches/Church1_End_A.prefab using Guid(536c47ed6c4df7448adae963b41045e3) Importer(815301076,1909f56bfc062723c751e8b465ee728b)  -> (artifact id: 'd61a3557e7f1a703b6b28b2b9ee88031') in 0.092113 seconds 
  Import took 0.114265 seconds .

========================================================================
Received Import Request.
  Time since last request: 1.596324 seconds.
  path: Assets/AssetStore Packs/Flooded_Grounds/Prefabs/Buildings/Churches
  artifactKey: Guid(57eced2b5a5e91a46a254c4ff0fd82f4) Importer(815301076,1909f56bfc062723c751e8b465ee728b)
Start importing Assets/AssetStore Packs/Flooded_Grounds/Prefabs/Buildings/Churches using Guid(57eced2b5a5e91a46a254c4ff0fd82f4) Importer(815301076,1909f56bfc062723c751e8b465ee728b)  -> (artifact id: '1042289fbf4a9c9e4b75e15181c6db28') in 0.015535 seconds 
  Import took 0.028640 seconds .

========================================================================
Received Import Request.
  Time since last request: 7.507110 seconds.
  path: Assets/AssetStore Packs/Flooded_Grounds/Prefabs/Buildings/GuardHouse
  artifactKey: Guid(606f110ee7029a54aac14374cb588910) Importer(815301076,1909f56bfc062723c751e8b465ee728b)
Start importing Assets/AssetStore Packs/Flooded_Grounds/Prefabs/Buildings/GuardHouse using Guid(606f110ee7029a54aac14374cb588910) Importer(815301076,1909f56bfc062723c751e8b465ee728b)  -> (artifact id: '11f3563f5600fff3361b82a10a14f296') in 0.016766 seconds 
  Import took 0.030344 seconds .

========================================================================
Received Import Request.
  Time since last request: 8.339198 seconds.
  path: Assets/AssetStore Packs/Flooded_Grounds/Prefabs/Buildings/IndBuilding1
  artifactKey: Guid(925ae77514072bd48a2a63bd5ab6e24a) Importer(815301076,1909f56bfc062723c751e8b465ee728b)
Start importing Assets/AssetStore Packs/Flooded_Grounds/Prefabs/Buildings/IndBuilding1 using Guid(925ae77514072bd48a2a63bd5ab6e24a) Importer(815301076,1909f56bfc062723c751e8b465ee728b)  -> (artifact id: '054e560dc5afe98b9324768244481351') in 0.015072 seconds 
  Import took 0.029327 seconds .

========================================================================
Received Import Request.
  Time since last request: 6.901226 seconds.
  path: Assets/AssetStore Packs/Flooded_Grounds/Prefabs/Buildings/LightHouse
  artifactKey: Guid(4b1e231dc47ee7d4e999276c0f099cfd) Importer(815301076,1909f56bfc062723c751e8b465ee728b)
Start importing Assets/AssetStore Packs/Flooded_Grounds/Prefabs/Buildings/LightHouse using Guid(4b1e231dc47ee7d4e999276c0f099cfd) Importer(815301076,1909f56bfc062723c751e8b465ee728b)  -> (artifact id: '422b294f82e2911d9a9adab8e5700868') in 0.014476 seconds 
  Import took 0.029619 seconds .

========================================================================
Received Import Request.
  Time since last request: 8.097946 seconds.
  path: Assets/AssetStore Packs/Flooded_Grounds/Prefabs/Buildings/Structures1/Struct_Pavilion_A.prefab
  artifactKey: Guid(802fd2656e039404983843d958c03dce) Importer(815301076,1909f56bfc062723c751e8b465ee728b)
Start importing Assets/AssetStore Packs/Flooded_Grounds/Prefabs/Buildings/Structures1/Struct_Pavilion_A.prefab using Guid(802fd2656e039404983843d958c03dce) Importer(815301076,1909f56bfc062723c751e8b465ee728b)  -> (artifact id: 'f50cdbcdf5ae29f7170e27f5d9100e89') in 0.215877 seconds 
  Import took 0.233219 seconds .

========================================================================
Received Import Request.
  Time since last request: 0.510195 seconds.
  path: Assets/AssetStore Packs/Flooded_Grounds/Prefabs/Buildings/Structures1/Struct_Pavilion_B.prefab
  artifactKey: Guid(d2c499d59bc20854b8bd6d43bbfb4ca5) Importer(815301076,1909f56bfc062723c751e8b465ee728b)
Start importing Assets/AssetStore Packs/Flooded_Grounds/Prefabs/Buildings/Structures1/Struct_Pavilion_B.prefab using Guid(d2c499d59bc20854b8bd6d43bbfb4ca5) Importer(815301076,1909f56bfc062723c751e8b465ee728b)  -> (artifact id: '36c32091889441632aac62b6f9cdde17') in 0.119821 seconds 
  Import took 0.135150 seconds .

========================================================================
Received Import Request.
  Time since last request: 1.023036 seconds.
  path: Assets/AssetStore Packs/Flooded_Grounds/Prefabs/Buildings/Structures1/Struct_Pole_A.prefab
  artifactKey: Guid(5601521e5fc5f7743993db1ebd891042) Importer(815301076,1909f56bfc062723c751e8b465ee728b)
Start importing Assets/AssetStore Packs/Flooded_Grounds/Prefabs/Buildings/Structures1/Struct_Pole_A.prefab using Guid(5601521e5fc5f7743993db1ebd891042) Importer(815301076,1909f56bfc062723c751e8b465ee728b)  -> (artifact id: 'a4b3591d1139b0597f02340d4e9eaa8b') in 0.324342 seconds 
  Import took 0.355538 seconds .

========================================================================
Received Import Request.
  Time since last request: 0.000331 seconds.
  path: Assets/AssetStore Packs/Flooded_Grounds/Prefabs/Buildings/Structures1/Struct_RadioTower_A.prefab
  artifactKey: Guid(adcec9e4c6de5ab48a16647625892f54) Importer(815301076,1909f56bfc062723c751e8b465ee728b)
Start importing Assets/AssetStore Packs/Flooded_Grounds/Prefabs/Buildings/Structures1/Struct_RadioTower_A.prefab using Guid(adcec9e4c6de5ab48a16647625892f54) Importer(815301076,1909f56bfc062723c751e8b465ee728b)  -> (artifact id: '0f4d4b4fb09afed17df49e4671e92060') in 0.121461 seconds 
  Import took 0.141904 seconds .

========================================================================
Received Import Request.
  Time since last request: 2.739752 seconds.
  path: Assets/AssetStore Packs/Flooded_Grounds/Prefabs/Buildings/Structures1
  artifactKey: Guid(f94134f37fa37334c886174cfd96b05f) Importer(815301076,1909f56bfc062723c751e8b465ee728b)
Start importing Assets/AssetStore Packs/Flooded_Grounds/Prefabs/Buildings/Structures1 using Guid(f94134f37fa37334c886174cfd96b05f) Importer(815301076,1909f56bfc062723c751e8b465ee728b)  -> (artifact id: 'eb5284d48e9c42e9698322f2af5cf78c') in 0.015991 seconds 
  Import took 0.031082 seconds .

========================================================================
Received Import Request.
  Time since last request: 9.110994 seconds.
  path: Assets/AssetStore Packs/Flooded_Grounds/Prefabs/Helpers
  artifactKey: Guid(f895f34ade0839344bd5e489732abcc2) Importer(815301076,1909f56bfc062723c751e8b465ee728b)
Start importing Assets/AssetStore Packs/Flooded_Grounds/Prefabs/Helpers using Guid(f895f34ade0839344bd5e489732abcc2) Importer(815301076,1909f56bfc062723c751e8b465ee728b)  -> (artifact id: '51fb008f2812670fdce0619eab1f2f3f') in 0.016382 seconds 
  Import took 0.030007 seconds .

========================================================================
Received Import Request.
  Time since last request: 7.972715 seconds.
  path: Assets/AssetStore Packs/Flooded_Grounds/Prefabs/Nature/Bushes/DecoBush_A.prefab
  artifactKey: Guid(ecce3badd4595de459b6f9fef0fee799) Importer(815301076,1909f56bfc062723c751e8b465ee728b)
Start importing Assets/AssetStore Packs/Flooded_Grounds/Prefabs/Nature/Bushes/DecoBush_A.prefab using Guid(ecce3badd4595de459b6f9fef0fee799) Importer(815301076,1909f56bfc062723c751e8b465ee728b)  -> (artifact id: 'f86a3ab693a2f373910207db9e3fc415') in 0.049098 seconds 
  Import took 0.063237 seconds .

========================================================================
Received Import Request.
  Time since last request: 0.469473 seconds.
  path: Assets/AssetStore Packs/Flooded_Grounds/Prefabs/Nature/Bushes/DecoBush_C.prefab
  artifactKey: Guid(4d42826861e3f864c8c01be559eeb48a) Importer(815301076,1909f56bfc062723c751e8b465ee728b)
Start importing Assets/AssetStore Packs/Flooded_Grounds/Prefabs/Nature/Bushes/DecoBush_C.prefab using Guid(4d42826861e3f864c8c01be559eeb48a) Importer(815301076,1909f56bfc062723c751e8b465ee728b)  -> (artifact id: '05032bfee4d86cbfd1b95aedd03d3e9d') in 0.050702 seconds 
  Import took 0.063521 seconds .

========================================================================
Received Import Request.
  Time since last request: 0.351664 seconds.
  path: Assets/AssetStore Packs/Flooded_Grounds/Prefabs/Nature/Bushes/DecoBush_D.prefab
  artifactKey: Guid(ae4e40571a130a0459daec567e503f34) Importer(815301076,1909f56bfc062723c751e8b465ee728b)
Start importing Assets/AssetStore Packs/Flooded_Grounds/Prefabs/Nature/Bushes/DecoBush_D.prefab using Guid(ae4e40571a130a0459daec567e503f34) Importer(815301076,1909f56bfc062723c751e8b465ee728b)  -> (artifact id: 'f1af5380e572837c278093bcc458bac7') in 0.051165 seconds 
  Import took 0.066143 seconds .

========================================================================
Received Import Request.
  Time since last request: 1.324460 seconds.
  path: Assets/AssetStore Packs/Flooded_Grounds/Prefabs/Nature/Bushes
  artifactKey: Guid(0a554b7cce117fd4686f536e90041b52) Importer(815301076,1909f56bfc062723c751e8b465ee728b)
Start importing Assets/AssetStore Packs/Flooded_Grounds/Prefabs/Nature/Bushes using Guid(0a554b7cce117fd4686f536e90041b52) Importer(815301076,1909f56bfc062723c751e8b465ee728b)  -> (artifact id: 'c4134586df4bf3ab9a670eae924431a5') in 0.015641 seconds 
  Import took 0.030782 seconds .

========================================================================
Received Import Request.
  Time since last request: 5.830107 seconds.
  path: Assets/AssetStore Packs/Flooded_Grounds/Prefabs/Nature/Grass
  artifactKey: Guid(89d41932a81369741acdef05630ebfcd) Importer(815301076,1909f56bfc062723c751e8b465ee728b)
Start importing Assets/AssetStore Packs/Flooded_Grounds/Prefabs/Nature/Grass using Guid(89d41932a81369741acdef05630ebfcd) Importer(815301076,1909f56bfc062723c751e8b465ee728b)  -> (artifact id: 'e7dc712e6cc9eb36d30dd808977142a4') in 0.016297 seconds 
  Import took 0.029767 seconds .

========================================================================
Received Import Request.
  Time since last request: 1.127073 seconds.
  path: Assets/AssetStore Packs/Flooded_Grounds/Prefabs/Nature/Grass/Grass_Med_A.prefab
  artifactKey: Guid(5d46f571dcc2a664381f8adff96066b2) Importer(815301076,1909f56bfc062723c751e8b465ee728b)
Start importing Assets/AssetStore Packs/Flooded_Grounds/Prefabs/Nature/Grass/Grass_Med_A.prefab using Guid(5d46f571dcc2a664381f8adff96066b2) Importer(815301076,1909f56bfc062723c751e8b465ee728b)  -> (artifact id: '1fa178623d908f9d2a2038573259b88f') in 0.165487 seconds 
  Import took 0.180822 seconds .

========================================================================
Received Import Request.
  Time since last request: 0.232354 seconds.
  path: Assets/AssetStore Packs/Flooded_Grounds/Prefabs/Nature/Grass/Grass_Small_A.prefab
  artifactKey: Guid(eed7118be894efa4fa004434dec6a57c) Importer(815301076,1909f56bfc062723c751e8b465ee728b)
Start importing Assets/AssetStore Packs/Flooded_Grounds/Prefabs/Nature/Grass/Grass_Small_A.prefab using Guid(eed7118be894efa4fa004434dec6a57c) Importer(815301076,1909f56bfc062723c751e8b465ee728b)  -> (artifact id: 'ccc6d2cfec3287104e0f2a94652ded0f') in 0.049733 seconds 
  Import took 0.064128 seconds .

========================================================================
Received Import Request.
  Time since last request: 0.339669 seconds.
  path: Assets/AssetStore Packs/Flooded_Grounds/Prefabs/Nature/Grass/Grass_Small_B.prefab
  artifactKey: Guid(bf9be07af37802d45ab1d805925ec862) Importer(815301076,1909f56bfc062723c751e8b465ee728b)
Start importing Assets/AssetStore Packs/Flooded_Grounds/Prefabs/Nature/Grass/Grass_Small_B.prefab using Guid(bf9be07af37802d45ab1d805925ec862) Importer(815301076,1909f56bfc062723c751e8b465ee728b)  -> (artifact id: '189bda2b58255f8f11b600b115981322') in 0.051551 seconds 
  Import took 0.067695 seconds .

========================================================================
Received Import Request.
  Time since last request: 1.222243 seconds.
  path: Assets/AssetStore Packs/Flooded_Grounds/Prefabs/Nature/Grass/Grass_Tall_B.prefab
  artifactKey: Guid(0afb191bb5d4e8c47b6fddcd5b8c8bea) Importer(815301076,1909f56bfc062723c751e8b465ee728b)
Start importing Assets/AssetStore Packs/Flooded_Grounds/Prefabs/Nature/Grass/Grass_Tall_B.prefab using Guid(0afb191bb5d4e8c47b6fddcd5b8c8bea) Importer(815301076,1909f56bfc062723c751e8b465ee728b)  -> (artifact id: '22c2eb59540e7f42111e41b0a4dbfd71') in 0.055584 seconds 
  Import took 0.075443 seconds .

========================================================================
Received Import Request.
  Time since last request: 6.773324 seconds.
  path: Assets/AssetStore Packs/Flooded_Grounds/Prefabs/Nature/Rocks
  artifactKey: Guid(b7952b799db09b74c907d5a77e337954) Importer(815301076,1909f56bfc062723c751e8b465ee728b)
Start importing Assets/AssetStore Packs/Flooded_Grounds/Prefabs/Nature/Rocks using Guid(b7952b799db09b74c907d5a77e337954) Importer(815301076,1909f56bfc062723c751e8b465ee728b)  -> (artifact id: '1f50f7c8f8e6c58e5a40c1129e3b3e1d') in 0.015692 seconds 
  Import took 0.030651 seconds .

========================================================================
Received Import Request.
  Time since last request: 3.392615 seconds.
  path: Assets/AssetStore Packs/Flooded_Grounds/Prefabs/Nature/Rocks/CobbleRock_A.prefab
  artifactKey: Guid(d8d9fb21f04d0b34799e4d63ffe82c9f) Importer(815301076,1909f56bfc062723c751e8b465ee728b)
Start importing Assets/AssetStore Packs/Flooded_Grounds/Prefabs/Nature/Rocks/CobbleRock_A.prefab using Guid(d8d9fb21f04d0b34799e4d63ffe82c9f) Importer(815301076,1909f56bfc062723c751e8b465ee728b)  -> (artifact id: 'c90ff24126eb07ec44da58a391daf1af') in 0.157952 seconds 
  Import took 0.173182 seconds .

========================================================================
Received Import Request.
  Time since last request: 0.201303 seconds.
  path: Assets/AssetStore Packs/Flooded_Grounds/Prefabs/Nature/Rocks/CobbleRock_C.prefab
  artifactKey: Guid(675dd002390c04947b66a330d6ce7727) Importer(815301076,1909f56bfc062723c751e8b465ee728b)
Start importing Assets/AssetStore Packs/Flooded_Grounds/Prefabs/Nature/Rocks/CobbleRock_C.prefab using Guid(675dd002390c04947b66a330d6ce7727) Importer(815301076,1909f56bfc062723c751e8b465ee728b)  -> (artifact id: 'd3b15d87c2cbc7487b54e9aede113479') in 0.082779 seconds 
  Import took 0.100354 seconds .

========================================================================
Received Import Request.
  Time since last request: 0.225443 seconds.
  path: Assets/AssetStore Packs/Flooded_Grounds/Prefabs/Nature/Rocks/CobbleRock_E.prefab
  artifactKey: Guid(71a5880545553674a9f302b0d6db4fec) Importer(815301076,1909f56bfc062723c751e8b465ee728b)
Start importing Assets/AssetStore Packs/Flooded_Grounds/Prefabs/Nature/Rocks/CobbleRock_E.prefab using Guid(71a5880545553674a9f302b0d6db4fec) Importer(815301076,1909f56bfc062723c751e8b465ee728b)  -> (artifact id: 'd2cf6cceaba49df4890872e3f32cb97d') in 0.073177 seconds 
  Import took 0.086454 seconds .

========================================================================
Received Import Request.
  Time since last request: 0.237584 seconds.
  path: Assets/AssetStore Packs/Flooded_Grounds/Prefabs/Nature/Rocks/CobbleRock_F.prefab
  artifactKey: Guid(758be797b2a1f0e48a305f88f9784d43) Importer(815301076,1909f56bfc062723c751e8b465ee728b)
Start importing Assets/AssetStore Packs/Flooded_Grounds/Prefabs/Nature/Rocks/CobbleRock_F.prefab using Guid(758be797b2a1f0e48a305f88f9784d43) Importer(815301076,1909f56bfc062723c751e8b465ee728b)  -> (artifact id: '2f2d2a3f49ce74897700b23658d80a59') in 0.074494 seconds 
  Import took 0.089684 seconds .

========================================================================
Received Import Request.
  Time since last request: 16.311010 seconds.
  path: Assets/AssetStore Packs/Flooded_Grounds/Prefabs/Nature
  artifactKey: Guid(0878710220c7c464898af89ad4d731b2) Importer(815301076,1909f56bfc062723c751e8b465ee728b)
Start importing Assets/AssetStore Packs/Flooded_Grounds/Prefabs/Nature using Guid(0878710220c7c464898af89ad4d731b2) Importer(815301076,1909f56bfc062723c751e8b465ee728b)  -> (artifact id: '217686052c21cff89ad88d0662a12764') in 0.018958 seconds 
  Import took 0.035710 seconds .

========================================================================
Received Import Request.
  Time since last request: 13.332328 seconds.
  path: Assets/AssetStore Packs/Flooded_Grounds/Prefabs/Sounds
  artifactKey: Guid(1838b351770f5db4e864448dc7387a07) Importer(815301076,1909f56bfc062723c751e8b465ee728b)
Start importing Assets/AssetStore Packs/Flooded_Grounds/Prefabs/Sounds using Guid(1838b351770f5db4e864448dc7387a07) Importer(815301076,1909f56bfc062723c751e8b465ee728b)  -> (artifact id: '56af00dc3db852e1b928f7c7d8b28239') in 0.008251 seconds 
  Import took 0.024097 seconds .

========================================================================
Received Import Request.
  Time since last request: 12.534638 seconds.
  path: Assets/AssetStore Packs/Flooded_Grounds/Scenes
  artifactKey: Guid(31e2e1d8e55bde84ea36da51fd5c6a03) Importer(815301076,1909f56bfc062723c751e8b465ee728b)
Start importing Assets/AssetStore Packs/Flooded_Grounds/Scenes using Guid(31e2e1d8e55bde84ea36da51fd5c6a03) Importer(815301076,1909f56bfc062723c751e8b465ee728b)  -> (artifact id: 'dfa9c8c0904633f70968f8e6ad8215e6') in 0.013948 seconds 
  Import took 0.028257 seconds .

========================================================================
Received Import Request.
  Time since last request: 11.796367 seconds.
  path: Assets/AssetStore Packs/Flooded_Grounds/Scripts/FPSController
  artifactKey: Guid(2ff53f2206196744ca508c54247845cd) Importer(815301076,1909f56bfc062723c751e8b465ee728b)
Start importing Assets/AssetStore Packs/Flooded_Grounds/Scripts/FPSController using Guid(2ff53f2206196744ca508c54247845cd) Importer(815301076,1909f56bfc062723c751e8b465ee728b)  -> (artifact id: '040b21b27d37f6af3a9786d69828aa15') in 0.015406 seconds 
  Import took 0.029784 seconds .

========================================================================
Received Prepare
Registering precompiled user dll's ...
Registered in 0.015620 seconds.
Begin MonoManager ReloadAssembly
Native extension for WindowsStandalone target not found
Refreshing native plugins compatible for Editor in 2.06 ms, found 5 plugins.
Preloading 0 native plugins for Editor in 0.00 ms.
Mono: successfully reloaded assembly
- Completed reload, in  2.436 seconds
Domain Reload Profiling:
	ReloadAssembly (2437ms)
		BeginReloadAssembly (236ms)
			ExecutionOrderSort (0ms)
			DisableScriptedObjects (8ms)
			BackupInstance (0ms)
			ReleaseScriptingObjects (0ms)
			CreateAndSetChildDomain (66ms)
		EndReloadAssembly (2055ms)
			LoadAssemblies (221ms)
			RebuildTransferFunctionScriptingTraits (0ms)
			SetupTypeCache (772ms)
			ReleaseScriptCaches (4ms)
			RebuildScriptCaches (149ms)
			SetupLoadedEditorAssemblies (704ms)
				LogAssemblyErrors (0ms)
				InitializePlatformSupportModulesInManaged (9ms)
				SetLoadedEditorAssemblies (1ms)
				RefreshPlugins (2ms)
				BeforeProcessingInitializeOnLoad (248ms)
				ProcessInitializeOnLoadAttributes (405ms)
				ProcessInitializeOnLoadMethodAttributes (20ms)
				AfterProcessingInitializeOnLoad (18ms)
				EditorAssembliesLoaded (0ms)
			ExecutionOrderSort2 (0ms)
			AwakeInstancesAfterBackupRestoration (14ms)
Platform modules already initialized, skipping
Refreshing native plugins compatible for Editor in 1.85 ms, found 5 plugins.
Preloading 0 native plugins for Editor in 0.00 ms.
Unloading 3887 Unused Serialized files (Serialized files now loaded: 0)
System memory in use before: 200.7 MB.
System memory in use after: 200.0 MB.

Unloading 24 unused Assets to reduce memory usage. Loaded Objects now: 4516.
Total: 12.462300 ms (FindLiveObjects: 0.432200 ms CreateObjectMapping: 0.257100 ms MarkObjects: 10.665500 ms  DeleteObjects: 1.104300 ms)

AssetImportParameters requested are different than current active one (requested -> active):
  custom:framework-win-MediaFoundation: 216162199b28c13a410421893ffa2e32 -> 
  custom:video-decoder-ogg-theora: a1e56fd34408186e4bbccfd4996cb3dc -> 
  custom:container-muxer-webm: aa71ff27fc2769a1b78a27578f13a17b -> 
  custom:container-demuxer-webm: 4f35f7cbe854078d1ac9338744f61a02 -> 
  custom:container-demuxer-ogg: 62fdf1f143b41e24485cea50d1cbac27 -> 
  custom:video-encoder-webm-vp8: eb34c28f22e8b96e1ab97ce403110664 -> 
  custom:video-decoder-webm-vp8: 9c59270c3fd7afecdb556c50c9e8de78 -> 
  custom:audio-decoder-ogg-vorbis: bf7c407c2cedff20999df2af8eb42d56 -> 
  custom:audio-encoder-webm-vorbis: bf7c407c2cedff20999df2af8eb42d56 -> 
========================================================================
Received Import Request.
  Time since last request: 26.599003 seconds.
  path: Assets/Dnk_Dev
  artifactKey: Guid(2ac728f21668a6c49b24d30afda57b5a) Importer(815301076,1909f56bfc062723c751e8b465ee728b)
Start importing Assets/Dnk_Dev using Guid(2ac728f21668a6c49b24d30afda57b5a) Importer(815301076,1909f56bfc062723c751e8b465ee728b)  -> (artifact id: '8fa809aef265e8a26353dda4bbebac8b') in 0.024107 seconds 
  Import took 0.037768 seconds .

========================================================================
Received Import Request.
  Time since last request: 15.567803 seconds.
  path: Assets/Dnk_Dev/HospitalHorrorPack/Models/SM_Module_DoorRoom_02.obj
  artifactKey: Guid(2e7ceb9bdea64d749a31eaaf90027994) Importer(815301076,1909f56bfc062723c751e8b465ee728b)
Start importing Assets/Dnk_Dev/HospitalHorrorPack/Models/SM_Module_DoorRoom_02.obj using Guid(2e7ceb9bdea64d749a31eaaf90027994) Importer(815301076,1909f56bfc062723c751e8b465ee728b)  -> (artifact id: 'b0dab9de85f3673739e71df868182197') in 0.314012 seconds 
  Import took 0.331409 seconds .

========================================================================
Received Import Request.
  Time since last request: 1.462320 seconds.
  path: Assets/Dnk_Dev/HospitalHorrorPack/Models/SM_Wall_02.obj
  artifactKey: Guid(2e7a8487ab4626741848c28337daebd1) Importer(815301076,1909f56bfc062723c751e8b465ee728b)
Start importing Assets/Dnk_Dev/HospitalHorrorPack/Models/SM_Wall_02.obj using Guid(2e7a8487ab4626741848c28337daebd1) Importer(815301076,1909f56bfc062723c751e8b465ee728b)  -> (artifact id: '3d0719b78c29d811138eb352a8c7c0e6') in 0.100313 seconds 
  Import took 0.125384 seconds .

========================================================================
Received Import Request.
  Time since last request: 11.552488 seconds.
  path: Assets/Dnk_Dev/HospitalHorrorPack/Map_Hosp1.unity
  artifactKey: Guid(b6ca1756db6b14945b4116ce8880ae82) Importer(815301076,1909f56bfc062723c751e8b465ee728b)
Start importing Assets/Dnk_Dev/HospitalHorrorPack/Map_Hosp1.unity using Guid(b6ca1756db6b14945b4116ce8880ae82) Importer(815301076,1909f56bfc062723c751e8b465ee728b)  -> (artifact id: '0f7ca1044e3700f085927cfd48a20912') in 0.017334 seconds 
  Import took 0.030458 seconds .

========================================================================
Received Import Request.
  Time since last request: 3.816204 seconds.
  path: Assets/Dnk_Dev/HospitalHorrorPack/Map_Hosp1Settings.lighting
  artifactKey: Guid(b3b1ddb0721a0af4e99796ddaed8f1f2) Importer(815301076,1909f56bfc062723c751e8b465ee728b)
Start importing Assets/Dnk_Dev/HospitalHorrorPack/Map_Hosp1Settings.lighting using Guid(b3b1ddb0721a0af4e99796ddaed8f1f2) Importer(815301076,1909f56bfc062723c751e8b465ee728b) LightingSettings: switching bake backend from 1 to 0.
 -> (artifact id: '797ea584f91144170f3b7afa0b416e0a') in 0.019715 seconds 
  Import took 0.033111 seconds .

========================================================================
Received Import Request.
  Time since last request: 9.840681 seconds.
  path: Assets/Flashlight
  artifactKey: Guid(6b4b8841bcdbac44cad9e8291a24df6b) Importer(815301076,1909f56bfc062723c751e8b465ee728b)
Start importing Assets/Flashlight using Guid(6b4b8841bcdbac44cad9e8291a24df6b) Importer(815301076,1909f56bfc062723c751e8b465ee728b)  -> (artifact id: '7f1d9d825b7b505ffe0feeae35ca436c') in 0.014451 seconds 
  Import took 0.029388 seconds .

========================================================================
Received Import Request.
  Time since last request: 19.304829 seconds.
  path: Assets/Furniture/Prefabs/Fotel3.prefab
  artifactKey: Guid(41cf0c45f4ecbd0469567b5a28e21395) Importer(815301076,1909f56bfc062723c751e8b465ee728b)
Start importing Assets/Furniture/Prefabs/Fotel3.prefab using Guid(41cf0c45f4ecbd0469567b5a28e21395) Importer(815301076,1909f56bfc062723c751e8b465ee728b)  -> (artifact id: '6570a7bd04e8fb30872e0fe2d926a480') in 0.119471 seconds 
  Import took 0.134324 seconds .

========================================================================
Received Import Request.
  Time since last request: 44.110633 seconds.
  path: Assets/Scenes/DoorWorld.unity
  artifactKey: Guid(c3f0f8fbb9e81ad4b85096a31460329d) Importer(815301076,1909f56bfc062723c751e8b465ee728b)
Start importing Assets/Scenes/DoorWorld.unity using Guid(c3f0f8fbb9e81ad4b85096a31460329d) Importer(815301076,1909f56bfc062723c751e8b465ee728b)  -> (artifact id: '2f7aaab65c09785f9d7793a5fd4df2a6') in 0.083650 seconds 
  Import took 0.146779 seconds .

========================================================================
Received Import Request.
  Time since last request: 57.590554 seconds.
  path: Assets/Scenes/PuzzleWorld.unity
  artifactKey: Guid(cdb4f39888312b24190e843e2ede894f) Importer(815301076,1909f56bfc062723c751e8b465ee728b)
Start importing Assets/Scenes/PuzzleWorld.unity using Guid(cdb4f39888312b24190e843e2ede894f) Importer(815301076,1909f56bfc062723c751e8b465ee728b)  -> (artifact id: '0ee33a2409f45dfad1a7f68a4bffc337') in 0.113821 seconds 
  Import took 0.262330 seconds .

========================================================================
Received Import Request.
  Time since last request: 20.136912 seconds.
  path: Assets/Scenes/PuzzleWorld.unity
  artifactKey: Guid(cdb4f39888312b24190e843e2ede894f) Importer(815301076,1909f56bfc062723c751e8b465ee728b)
Start importing Assets/Scenes/PuzzleWorld.unity using Guid(cdb4f39888312b24190e843e2ede894f) Importer(815301076,1909f56bfc062723c751e8b465ee728b)  -> (artifact id: '6c0b28c7c14e47017e8ba7bb240ebb3b') in 0.006849 seconds 
  Import took 0.026534 seconds .

========================================================================
Received Import Request.
  Time since last request: 33.700536 seconds.
  path: Assets/Sun_Temple/Content/Meshes/Main/Struct_ArcWall_A.fbx
  artifactKey: Guid(3070f2f19bdca364c9aa00b7dde98c69) Importer(815301076,1909f56bfc062723c751e8b465ee728b)
Start importing Assets/Sun_Temple/Content/Meshes/Main/Struct_ArcWall_A.fbx using Guid(3070f2f19bdca364c9aa00b7dde98c69) Importer(815301076,1909f56bfc062723c751e8b465ee728b)  -> (artifact id: '1a77213fa0a7b67f652feb503e1581ec') in 0.151472 seconds 
  Import took 0.165960 seconds .

========================================================================
Received Import Request.
  Time since last request: 12.670112 seconds.
  path: Assets/Sun_Temple/Content/Meshes/Main/Struct_Tarp_A.fbx
  artifactKey: Guid(46019df325ebeed408b36d689fd8b573) Importer(815301076,1909f56bfc062723c751e8b465ee728b)
Start importing Assets/Sun_Temple/Content/Meshes/Main/Struct_Tarp_A.fbx using Guid(46019df325ebeed408b36d689fd8b573) Importer(815301076,1909f56bfc062723c751e8b465ee728b)  -> (artifact id: '6649a27c2ce94cd67f84e4f7d5836a5c') in 0.061629 seconds 
  Import took 0.118758 seconds .

========================================================================
Received Import Request.
  Time since last request: 3.221192 seconds.
  path: Assets/Sun_Temple/Content/Meshes/Main/Struct_Scaffolding_Support_B.fbx
  artifactKey: Guid(d2835c01971a9c74a90789d1f0002774) Importer(815301076,1909f56bfc062723c751e8b465ee728b)
Start importing Assets/Sun_Temple/Content/Meshes/Main/Struct_Scaffolding_Support_B.fbx using Guid(d2835c01971a9c74a90789d1f0002774) Importer(815301076,1909f56bfc062723c751e8b465ee728b)  -> (artifact id: '4d25e13436fd2df411f2ab4f3f4452fb') in 0.126091 seconds 
  Import took 0.140819 seconds .

========================================================================
Received Import Request.
  Time since last request: 0.273531 seconds.
  path: Assets/Sun_Temple/Content/Meshes/Main/Struct_Scaffolding_Top_C.fbx
  artifactKey: Guid(53d5c61b611637a4c8625d23b0022691) Importer(815301076,1909f56bfc062723c751e8b465ee728b)
Start importing Assets/Sun_Temple/Content/Meshes/Main/Struct_Scaffolding_Top_C.fbx using Guid(53d5c61b611637a4c8625d23b0022691) Importer(815301076,1909f56bfc062723c751e8b465ee728b)  -> (artifact id: '490757548de9f8b19bb2fe25b222fc15') in 0.086396 seconds 
  Import took 0.098634 seconds .

========================================================================
Received Import Request.
  Time since last request: 0.330666 seconds.
  path: Assets/Sun_Temple/Content/Meshes/Main/Struct_Stairs_A.fbx
  artifactKey: Guid(59d89e055c2d69541b0180442022659f) Importer(815301076,1909f56bfc062723c751e8b465ee728b)
Start importing Assets/Sun_Temple/Content/Meshes/Main/Struct_Stairs_A.fbx using Guid(59d89e055c2d69541b0180442022659f) Importer(815301076,1909f56bfc062723c751e8b465ee728b)  -> (artifact id: '07b923dfac479af19a0ff61586992c68') in 0.128601 seconds 
  Import took 0.148420 seconds .

========================================================================
Received Import Request.
  Time since last request: 0.724371 seconds.
  path: Assets/Sun_Temple/Content/Meshes/Main/Struct_Scaffolding_Support_A.fbx
  artifactKey: Guid(50d5f2e430401714a8d414cb88c30dac) Importer(815301076,1909f56bfc062723c751e8b465ee728b)
Start importing Assets/Sun_Temple/Content/Meshes/Main/Struct_Scaffolding_Support_A.fbx using Guid(50d5f2e430401714a8d414cb88c30dac) Importer(815301076,1909f56bfc062723c751e8b465ee728b)  -> (artifact id: '1957c4deb6fd512f196ec14505f87de4') in 0.158524 seconds 
  Import took 0.193703 seconds .

========================================================================
Received Import Request.
  Time since last request: 0.000365 seconds.
  path: Assets/Sun_Temple/Content/Meshes/Main/Struct_Reinf_E.fbx
  artifactKey: Guid(d3754ae29b463cb4f988092caba88952) Importer(815301076,1909f56bfc062723c751e8b465ee728b)
Start importing Assets/Sun_Temple/Content/Meshes/Main/Struct_Reinf_E.fbx using Guid(d3754ae29b463cb4f988092caba88952) Importer(815301076,1909f56bfc062723c751e8b465ee728b)  -> (artifact id: '0d132f56ab799035ae85317d3019d269') in 0.090871 seconds 
  Import took 0.111561 seconds .

========================================================================
Received Import Request.
  Time since last request: 0.111020 seconds.
  path: Assets/Sun_Temple/Content/Meshes/Main/Struct_Reinf_C.fbx
  artifactKey: Guid(4f2e6eada04c16e429adebd5dce31f90) Importer(815301076,1909f56bfc062723c751e8b465ee728b)
Start importing Assets/Sun_Temple/Content/Meshes/Main/Struct_Reinf_C.fbx using Guid(4f2e6eada04c16e429adebd5dce31f90) Importer(815301076,1909f56bfc062723c751e8b465ee728b)  -> (artifact id: 'fee82beaa3fa7ab624ede466a0db7d04') in 0.061947 seconds 
  Import took 0.082021 seconds .

========================================================================
Received Import Request.
  Time since last request: 0.475415 seconds.
  path: Assets/Sun_Temple/Content/Meshes/Main/Struct_Scaffolding_A.fbx
  artifactKey: Guid(f65662b573c7e8d46834a5912ee65869) Importer(815301076,1909f56bfc062723c751e8b465ee728b)
Start importing Assets/Sun_Temple/Content/Meshes/Main/Struct_Scaffolding_A.fbx using Guid(f65662b573c7e8d46834a5912ee65869) Importer(815301076,1909f56bfc062723c751e8b465ee728b)  -> (artifact id: '29f71cbeb239de39629dda97091edd56') in 0.074231 seconds 
  Import took 0.087981 seconds .

========================================================================
Received Import Request.
  Time since last request: 1.869685 seconds.
  path: Assets/Sun_Temple/Content/Meshes/Main/Struct_Ramp_A.fbx
  artifactKey: Guid(84c832a8b4831844f9f437effbfefb0e) Importer(815301076,1909f56bfc062723c751e8b465ee728b)
Start importing Assets/Sun_Temple/Content/Meshes/Main/Struct_Ramp_A.fbx using Guid(84c832a8b4831844f9f437effbfefb0e) Importer(815301076,1909f56bfc062723c751e8b465ee728b)  -> (artifact id: '73e5846c43d80edb6f115d653700b994') in 0.151707 seconds 
  Import took 0.168765 seconds .

========================================================================
Received Import Request.
  Time since last request: 0.492444 seconds.
  path: Assets/Sun_Temple/Content/Meshes/Main/Struct_Ramp_D.fbx
  artifactKey: Guid(d9f1f7deac35b1b40b00303aaa4d69ad) Importer(815301076,1909f56bfc062723c751e8b465ee728b)
Start importing Assets/Sun_Temple/Content/Meshes/Main/Struct_Ramp_D.fbx using Guid(d9f1f7deac35b1b40b00303aaa4d69ad) Importer(815301076,1909f56bfc062723c751e8b465ee728b)  -> (artifact id: '6d9ee105d2575e712caa8122408f66f4') in 0.166122 seconds 
  Import took 0.183127 seconds .

========================================================================
Received Import Request.
  Time since last request: 0.994449 seconds.
  path: Assets/Sun_Temple/Content/Meshes/Main/Struct_Halfwall_Stairs_A.fbx
  artifactKey: Guid(093b63883babc74458a98b8871e99c36) Importer(815301076,1909f56bfc062723c751e8b465ee728b)
Start importing Assets/Sun_Temple/Content/Meshes/Main/Struct_Halfwall_Stairs_A.fbx using Guid(093b63883babc74458a98b8871e99c36) Importer(815301076,1909f56bfc062723c751e8b465ee728b)  -> (artifact id: 'b5fee2bd0e0643a1c0757065986af560') in 0.197340 seconds 
  Import took 0.343518 seconds .

========================================================================
Received Import Request.
  Time since last request: 0.049698 seconds.
  path: Assets/Sun_Temple/Content/Meshes/Main/Struct_Pavement_C.fbx
  artifactKey: Guid(400eaee26dd372e46ad1ceb16816e3c9) Importer(815301076,1909f56bfc062723c751e8b465ee728b)
Start importing Assets/Sun_Temple/Content/Meshes/Main/Struct_Pavement_C.fbx using Guid(400eaee26dd372e46ad1ceb16816e3c9) Importer(815301076,1909f56bfc062723c751e8b465ee728b)  -> (artifact id: 'b5ec62ff9d111c5760c4f1ee67da1d4c') in 0.070880 seconds 
  Import took 0.092150 seconds .

========================================================================
Received Import Request.
  Time since last request: 0.739652 seconds.
  path: Assets/Sun_Temple/Content/Meshes/Main/Struct_Fullwall_Deco_C.fbx
  artifactKey: Guid(e6035143820594146b8e4ea0c8530906) Importer(815301076,1909f56bfc062723c751e8b465ee728b)
Start importing Assets/Sun_Temple/Content/Meshes/Main/Struct_Fullwall_Deco_C.fbx using Guid(e6035143820594146b8e4ea0c8530906) Importer(815301076,1909f56bfc062723c751e8b465ee728b)  -> (artifact id: '86469a4874a15a1b3d240b0bce639dbd') in 0.089936 seconds 
  Import took 0.106371 seconds .

========================================================================
Received Import Request.
  Time since last request: 0.360421 seconds.
  path: Assets/Sun_Temple/Content/Meshes/Main/Struct_Fullwall_Deco_E.fbx
  artifactKey: Guid(f0f95fe14bc1ec2438463c7a4ffbbb5b) Importer(815301076,1909f56bfc062723c751e8b465ee728b)
Start importing Assets/Sun_Temple/Content/Meshes/Main/Struct_Fullwall_Deco_E.fbx using Guid(f0f95fe14bc1ec2438463c7a4ffbbb5b) Importer(815301076,1909f56bfc062723c751e8b465ee728b)  -> (artifact id: '1e46277fe31345edadd8bcad325504fc') in 0.100332 seconds 
  Import took 0.117118 seconds .

========================================================================
Received Import Request.
  Time since last request: 1.129429 seconds.
  path: Assets/Sun_Temple/Content/Meshes/Main/Struct_Curb_A_4x.fbx
  artifactKey: Guid(01eb084c409eee9478f494f0e81a4e91) Importer(815301076,1909f56bfc062723c751e8b465ee728b)
Start importing Assets/Sun_Temple/Content/Meshes/Main/Struct_Curb_A_4x.fbx using Guid(01eb084c409eee9478f494f0e81a4e91) Importer(815301076,1909f56bfc062723c751e8b465ee728b)  -> (artifact id: '86552ce6ae0d59ecd84f175684536145') in 0.156446 seconds 
  Import took 0.178964 seconds .

========================================================================
Received Import Request.
  Time since last request: 0.000360 seconds.
  path: Assets/Sun_Temple/Content/Meshes/Main/Struct_Curb_C.fbx
  artifactKey: Guid(0bd396c1191910944b28d11675c39e93) Importer(815301076,1909f56bfc062723c751e8b465ee728b)
Start importing Assets/Sun_Temple/Content/Meshes/Main/Struct_Curb_C.fbx using Guid(0bd396c1191910944b28d11675c39e93) Importer(815301076,1909f56bfc062723c751e8b465ee728b)  -> (artifact id: '98cdcb35b387ccfe025835a04023388f') in 0.064933 seconds 
  Import took 0.086382 seconds .

========================================================================
Received Import Request.
  Time since last request: 2.769806 seconds.
  path: Assets/Sun_Temple/Content/Meshes/Main/Rock_Boulder_B.fbx
  artifactKey: Guid(a5aad16b94be24d4f96e19612e8cb865) Importer(815301076,1909f56bfc062723c751e8b465ee728b)
Start importing Assets/Sun_Temple/Content/Meshes/Main/Rock_Boulder_B.fbx using Guid(a5aad16b94be24d4f96e19612e8cb865) Importer(815301076,1909f56bfc062723c751e8b465ee728b)  -> (artifact id: '28748e03b26a68ddd8bb22badf705c67') in 0.055016 seconds 
  Import took 0.072282 seconds .

========================================================================
Received Import Request.
  Time since last request: 0.543850 seconds.
  path: Assets/Sun_Temple/Content/Meshes/Main/Rock_Boulder_C.fbx
  artifactKey: Guid(3e5f05b51a30ac84e896fabac144ce73) Importer(815301076,1909f56bfc062723c751e8b465ee728b)
Start importing Assets/Sun_Temple/Content/Meshes/Main/Rock_Boulder_C.fbx using Guid(3e5f05b51a30ac84e896fabac144ce73) Importer(815301076,1909f56bfc062723c751e8b465ee728b)  -> (artifact id: '496b3c7092f321823c13651a3dd35492') in 0.061277 seconds 
  Import took 0.074563 seconds .

========================================================================
Received Import Request.
  Time since last request: 0.252069 seconds.
  path: Assets/Sun_Temple/Content/Meshes/Main/Rock_Facing_D.fbx
  artifactKey: Guid(356961d0c1fc0624a8f0cfe032dead32) Importer(815301076,1909f56bfc062723c751e8b465ee728b)
Start importing Assets/Sun_Temple/Content/Meshes/Main/Rock_Facing_D.fbx using Guid(356961d0c1fc0624a8f0cfe032dead32) Importer(815301076,1909f56bfc062723c751e8b465ee728b)  -> (artifact id: '0e1c3d7d7642768e9d112da352d5eff1') in 0.056669 seconds 
  Import took 0.071254 seconds .

========================================================================
Received Import Request.
  Time since last request: 0.780515 seconds.
  path: Assets/Sun_Temple/Content/Meshes/Main/RockPlatform_Long.fbx
  artifactKey: Guid(5f5b95e27251ebc429ed54e84bbcab2a) Importer(815301076,1909f56bfc062723c751e8b465ee728b)
Start importing Assets/Sun_Temple/Content/Meshes/Main/RockPlatform_Long.fbx using Guid(5f5b95e27251ebc429ed54e84bbcab2a) Importer(815301076,1909f56bfc062723c751e8b465ee728b)  -> (artifact id: '59d7d9ab77267036dec53861b75f49f8') in 0.193745 seconds 
  Import took 0.221593 seconds .

========================================================================
Received Import Request.
  Time since last request: 0.000335 seconds.
  path: Assets/Sun_Temple/Content/Meshes/Main/Struct_ArcWall_Column_A.fbx
  artifactKey: Guid(41c5933f02de39e42af87816d6ce90d2) Importer(815301076,1909f56bfc062723c751e8b465ee728b)
Start importing Assets/Sun_Temple/Content/Meshes/Main/Struct_ArcWall_Column_A.fbx using Guid(41c5933f02de39e42af87816d6ce90d2) Importer(815301076,1909f56bfc062723c751e8b465ee728b)  -> (artifact id: 'b1715eef9cc4a54e4c1ccc10d8ca837c') in 0.064525 seconds 
  Import took 0.085670 seconds .

========================================================================
Received Import Request.
  Time since last request: 0.000305 seconds.
  path: Assets/Sun_Temple/Content/Meshes/Main/Struct_Curb_A.fbx
  artifactKey: Guid(0bae902b32d1b084999dc5c3d143cc00) Importer(815301076,1909f56bfc062723c751e8b465ee728b)
Start importing Assets/Sun_Temple/Content/Meshes/Main/Struct_Curb_A.fbx using Guid(0bae902b32d1b084999dc5c3d143cc00) Importer(815301076,1909f56bfc062723c751e8b465ee728b)  -> (artifact id: '3a34f4fc8ac9a528c8dacf6f4c2ce933') in 0.070395 seconds 
  Import took 0.100344 seconds .

========================================================================
Received Import Request.
  Time since last request: 3.351712 seconds.
  path: Assets/Sun_Temple/Content/Meshes/Main/Rock_Boulder_A.fbx
  artifactKey: Guid(d81bbc7eb8af0644594a8f8c143569fe) Importer(815301076,1909f56bfc062723c751e8b465ee728b)
Start importing Assets/Sun_Temple/Content/Meshes/Main/Rock_Boulder_A.fbx using Guid(d81bbc7eb8af0644594a8f8c143569fe) Importer(815301076,1909f56bfc062723c751e8b465ee728b)  -> (artifact id: 'ac55dfe20737b42dbeb702da821ebee4') in 0.069119 seconds 
  Import took 0.081812 seconds .

========================================================================
Received Import Request.
  Time since last request: 2.358311 seconds.
  path: Assets/Sun_Temple/Content/Meshes/Main/Struct_Curb_A_Half.fbx
  artifactKey: Guid(399b54f3224189a42a879247d8722b9f) Importer(815301076,1909f56bfc062723c751e8b465ee728b)
Start importing Assets/Sun_Temple/Content/Meshes/Main/Struct_Curb_A_Half.fbx using Guid(399b54f3224189a42a879247d8722b9f) Importer(815301076,1909f56bfc062723c751e8b465ee728b)  -> (artifact id: '69087d5098d6967a4f113177bbece51b') in 0.051049 seconds 
  Import took 0.065935 seconds .

========================================================================
Received Import Request.
  Time since last request: 40.926088 seconds.
  path: Assets/Sun_Temple/Prefabs/Backgrounds
  artifactKey: Guid(eff120b7dbd75474eb0414209b599734) Importer(815301076,1909f56bfc062723c751e8b465ee728b)
Start importing Assets/Sun_Temple/Prefabs/Backgrounds using Guid(eff120b7dbd75474eb0414209b599734) Importer(815301076,1909f56bfc062723c751e8b465ee728b)  -> (artifact id: 'c43643d517d4fe9b2b08911f1110b9fd') in 0.018481 seconds 
  Import took 0.031771 seconds .

========================================================================
Received Import Request.
  Time since last request: 24.415646 seconds.
  path: Assets/Sun_Temple/Prefabs/Buildings_Prefabbed/Bld_Tall_B_Interior_A.prefab
  artifactKey: Guid(50a8bc0d342915c4f9f5644e1e38a26f) Importer(815301076,1909f56bfc062723c751e8b465ee728b)
Start importing Assets/Sun_Temple/Prefabs/Buildings_Prefabbed/Bld_Tall_B_Interior_A.prefab using Guid(50a8bc0d342915c4f9f5644e1e38a26f) Importer(815301076,1909f56bfc062723c751e8b465ee728b)  -> (artifact id: '37f31bdc12150699998d84ed428b3045') in 0.698350 seconds 
  Import took 0.735703 seconds .

========================================================================
Received Import Request.
  Time since last request: 0.387502 seconds.
  path: Assets/Sun_Temple/Prefabs/Buildings_Prefabbed/Bld_Tall_B_Hollow.prefab
  artifactKey: Guid(74b8eb9c922553144bfd1349a5e35ae8) Importer(815301076,1909f56bfc062723c751e8b465ee728b)
Start importing Assets/Sun_Temple/Prefabs/Buildings_Prefabbed/Bld_Tall_B_Hollow.prefab using Guid(74b8eb9c922553144bfd1349a5e35ae8) Importer(815301076,1909f56bfc062723c751e8b465ee728b)  -> (artifact id: '86537d16638b2201ee961a37139ae0ba') in 0.288180 seconds 
  Import took 0.315959 seconds .

========================================================================
Received Import Request.
  Time since last request: 0.625360 seconds.
  path: Assets/Sun_Temple/Prefabs/Buildings_Prefabbed/Bld_Tall_A_Interior_A.prefab
  artifactKey: Guid(30b5d527c1bc7a841af763dbc3d8f567) Importer(815301076,1909f56bfc062723c751e8b465ee728b)
Start importing Assets/Sun_Temple/Prefabs/Buildings_Prefabbed/Bld_Tall_A_Interior_A.prefab using Guid(30b5d527c1bc7a841af763dbc3d8f567) Importer(815301076,1909f56bfc062723c751e8b465ee728b)  -> (artifact id: '828e54a15a6616866888e4e076bcc1b1') in 0.657097 seconds 
  Import took 0.776939 seconds .

========================================================================
Received Import Request.
  Time since last request: 0.000329 seconds.
  path: Assets/Sun_Temple/Prefabs/Buildings_Prefabbed/Bld_Tall_A.prefab
  artifactKey: Guid(6711ca4c8b548274db5fbdd12365bb62) Importer(815301076,1909f56bfc062723c751e8b465ee728b)
Start importing Assets/Sun_Temple/Prefabs/Buildings_Prefabbed/Bld_Tall_A.prefab using Guid(6711ca4c8b548274db5fbdd12365bb62) Importer(815301076,1909f56bfc062723c751e8b465ee728b)  -> (artifact id: 'ee8c2345d43f4e0985a3d08a1810c0af') in 0.226256 seconds 
  Import took 0.249307 seconds .

========================================================================
Received Import Request.
  Time since last request: 0.848142 seconds.
  path: Assets/Sun_Temple/Prefabs/Buildings_Prefabbed/Bld_Medium_A_Hollow.prefab
  artifactKey: Guid(29f2b63a9605e834d8ba9cf5e49696a1) Importer(815301076,1909f56bfc062723c751e8b465ee728b)
Start importing Assets/Sun_Temple/Prefabs/Buildings_Prefabbed/Bld_Medium_A_Hollow.prefab using Guid(29f2b63a9605e834d8ba9cf5e49696a1) Importer(815301076,1909f56bfc062723c751e8b465ee728b)  -> (artifact id: 'a9e420acb2046b2af98ce4adeb72eb87') in 0.251417 seconds 
  Import took 0.304872 seconds .

========================================================================
Received Import Request.
  Time since last request: 0.657062 seconds.
  path: Assets/Sun_Temple/Prefabs/Buildings_Prefabbed/Bld_Medium_B.prefab
  artifactKey: Guid(c3743e452d8187b43b7dc64db7a4ba63) Importer(815301076,1909f56bfc062723c751e8b465ee728b)
Start importing Assets/Sun_Temple/Prefabs/Buildings_Prefabbed/Bld_Medium_B.prefab using Guid(c3743e452d8187b43b7dc64db7a4ba63) Importer(815301076,1909f56bfc062723c751e8b465ee728b)  -> (artifact id: '45f9605d0eb0eea20ea15a64b75231a1') in 0.434758 seconds 
  Import took 0.499362 seconds .

========================================================================
Received Import Request.
  Time since last request: 0.000360 seconds.
  path: Assets/Sun_Temple/Prefabs/Buildings_Prefabbed/Bld_Medium_C.prefab
  artifactKey: Guid(eecf14f5a3c167f45bb2d897c7917e9b) Importer(815301076,1909f56bfc062723c751e8b465ee728b)
Start importing Assets/Sun_Temple/Prefabs/Buildings_Prefabbed/Bld_Medium_C.prefab using Guid(eecf14f5a3c167f45bb2d897c7917e9b) Importer(815301076,1909f56bfc062723c751e8b465ee728b)  -> (artifact id: '5cc334e9ac922a96054f2b284f2474cc') in 0.268574 seconds 
  Import took 0.294165 seconds .

========================================================================
Received Import Request.
  Time since last request: 0.000282 seconds.
  path: Assets/Sun_Temple/Prefabs/Buildings_Prefabbed/Bld_LongTriangular_B_Hollow.prefab
  artifactKey: Guid(48d05d90ace0eae4da1923dbb025ce62) Importer(815301076,1909f56bfc062723c751e8b465ee728b)
Start importing Assets/Sun_Temple/Prefabs/Buildings_Prefabbed/Bld_LongTriangular_B_Hollow.prefab using Guid(48d05d90ace0eae4da1923dbb025ce62) Importer(815301076,1909f56bfc062723c751e8b465ee728b)  -> (artifact id: 'ea100ae968a6c0406ca95b25e35272df') in 0.229877 seconds 
  Import took 0.250970 seconds .

========================================================================
Received Import Request.
  Time since last request: 1.385949 seconds.
  path: Assets/Sun_Temple/Prefabs/Buildings_Prefabbed
  artifactKey: Guid(c344cb67d4aee7b47b8e5dfe30a24f72) Importer(815301076,1909f56bfc062723c751e8b465ee728b)
Start importing Assets/Sun_Temple/Prefabs/Buildings_Prefabbed using Guid(c344cb67d4aee7b47b8e5dfe30a24f72) Importer(815301076,1909f56bfc062723c751e8b465ee728b)  -> (artifact id: 'a640823d87057bde5a42bb1fa5e9e702') in 0.019088 seconds 
  Import took 0.033424 seconds .

========================================================================
Received Import Request.
  Time since last request: 23.691550 seconds.
  path: Assets/Sun_Temple/Resources/TerrainShaders
  artifactKey: Guid(8418a16f91a30a948b4290627fedb545) Importer(815301076,1909f56bfc062723c751e8b465ee728b)
Start importing Assets/Sun_Temple/Resources/TerrainShaders using Guid(8418a16f91a30a948b4290627fedb545) Importer(815301076,1909f56bfc062723c751e8b465ee728b)  -> (artifact id: 'e40edcfc7ff79ce2d542f92fd2fa5673') in 0.020310 seconds 
  Import took 0.033652 seconds .

========================================================================
Received Import Request.
  Time since last request: 3.388915 seconds.
  path: Assets/Sun_Temple/Scripts/Culling
  artifactKey: Guid(2631bffdb408b904f9fc9ed7cc210ff5) Importer(815301076,1909f56bfc062723c751e8b465ee728b)
Start importing Assets/Sun_Temple/Scripts/Culling using Guid(2631bffdb408b904f9fc9ed7cc210ff5) Importer(815301076,1909f56bfc062723c751e8b465ee728b)  -> (artifact id: '6e558fd21e965caaf5d616b2a871d8b4') in 0.014355 seconds 
  Import took 0.030598 seconds .

========================================================================
Received Import Request.
  Time since last request: 24.654811 seconds.
  path: Assets/Sun_Temple/Content/Meshes/Main/Bld_Int_Column_A.fbx
  artifactKey: Guid(41e11f099932d624680d5debc8e14704) Importer(815301076,1909f56bfc062723c751e8b465ee728b)
Start importing Assets/Sun_Temple/Content/Meshes/Main/Bld_Int_Column_A.fbx using Guid(41e11f099932d624680d5debc8e14704) Importer(815301076,1909f56bfc062723c751e8b465ee728b)  -> (artifact id: 'e9b310e352608a92a6495728eb319029') in 0.091225 seconds 
  Import took 0.108844 seconds .

========================================================================
Received Import Request.
  Time since last request: 0.500352 seconds.
  path: Assets/Sun_Temple/Content/Meshes/Main/Bld_Int_Column_B.fbx
  artifactKey: Guid(5c22594a3bdda754180f18605e14c90f) Importer(815301076,1909f56bfc062723c751e8b465ee728b)
Start importing Assets/Sun_Temple/Content/Meshes/Main/Bld_Int_Column_B.fbx using Guid(5c22594a3bdda754180f18605e14c90f) Importer(815301076,1909f56bfc062723c751e8b465ee728b)  -> (artifact id: 'e9d63fb54deb0ed5c2133192465744b2') in 0.110923 seconds 
  Import took 0.125827 seconds .

========================================================================
Received Import Request.
  Time since last request: 0.561269 seconds.
  path: Assets/Sun_Temple/Content/Meshes/Main/Bld_Int_Column_Top_B.fbx
  artifactKey: Guid(01fdfd5e2ccaaf3439462e508305ebb5) Importer(815301076,1909f56bfc062723c751e8b465ee728b)
Start importing Assets/Sun_Temple/Content/Meshes/Main/Bld_Int_Column_Top_B.fbx using Guid(01fdfd5e2ccaaf3439462e508305ebb5) Importer(815301076,1909f56bfc062723c751e8b465ee728b)  -> (artifact id: '27762b590a485151c517f3da400fe922') in 0.756211 seconds 
  Import took 0.779886 seconds .

========================================================================
Received Import Request.
  Time since last request: 10.634588 seconds.
  path: Assets/Scenes/OtherLever.unity
  artifactKey: Guid(c74bbdb3386a2794f9f197c785953633) Importer(815301076,1909f56bfc062723c751e8b465ee728b)
Start importing Assets/Scenes/OtherLever.unity using Guid(c74bbdb3386a2794f9f197c785953633) Importer(815301076,1909f56bfc062723c751e8b465ee728b)  -> (artifact id: '0528f5c9fb9c2298538a41abe3d610f2') in 0.017072 seconds 
  Import took 0.032230 seconds .

========================================================================
Received Import Request.
  Time since last request: 5.214894 seconds.
  path: Assets/Scenes/SampleScene.unity
  artifactKey: Guid(9fc0d4010bbf28b4594072e72b8655ab) Importer(815301076,1909f56bfc062723c751e8b465ee728b)
Start importing Assets/Scenes/SampleScene.unity using Guid(9fc0d4010bbf28b4594072e72b8655ab) Importer(815301076,1909f56bfc062723c751e8b465ee728b)  -> (artifact id: 'be1eed825f46f1a96c55d43fe859cbac') in 0.012318 seconds 
  Import took 0.026541 seconds .

========================================================================
Received Prepare
Registering precompiled user dll's ...
Registered in 0.025836 seconds.
Begin MonoManager ReloadAssembly
Native extension for WindowsStandalone target not found
Refreshing native plugins compatible for Editor in 1.57 ms, found 5 plugins.
Preloading 0 native plugins for Editor in 0.00 ms.
Mono: successfully reloaded assembly
- Completed reload, in  2.299 seconds
Domain Reload Profiling:
	ReloadAssembly (2299ms)
		BeginReloadAssembly (226ms)
			ExecutionOrderSort (0ms)
			DisableScriptedObjects (8ms)
			BackupInstance (0ms)
			ReleaseScriptingObjects (0ms)
			CreateAndSetChildDomain (63ms)
		EndReloadAssembly (1943ms)
			LoadAssemblies (211ms)
			RebuildTransferFunctionScriptingTraits (0ms)
			SetupTypeCache (693ms)
			ReleaseScriptCaches (4ms)
			RebuildScriptCaches (172ms)
			SetupLoadedEditorAssemblies (662ms)
				LogAssemblyErrors (0ms)
				InitializePlatformSupportModulesInManaged (13ms)
				SetLoadedEditorAssemblies (3ms)
				RefreshPlugins (2ms)
				BeforeProcessingInitializeOnLoad (227ms)
				ProcessInitializeOnLoadAttributes (383ms)
				ProcessInitializeOnLoadMethodAttributes (18ms)
				AfterProcessingInitializeOnLoad (17ms)
				EditorAssembliesLoaded (0ms)
			ExecutionOrderSort2 (0ms)
			AwakeInstancesAfterBackupRestoration (14ms)
Platform modules already initialized, skipping
Refreshing native plugins compatible for Editor in 2.25 ms, found 5 plugins.
Preloading 0 native plugins for Editor in 0.00 ms.
Unloading 3888 Unused Serialized files (Serialized files now loaded: 0)
System memory in use before: 204.9 MB.
System memory in use after: 204.3 MB.

Unloading 24 unused Assets to reduce memory usage. Loaded Objects now: 4520.
Total: 7.052100 ms (FindLiveObjects: 0.414200 ms CreateObjectMapping: 0.219700 ms MarkObjects: 5.512300 ms  DeleteObjects: 0.903200 ms)

AssetImportParameters requested are different than current active one (requested -> active):
  custom:framework-win-MediaFoundation: 216162199b28c13a410421893ffa2e32 -> 
  custom:video-decoder-ogg-theora: a1e56fd34408186e4bbccfd4996cb3dc -> 
  custom:container-muxer-webm: aa71ff27fc2769a1b78a27578f13a17b -> 
  custom:container-demuxer-webm: 4f35f7cbe854078d1ac9338744f61a02 -> 
  custom:container-demuxer-ogg: 62fdf1f143b41e24485cea50d1cbac27 -> 
  custom:video-encoder-webm-vp8: eb34c28f22e8b96e1ab97ce403110664 -> 
  custom:video-decoder-webm-vp8: 9c59270c3fd7afecdb556c50c9e8de78 -> 
  custom:audio-decoder-ogg-vorbis: bf7c407c2cedff20999df2af8eb42d56 -> 
  custom:audio-encoder-webm-vorbis: bf7c407c2cedff20999df2af8eb42d56 -> 
========================================================================
Received Import Request.
  Time since last request: 583.316794 seconds.
  path: Assets/Sun_Temple/Prefabs/Buildings_Prefabbed/Bld_Tall_A_Hollow.prefab
  artifactKey: Guid(74f1de459c13681498c8c88cb560bc90) Importer(815301076,1909f56bfc062723c751e8b465ee728b)
Start importing Assets/Sun_Temple/Prefabs/Buildings_Prefabbed/Bld_Tall_A_Hollow.prefab using Guid(74f1de459c13681498c8c88cb560bc90) Importer(815301076,1909f56bfc062723c751e8b465ee728b)  -> (artifact id: 'ce03c4e393c19e14078428d9cd01f44d') in 0.457038 seconds 
  Import took 0.481313 seconds .

========================================================================
Received Import Request.
  Time since last request: 23.480649 seconds.
  path: Assets/Sun_Temple/Prefabs/Helpers
  artifactKey: Guid(9a00e6faad6b7c345992897c6aa2268c) Importer(815301076,1909f56bfc062723c751e8b465ee728b)
Start importing Assets/Sun_Temple/Prefabs/Helpers using Guid(9a00e6faad6b7c345992897c6aa2268c) Importer(815301076,1909f56bfc062723c751e8b465ee728b)  -> (artifact id: '5ccba5144d0e9c7ca9b9f19076f6df64') in 0.013660 seconds 
  Import took 0.030059 seconds .

========================================================================
Received Import Request.
  Time since last request: 11.413132 seconds.
  path: Assets/Sun_Temple/Prefabs/Modules_Structs/Struct_Stairs_A.prefab
  artifactKey: Guid(1414a769efd2da04192822135a0a73b8) Importer(815301076,1909f56bfc062723c751e8b465ee728b)
Start importing Assets/Sun_Temple/Prefabs/Modules_Structs/Struct_Stairs_A.prefab using Guid(1414a769efd2da04192822135a0a73b8) Importer(815301076,1909f56bfc062723c751e8b465ee728b)  -> (artifact id: 'c5528d90ea714fda2e092e3ed93deb7a') in 0.022258 seconds 
  Import took 0.041248 seconds .

========================================================================
Received Import Request.
  Time since last request: 52.945037 seconds.
  path: Assets/Sun_Temple/Prefabs/Modules_Temple/Bld_Temple_Int_Altair.prefab
  artifactKey: Guid(1e1edba83cfca544a85589c99c1a5323) Importer(815301076,1909f56bfc062723c751e8b465ee728b)
Start importing Assets/Sun_Temple/Prefabs/Modules_Temple/Bld_Temple_Int_Altair.prefab using Guid(1e1edba83cfca544a85589c99c1a5323) Importer(815301076,1909f56bfc062723c751e8b465ee728b)  -> (artifact id: 'c914690e02d1cc29a3dba8b2f0141555') in 0.081977 seconds 
  Import took 0.096409 seconds .

========================================================================
Received Import Request.
  Time since last request: 69.898824 seconds.
  path: Assets/Sun_Temple/Prefabs/Modules_Temple/Bld_Temple_Int_Arc_A.prefab
  artifactKey: Guid(cbb3425d09eb9e44ca094be41e9aaa5d) Importer(815301076,1909f56bfc062723c751e8b465ee728b)
Start importing Assets/Sun_Temple/Prefabs/Modules_Temple/Bld_Temple_Int_Arc_A.prefab using Guid(cbb3425d09eb9e44ca094be41e9aaa5d) Importer(815301076,1909f56bfc062723c751e8b465ee728b)  -> (artifact id: '3dd14211ae15a23ccbffd0abf0ca060a') in 0.108413 seconds 
  Import took 0.126959 seconds .

========================================================================
Received Import Request.
  Time since last request: 1.025396 seconds.
  path: Assets/Sun_Temple/Prefabs/Modules_Temple/Bld_Temple_Int_Column_Transition_A.prefab
  artifactKey: Guid(58d111865d91e5b408a76d2405eb10b6) Importer(815301076,1909f56bfc062723c751e8b465ee728b)
Start importing Assets/Sun_Temple/Prefabs/Modules_Temple/Bld_Temple_Int_Column_Transition_A.prefab using Guid(58d111865d91e5b408a76d2405eb10b6) Importer(815301076,1909f56bfc062723c751e8b465ee728b)  -> (artifact id: 'e893521d65134f903930e078cc32846d') in 0.092154 seconds 
  Import took 0.114306 seconds .

========================================================================
Received Import Request.
  Time since last request: 9.974418 seconds.
  path: Assets/Sun_Temple/Prefabs/Modules_Common
  artifactKey: Guid(ebdf4b210ae54d345af5632e71f435aa) Importer(815301076,1909f56bfc062723c751e8b465ee728b)
Start importing Assets/Sun_Temple/Prefabs/Modules_Common using Guid(ebdf4b210ae54d345af5632e71f435aa) Importer(815301076,1909f56bfc062723c751e8b465ee728b)  -> (artifact id: 'c03081e547cea8c855b4aa41a3764472') in 0.016781 seconds 
  Import took 0.033054 seconds .

========================================================================
Received Import Request.
  Time since last request: 1.737812 seconds.
  path: Assets/Sun_Temple/Prefabs/Decals
  artifactKey: Guid(589032b8c987ab14ebf27fd820940504) Importer(815301076,1909f56bfc062723c751e8b465ee728b)
Start importing Assets/Sun_Temple/Prefabs/Decals using Guid(589032b8c987ab14ebf27fd820940504) Importer(815301076,1909f56bfc062723c751e8b465ee728b)  -> (artifact id: 'a0baa8bf6021ab3d368a5f2d7682e84e') in 0.014880 seconds 
  Import took 0.032857 seconds .

========================================================================
Received Import Request.
  Time since last request: 32.165544 seconds.
  path: Assets/Dnk_Dev/HospitalHorrorPack/Models/SM_Lamp.obj
  artifactKey: Guid(99d1229755c80d54d975792177cdddee) Importer(815301076,1909f56bfc062723c751e8b465ee728b)
Start importing Assets/Dnk_Dev/HospitalHorrorPack/Models/SM_Lamp.obj using Guid(99d1229755c80d54d975792177cdddee) Importer(815301076,1909f56bfc062723c751e8b465ee728b)  -> (artifact id: 'c831a28ee8e1cf6f6e772f68705ba6f8') in 0.092216 seconds 
  Import took 0.122818 seconds .

========================================================================
Received Import Request.
  Time since last request: 11.153643 seconds.
  path: Assets/Dnk_Dev/HospitalHorrorPack/Models/SM_Column_01.FBX
  artifactKey: Guid(9287a4cf151cef34fb2bf51cfb3565a7) Importer(815301076,1909f56bfc062723c751e8b465ee728b)
Start importing Assets/Dnk_Dev/HospitalHorrorPack/Models/SM_Column_01.FBX using Guid(9287a4cf151cef34fb2bf51cfb3565a7) Importer(815301076,1909f56bfc062723c751e8b465ee728b)  -> (artifact id: '8866ea496329cea72ced032f167b9c95') in 0.078060 seconds 
  Import took 0.094716 seconds .

========================================================================
Received Import Request.
  Time since last request: 0.310500 seconds.
  path: Assets/Dnk_Dev/HospitalHorrorPack/Models/SM_Ceiling_01.obj
  artifactKey: Guid(fb6d3eae3b4e46e46a8b71b5faa7e6a3) Importer(815301076,1909f56bfc062723c751e8b465ee728b)
Start importing Assets/Dnk_Dev/HospitalHorrorPack/Models/SM_Ceiling_01.obj using Guid(fb6d3eae3b4e46e46a8b71b5faa7e6a3) Importer(815301076,1909f56bfc062723c751e8b465ee728b)  -> (artifact id: 'c7185fc56b12d03f70e2fddd5924a577') in 0.100851 seconds 
  Import took 0.116977 seconds .

========================================================================
Received Import Request.
  Time since last request: 0.230082 seconds.
  path: Assets/Dnk_Dev/HospitalHorrorPack/Models/SM_BedBedding_01.obj
  artifactKey: Guid(92a399879ec49094b8bd5109dd1d830e) Importer(815301076,1909f56bfc062723c751e8b465ee728b)
Start importing Assets/Dnk_Dev/HospitalHorrorPack/Models/SM_BedBedding_01.obj using Guid(92a399879ec49094b8bd5109dd1d830e) Importer(815301076,1909f56bfc062723c751e8b465ee728b)  -> (artifact id: 'e513ec171a4ed930aa5209dd6b69542d') in 0.067981 seconds 
  Import took 0.081222 seconds .

========================================================================
Received Import Request.
  Time since last request: 4.946683 seconds.
  path: Assets/AssetStore Packs/Flooded_Grounds/Prefabs/Buildings/Cabins/Outhouse_A.prefab
  artifactKey: Guid(42f9613ec0908c044b86298687d21ba2) Importer(815301076,1909f56bfc062723c751e8b465ee728b)
Start importing Assets/AssetStore Packs/Flooded_Grounds/Prefabs/Buildings/Cabins/Outhouse_A.prefab using Guid(42f9613ec0908c044b86298687d21ba2) Importer(815301076,1909f56bfc062723c751e8b465ee728b)  -> (artifact id: 'b80a9e5be2a2b241727072ee5a8c6710') in 0.197069 seconds 
  Import took 0.215047 seconds .

========================================================================
Received Import Request.
  Time since last request: 0.596449 seconds.
  path: Assets/AssetStore Packs/Flooded_Grounds/Prefabs/Buildings/Cabins/Cabin2_Stairs.prefab
  artifactKey: Guid(de27278e60c8d8b42a3ae02c5da3edf8) Importer(815301076,1909f56bfc062723c751e8b465ee728b)
Start importing Assets/AssetStore Packs/Flooded_Grounds/Prefabs/Buildings/Cabins/Cabin2_Stairs.prefab using Guid(de27278e60c8d8b42a3ae02c5da3edf8) Importer(815301076,1909f56bfc062723c751e8b465ee728b)  -> (artifact id: 'e3da9d2b64b8ff9a2f9e134482c8de4e') in 0.124963 seconds 
  Import took 0.139913 seconds .

========================================================================
Received Import Request.
  Time since last request: 0.346268 seconds.
  path: Assets/AssetStore Packs/Flooded_Grounds/Prefabs/Buildings/Cabins/Cabin2_Mid2.prefab
  artifactKey: Guid(1df136745ae1d834d9df67fa39473042) Importer(815301076,1909f56bfc062723c751e8b465ee728b)
Start importing Assets/AssetStore Packs/Flooded_Grounds/Prefabs/Buildings/Cabins/Cabin2_Mid2.prefab using Guid(1df136745ae1d834d9df67fa39473042) Importer(815301076,1909f56bfc062723c751e8b465ee728b)  -> (artifact id: '6521e42a84457e9796cc2d03609ceb2e') in 0.138082 seconds 
  Import took 0.158218 seconds .

========================================================================
Received Import Request.
  Time since last request: 0.655803 seconds.
  path: Assets/AssetStore Packs/Flooded_Grounds/Prefabs/Buildings/Cabins/Cabin2_Ext1.prefab
  artifactKey: Guid(c391fb740f9eb854b8f5f65fdee0e866) Importer(815301076,1909f56bfc062723c751e8b465ee728b)
Start importing Assets/AssetStore Packs/Flooded_Grounds/Prefabs/Buildings/Cabins/Cabin2_Ext1.prefab using Guid(c391fb740f9eb854b8f5f65fdee0e866) Importer(815301076,1909f56bfc062723c751e8b465ee728b)  -> (artifact id: '8502172215ae072fc16e377211c72021') in 0.272831 seconds 
  Import took 0.305499 seconds .

========================================================================
Received Import Request.
  Time since last request: 18.192599 seconds.
  path: Assets/AssetStore Packs/Flooded_Grounds/Prefabs/Buildings/Cabins
  artifactKey: Guid(fa2640ff92a9ce54aae6474bc256d09f) Importer(815301076,1909f56bfc062723c751e8b465ee728b)
Start importing Assets/AssetStore Packs/Flooded_Grounds/Prefabs/Buildings/Cabins using Guid(fa2640ff92a9ce54aae6474bc256d09f) Importer(815301076,1909f56bfc062723c751e8b465ee728b)  -> (artifact id: 'c60497fa2f112df9db676ede350a6eb9') in 0.015830 seconds 
  Import took 0.032667 seconds .

========================================================================
Received Import Request.
  Time since last request: 4.071524 seconds.
  path: Assets/AssetStore Packs/Flooded_Grounds/Prefabs/Buildings/Bridge
  artifactKey: Guid(8702cb03bebe7454a94b7bdbbbb6d8ff) Importer(815301076,1909f56bfc062723c751e8b465ee728b)
Start importing Assets/AssetStore Packs/Flooded_Grounds/Prefabs/Buildings/Bridge using Guid(8702cb03bebe7454a94b7bdbbbb6d8ff) Importer(815301076,1909f56bfc062723c751e8b465ee728b)  -> (artifact id: '3fa729a8064b9d9d1ac9f0a38780aaad') in 0.093599 seconds 
  Import took 0.116697 seconds .

========================================================================
Received Import Request.
  Time since last request: 14.280641 seconds.
  path: Assets/AssetStore Packs/Flooded_Grounds/PostProcessing
  artifactKey: Guid(86c33bd30cdaf2544ae2e5e9d9ebdb89) Importer(815301076,1909f56bfc062723c751e8b465ee728b)
Start importing Assets/AssetStore Packs/Flooded_Grounds/PostProcessing using Guid(86c33bd30cdaf2544ae2e5e9d9ebdb89) Importer(815301076,1909f56bfc062723c751e8b465ee728b)  -> (artifact id: '41001e5eb886a7770c639ec094f19bf7') in 0.017118 seconds 
  Import took 0.029540 seconds .

========================================================================
Received Prepare
Registering precompiled user dll's ...
Registered in 0.015943 seconds.
Begin MonoManager ReloadAssembly
Native extension for WindowsStandalone target not found
Refreshing native plugins compatible for Editor in 1.53 ms, found 5 plugins.
Preloading 0 native plugins for Editor in 0.00 ms.
Mono: successfully reloaded assembly
- Completed reload, in  2.248 seconds
Domain Reload Profiling:
	ReloadAssembly (2248ms)
		BeginReloadAssembly (214ms)
			ExecutionOrderSort (0ms)
			DisableScriptedObjects (8ms)
			BackupInstance (0ms)
			ReleaseScriptingObjects (0ms)
			CreateAndSetChildDomain (63ms)
		EndReloadAssembly (1909ms)
			LoadAssemblies (183ms)
			RebuildTransferFunctionScriptingTraits (0ms)
			SetupTypeCache (652ms)
			ReleaseScriptCaches (3ms)
			RebuildScriptCaches (138ms)
			SetupLoadedEditorAssemblies (729ms)
				LogAssemblyErrors (0ms)
				InitializePlatformSupportModulesInManaged (9ms)
				SetLoadedEditorAssemblies (1ms)
				RefreshPlugins (2ms)
				BeforeProcessingInitializeOnLoad (242ms)
				ProcessInitializeOnLoadAttributes (439ms)
				ProcessInitializeOnLoadMethodAttributes (19ms)
				AfterProcessingInitializeOnLoad (17ms)
				EditorAssembliesLoaded (0ms)
			ExecutionOrderSort2 (0ms)
			AwakeInstancesAfterBackupRestoration (11ms)
Platform modules already initialized, skipping
Refreshing native plugins compatible for Editor in 1.97 ms, found 5 plugins.
Preloading 0 native plugins for Editor in 0.00 ms.
Unloading 3810 Unused Serialized files (Serialized files now loaded: 0)
System memory in use before: 203.2 MB.
System memory in use after: 202.6 MB.

Unloading 69 unused Assets to reduce memory usage. Loaded Objects now: 4478.
Total: 7.372400 ms (FindLiveObjects: 0.802800 ms CreateObjectMapping: 0.429400 ms MarkObjects: 5.297100 ms  DeleteObjects: 0.840700 ms)

AssetImportParameters requested are different than current active one (requested -> active):
  custom:framework-win-MediaFoundation: 216162199b28c13a410421893ffa2e32 -> 
  custom:video-decoder-ogg-theora: a1e56fd34408186e4bbccfd4996cb3dc -> 
  custom:container-muxer-webm: aa71ff27fc2769a1b78a27578f13a17b -> 
  custom:container-demuxer-webm: 4f35f7cbe854078d1ac9338744f61a02 -> 
  custom:container-demuxer-ogg: 62fdf1f143b41e24485cea50d1cbac27 -> 
  custom:video-encoder-webm-vp8: eb34c28f22e8b96e1ab97ce403110664 -> 
  custom:video-decoder-webm-vp8: 9c59270c3fd7afecdb556c50c9e8de78 -> 
  custom:audio-decoder-ogg-vorbis: bf7c407c2cedff20999df2af8eb42d56 -> 
  custom:audio-encoder-webm-vorbis: bf7c407c2cedff20999df2af8eb42d56 -> 
========================================================================
Received Prepare
Refreshing native plugins compatible for Editor in 13.75 ms, found 5 plugins.
Preloading 0 native plugins for Editor in 0.00 ms.
Unloading 19 Unused Serialized files (Serialized files now loaded: 0)
System memory in use before: 128.3 MB.
System memory in use after: 127.7 MB.

Unloading 21 unused Assets to reduce memory usage. Loaded Objects now: 4478.
Total: 8.630500 ms (FindLiveObjects: 0.419700 ms CreateObjectMapping: 0.289200 ms MarkObjects: 6.725000 ms  DeleteObjects: 1.192500 ms)

AssetImportParameters requested are different than current active one (requested -> active):
  custom:framework-win-MediaFoundation: 216162199b28c13a410421893ffa2e32 -> 
  custom:video-decoder-ogg-theora: a1e56fd34408186e4bbccfd4996cb3dc -> 
  custom:container-muxer-webm: aa71ff27fc2769a1b78a27578f13a17b -> 
  custom:container-demuxer-webm: 4f35f7cbe854078d1ac9338744f61a02 -> 
  custom:container-demuxer-ogg: 62fdf1f143b41e24485cea50d1cbac27 -> 
  custom:video-encoder-webm-vp8: eb34c28f22e8b96e1ab97ce403110664 -> 
  custom:video-decoder-webm-vp8: 9c59270c3fd7afecdb556c50c9e8de78 -> 
  custom:audio-decoder-ogg-vorbis: bf7c407c2cedff20999df2af8eb42d56 -> 
  custom:audio-encoder-webm-vorbis: bf7c407c2cedff20999df2af8eb42d56 -> 
AssetImportWorkerClient::OnTransportError - code=2 error=End of file
